#
# A fatal error has been detected by the Java Runtime Environment:
#
#  EXCEPTION_ACCESS_VIOLATION (0xc0000005) at pc=0x00007ffbec7bf46d, pid=6808, tid=0x0000000000001fb4
#
# JRE version: Java(TM) SE Runtime Environment (8.0_131-b11) (build 1.8.0_131-b11)
# Java VM: Java HotSpot(TM) 64-Bit Server VM (25.131-b11 mixed mode windows-amd64 compressed oops)
# Problematic frame:
# C  [lwjgl_opengl.dll+0xf46d]
#
# Failed to write core dump. Minidumps are not enabled by default on client versions of Windows
#
# If you would like to submit a bug report, please visit:
#   http://bugreport.java.com/bugreport/crash.jsp
# The crash happened outside the Java Virtual Machine in native code.
# See problematic frame for where to report the bug.
#

---------------  T H R E A D  ---------------

Current thread (0x0000000004bd3800):  JavaThread "main" [_thread_in_native, id=8116, stack(0x0000000004ad0000,0x0000000004bd0000)]

siginfo: ExceptionCode=0xc0000005, reading address 0x0000000000000f58

Registers:
RAX=0x00000000526a0d50, RBX=0x00000000193b3fd8, RCX=0x0000000000000001, RDX=0x000000001c32bd5c
RSP=0x0000000004bcf038, RBP=0x0000000004bcf0b8, RSI=0x0000000000000020, RDI=0x0000000004cd7e70
R8 =0x0000000000000001, R9 =0x000000001c32bd5c, R10=0x0000000000000000, R11=0x000000005212bd80
R12=0x0000000000000000, R13=0x00000000193b3fd8, R14=0x0000000004bcf0e8, R15=0x0000000004bd3800
RIP=0x00007ffbec7bf46d, EFLAGS=0x0000000000010202

Top of Stack: (sp=0x0000000004bcf038)
0x0000000004bcf038:   0000000004ce7f74 0000000004cd7e70
0x0000000004bcf048:   0000000004ce7ceb 0000000004bd3800
0x0000000004bcf058:   00000000193b3fd8 0000000000000020
0x0000000004bcf068:   0000000004bd3800 0000000004ce7ca2
0x0000000004bcf078:   0000000004bcf078 00000000193b3fd8
0x0000000004bcf088:   0000000004bcf0e8 00000000193d7df8
0x0000000004bcf098:   0000000000000000 00000000193b3fd8
0x0000000004bcf0a8:   0000000000000000 0000000004bcf0d8
0x0000000004bcf0b8:   0000000004bcf130 0000000004cd835d
0x0000000004bcf0c8:   00000000d6527e98 0000000004ce19d8
0x0000000004bcf0d8:   000000001c32bd5c 00000000d66beb98
0x0000000004bcf0e8:   0000000000000001 0000000004bcf0f0
0x0000000004bcf0f8:   00000000193b414c 0000000004bcf160
0x0000000004bcf108:   00000000193d7df8 0000000000000000
0x0000000004bcf118:   00000000193b41b8 0000000004bcf0d8
0x0000000004bcf128:   0000000004bcf168 0000000004bcf1b0 

Instructions: (pc=0x00007ffbec7bf46d)
0x00007ffbec7bf44d:   00 41 8b c8 48 ff e0 cc cc cc cc cc cc cc cc cc
0x00007ffbec7bf45d:   cc cc cc 48 8b 01 49 8b d1 41 8b c8 4c 8b 50 18
0x00007ffbec7bf46d:   49 ff a2 58 0f 00 00 cc cc cc cc cc cc cc cc cc
0x00007ffbec7bf47d:   cc cc cc 48 8b 01 49 8b d1 41 8b c8 4c 8b 50 18 


Register to memory mapping:

RAX=0x00000000526a0d50 is an unknown value
RBX={method} {0x00000000193b3fe0} 'nglGenTextures' '(IJ)V' in 'org/lwjgl/opengl/GL11'
RCX=0x0000000000000001 is an unknown value
RDX=0x000000001c32bd5c is an unknown value
RSP=0x0000000004bcf038 is pointing into the stack for thread: 0x0000000004bd3800
RBP=0x0000000004bcf0b8 is pointing into the stack for thread: 0x0000000004bd3800
RSI=0x0000000000000020 is an unknown value
RDI=0x0000000004cd7e70 is at code_begin+1040 in an Interpreter codelet
invoke return entry points  [0x0000000004cd7a60, 0x0000000004cd8440]  2528 bytes
R8 =0x0000000000000001 is an unknown value
R9 =0x000000001c32bd5c is an unknown value
R10=0x0000000000000000 is an unknown value
R11=0x000000005212bd80 is an unknown value
R12=0x0000000000000000 is an unknown value
R13={method} {0x00000000193b3fe0} 'nglGenTextures' '(IJ)V' in 'org/lwjgl/opengl/GL11'
R14=0x0000000004bcf0e8 is pointing into the stack for thread: 0x0000000004bd3800
R15=0x0000000004bd3800 is a thread


Stack: [0x0000000004ad0000,0x0000000004bd0000],  sp=0x0000000004bcf038,  free space=1020k
Native frames: (J=compiled Java code, j=interpreted, Vv=VM code, C=native code)
C  [lwjgl_opengl.dll+0xf46d]

Java frames: (J=compiled Java code, j=interpreted, Vv=VM code)
j  org.lwjgl.opengl.GL11.nglGenTextures(IJ)V+0
j  org.lwjgl.opengl.GL11.glGenTextures()I+20
j  org.vrhel.graphics.Texture2D.<init>(Ljava/awt/image/BufferedImage;I)V+189
j  org.vrhel.graphics.Texture2D.<init>(Ljava/lang/String;I)V+13
j  org.vrhel.graphics.TestMain.main([Ljava/lang/String;)V+21
v  ~StubRoutines::call_stub

---------------  P R O C E S S  ---------------

Java Threads: ( => current thread )
  0x000000001b5e5000 JavaThread "AWT-Windows" daemon [_thread_in_native, id=18004, stack(0x000000001be30000,0x000000001bf30000)]
  0x000000001b5e2000 JavaThread "AWT-Shutdown" [_thread_blocked, id=12124, stack(0x000000001bd30000,0x000000001be30000)]
  0x000000001b5c5000 JavaThread "Java2D Disposer" daemon [_thread_blocked, id=8268, stack(0x000000001bc30000,0x000000001bd30000)]
  0x000000001985e000 JavaThread "Service Thread" daemon [_thread_blocked, id=18280, stack(0x000000001b650000,0x000000001b750000)]
  0x0000000019813000 JavaThread "C1 CompilerThread2" daemon [_thread_blocked, id=16848, stack(0x000000001b150000,0x000000001b250000)]
  0x0000000019805800 JavaThread "C2 CompilerThread1" daemon [_thread_blocked, id=2376, stack(0x000000001b050000,0x000000001b150000)]
  0x00000000197ff800 JavaThread "C2 CompilerThread0" daemon [_thread_blocked, id=15568, stack(0x000000001af50000,0x000000001b050000)]
  0x00000000197fe000 JavaThread "Attach Listener" daemon [_thread_blocked, id=6468, stack(0x000000001ae50000,0x000000001af50000)]
  0x00000000197fc800 JavaThread "Signal Dispatcher" daemon [_thread_blocked, id=16856, stack(0x000000001ad50000,0x000000001ae50000)]
  0x00000000197e8800 JavaThread "Finalizer" daemon [_thread_blocked, id=12416, stack(0x000000001aa60000,0x000000001ab60000)]
  0x0000000004cc4000 JavaThread "Reference Handler" daemon [_thread_blocked, id=10120, stack(0x000000001a960000,0x000000001aa60000)]
=>0x0000000004bd3800 JavaThread "main" [_thread_in_native, id=8116, stack(0x0000000004ad0000,0x0000000004bd0000)]

Other Threads:
  0x00000000197c7000 VMThread [stack: 0x000000001a860000,0x000000001a960000] [id=8024]
  0x000000001b295800 WatcherThread [stack: 0x000000001b750000,0x000000001b850000] [id=18116]

VM state:not at safepoint (normal execution)

VM Mutex/Monitor currently owned by a thread: None

Heap:
 PSYoungGen      total 38400K, used 8020K [0x00000000d5f00000, 0x00000000d8980000, 0x0000000100000000)
  eden space 33280K, 24% used [0x00000000d5f00000,0x00000000d66d5360,0x00000000d7f80000)
  from space 5120K, 0% used [0x00000000d8480000,0x00000000d8480000,0x00000000d8980000)
  to   space 5120K, 0% used [0x00000000d7f80000,0x00000000d7f80000,0x00000000d8480000)
 ParOldGen       total 87552K, used 0K [0x0000000081c00000, 0x0000000087180000, 0x00000000d5f00000)
  object space 87552K, 0% used [0x0000000081c00000,0x0000000081c00000,0x0000000087180000)
 Metaspace       used 7477K, capacity 7704K, committed 7808K, reserved 1056768K
  class space    used 805K, capacity 870K, committed 896K, reserved 1048576K

Card table byte_map: [0x0000000014090000,0x0000000014490000] byte_map_base: 0x0000000013c82000

Marking Bits: (ParMarkBitMap*) 0x000000005271c720
 Begin Bits: [0x0000000014b40000, 0x0000000016ad0000)
 End Bits:   [0x0000000016ad0000, 0x0000000018a60000)

Polling page: 0x00000000049f0000

CodeCache: size=245760Kb used=2151Kb max_used=2151Kb free=243608Kb
 bounds [0x0000000004cd0000, 0x0000000004f40000, 0x0000000013cd0000]
 total_blobs=886 nmethods=467 adapters=332
 compilation: enabled

Compilation events (10 events):
Event: 0.294 Thread 0x0000000019813000  462       3       java.lang.ClassLoader::getClassLoadingLock (35 bytes)
Event: 0.294 Thread 0x0000000019813000 nmethod 462 0x0000000004ee7d50 code [0x0000000004ee7ec0, 0x0000000004ee8288]
Event: 0.294 Thread 0x0000000019813000  463       3       java.lang.ClassLoader::findLoadedClass (16 bytes)
Event: 0.294 Thread 0x0000000019813000 nmethod 463 0x0000000004ee8410 code [0x0000000004ee8580, 0x0000000004ee87b8]
Event: 0.295 Thread 0x0000000019813000  465       1       sun.misc.URLClassPath$JarLoader::access$700 (5 bytes)
Event: 0.295 Thread 0x0000000019813000 nmethod 465 0x0000000004ee8850 code [0x0000000004ee89a0, 0x0000000004ee8a90]
Event: 0.296 Thread 0x0000000019813000  466       3       java.nio.Buffer::<init> (121 bytes)
Event: 0.296 Thread 0x0000000019813000 nmethod 466 0x0000000004ee8b10 code [0x0000000004ee8de0, 0x0000000004eea268]
Event: 0.297 Thread 0x0000000019813000  467       3       java.nio.Bits::byteOrder (20 bytes)
Event: 0.297 Thread 0x0000000019813000 nmethod 467 0x0000000004eeabd0 code [0x0000000004eead20, 0x0000000004eeae70]

GC Heap History (0 events):
No events

Deoptimization events (0 events):
No events

Internal exceptions (10 events):
Event: 0.095 Thread 0x0000000004bd3800 Exception <a 'java/security/PrivilegedActionException'> (0x00000000d60752b8) thrown at [C:\re\workspace\8-2-build-windows-amd64-cygwin\jdk8u131\8869\hotspot\src\share\vm\prims\jvm.cpp, line 1390]
Event: 0.095 Thread 0x0000000004bd3800 Exception <a 'java/security/PrivilegedActionException'> (0x00000000d60754c8) thrown at [C:\re\workspace\8-2-build-windows-amd64-cygwin\jdk8u131\8869\hotspot\src\share\vm\prims\jvm.cpp, line 1390]
Event: 0.095 Thread 0x0000000004bd3800 Exception <a 'java/security/PrivilegedActionException'> (0x00000000d60793d8) thrown at [C:\re\workspace\8-2-build-windows-amd64-cygwin\jdk8u131\8869\hotspot\src\share\vm\prims\jvm.cpp, line 1390]
Event: 0.095 Thread 0x0000000004bd3800 Exception <a 'java/security/PrivilegedActionException'> (0x00000000d60795e8) thrown at [C:\re\workspace\8-2-build-windows-amd64-cygwin\jdk8u131\8869\hotspot\src\share\vm\prims\jvm.cpp, line 1390]
Event: 0.099 Thread 0x0000000004bd3800 Exception <a 'java/io/FileNotFoundException'> (0x00000000d607baa8) thrown at [C:\re\workspace\8-2-build-windows-amd64-cygwin\jdk8u131\8869\hotspot\src\share\vm\prims\jni.cpp, line 709]
Event: 0.126 Thread 0x0000000004bd3800 Exception <a 'java/lang/NoSuchFieldError': method resolution failed> (0x00000000d6149280) thrown at [C:\re\workspace\8-2-build-windows-amd64-cygwin\jdk8u131\8869\hotspot\src\share\vm\prims\methodHandles.cpp, line 1146]
Event: 0.128 Thread 0x0000000004bd3800 Exception <a 'java/lang/NoSuchFieldError': method resolution failed> (0x00000000d6156650) thrown at [C:\re\workspace\8-2-build-windows-amd64-cygwin\jdk8u131\8869\hotspot\src\share\vm\prims\methodHandles.cpp, line 1146]
Event: 0.180 Thread 0x0000000004bd3800 Exception <a 'java/lang/NoSuchMethodError': java.lang.Object.lambda$static$0(Ljava/lang/String;)Ljava/lang/Boolean;> (0x00000000d62eaa90) thrown at [C:\re\workspace\8-2-build-windows-amd64-cygwin\jdk8u131\8869\hotspot\src\share\vm\interpreter\linkResolver
Event: 0.281 Thread 0x0000000004bd3800 Exception <a 'sun/nio/fs/WindowsException'> (0x00000000d6634608) thrown at [C:\re\workspace\8-2-build-windows-amd64-cygwin\jdk8u131\8869\hotspot\src\share\vm\prims\jni.cpp, line 709]
Event: 0.281 Thread 0x0000000004bd3800 Exception <a 'sun/nio/fs/WindowsException'> (0x00000000d6634e48) thrown at [C:\re\workspace\8-2-build-windows-amd64-cygwin\jdk8u131\8869\hotspot\src\share\vm\prims\jni.cpp, line 709]

Events (10 events):
Event: 0.294 loading class org/lwjgl/system/jni/JNINativeInterface
Event: 0.294 loading class org/lwjgl/system/jni/JNINativeInterface done
Event: 0.296 loading class org/lwjgl/system/windows/WinBase
Event: 0.296 loading class org/lwjgl/system/windows/WinBase done
Event: 0.297 loading class org/lwjgl/opengl/GL$1
Event: 0.297 loading class org/lwjgl/opengl/GL$1 done
Event: 0.298 loading class org/lwjgl/opengl/GL$SharedLibraryGL
Event: 0.298 loading class org/lwjgl/opengl/GL$SharedLibraryGL done
Event: 0.298 loading class org/lwjgl/system/SharedLibrary$Delegate
Event: 0.298 loading class org/lwjgl/system/SharedLibrary$Delegate done


Dynamic libraries:
0x00007ff76a4c0000 - 0x00007ff76a4f7000 	C:\Program Files\Java\jdk1.8.0_131\bin\javaw.exe
0x00007ffc19390000 - 0x00007ffc19570000 	C:\WINDOWS\SYSTEM32\ntdll.dll
0x00007ffc18930000 - 0x00007ffc189de000 	C:\WINDOWS\System32\KERNEL32.DLL
0x00007ffc16310000 - 0x00007ffc16576000 	C:\WINDOWS\System32\KERNELBASE.dll
0x00007ffc18f80000 - 0x00007ffc19021000 	C:\WINDOWS\System32\ADVAPI32.dll
0x00007ffc19030000 - 0x00007ffc190cd000 	C:\WINDOWS\System32\msvcrt.dll
0x00007ffc192e0000 - 0x00007ffc1933b000 	C:\WINDOWS\System32\sechost.dll
0x00007ffc16860000 - 0x00007ffc1697f000 	C:\WINDOWS\System32\RPCRT4.dll
0x00007ffc16980000 - 0x00007ffc16b0f000 	C:\WINDOWS\System32\USER32.dll
0x00007ffc16580000 - 0x00007ffc165a0000 	C:\WINDOWS\System32\win32u.dll
0x00007ffc189e0000 - 0x00007ffc18a08000 	C:\WINDOWS\System32\GDI32.dll
0x00007ffc16620000 - 0x00007ffc167b3000 	C:\WINDOWS\System32\gdi32full.dll
0x00007ffc167c0000 - 0x00007ffc1685b000 	C:\WINDOWS\System32\msvcp_win.dll
0x00007ffc16210000 - 0x00007ffc16306000 	C:\WINDOWS\System32\ucrtbase.dll
0x00007ffc08da0000 - 0x00007ffc09009000 	C:\WINDOWS\WinSxS\amd64_microsoft.windows.common-controls_6595b64144ccf1df_6.0.16299.371_none_15c7d1789365a290\COMCTL32.dll
0x00007ffc16db0000 - 0x00007ffc170b8000 	C:\WINDOWS\System32\combase.dll
0x00007ffc165a0000 - 0x00007ffc16612000 	C:\WINDOWS\System32\bcryptPrimitives.dll
0x00007ffc16bf0000 - 0x00007ffc16c1d000 	C:\WINDOWS\System32\IMM32.DLL
0x0000000051af0000 - 0x0000000051bc2000 	C:\Program Files\Java\jdk1.8.0_131\jre\bin\msvcr100.dll
0x0000000051f00000 - 0x000000005279c000 	C:\Program Files\Java\jdk1.8.0_131\jre\bin\server\jvm.dll
0x00007ffc16b10000 - 0x00007ffc16b18000 	C:\WINDOWS\System32\PSAPI.DLL
0x00007ffc115b0000 - 0x00007ffc115d3000 	C:\WINDOWS\SYSTEM32\WINMM.dll
0x00007ffc08630000 - 0x00007ffc08639000 	C:\WINDOWS\SYSTEM32\WSOCK32.dll
0x00007ffc16d30000 - 0x00007ffc16d9c000 	C:\WINDOWS\System32\WS2_32.dll
0x00007ffc09050000 - 0x00007ffc0905a000 	C:\WINDOWS\SYSTEM32\VERSION.dll
0x00007ffc11550000 - 0x00007ffc1157a000 	C:\WINDOWS\SYSTEM32\WINMMBASE.dll
0x00007ffc15790000 - 0x00007ffc157da000 	C:\WINDOWS\System32\cfgmgr32.dll
0x0000000052a30000 - 0x0000000052a3f000 	C:\Program Files\Java\jdk1.8.0_131\jre\bin\verify.dll
0x0000000052a00000 - 0x0000000052a29000 	C:\Program Files\Java\jdk1.8.0_131\jre\bin\java.dll
0x00000000529e0000 - 0x00000000529f6000 	C:\Program Files\Java\jdk1.8.0_131\jre\bin\zip.dll
0x00007ffc17230000 - 0x00007ffc18666000 	C:\WINDOWS\System32\SHELL32.dll
0x00007ffc17120000 - 0x00007ffc171c6000 	C:\WINDOWS\System32\shcore.dll
0x00007ffc15ac0000 - 0x00007ffc16207000 	C:\WINDOWS\System32\windows.storage.dll
0x00007ffc171d0000 - 0x00007ffc17221000 	C:\WINDOWS\System32\shlwapi.dll
0x00007ffc15700000 - 0x00007ffc15711000 	C:\WINDOWS\System32\kernel.appcore.dll
0x00007ffc15720000 - 0x00007ffc1576c000 	C:\WINDOWS\System32\powrprof.dll
0x00007ffc156e0000 - 0x00007ffc156fb000 	C:\WINDOWS\System32\profapi.dll
0x0000000051950000 - 0x0000000051ae8000 	C:\Program Files\Java\jdk1.8.0_131\jre\bin\awt.dll
0x00007ffc16b20000 - 0x00007ffc16be5000 	C:\WINDOWS\System32\OLEAUT32.dll
0x00007ffc136b0000 - 0x00007ffc13738000 	C:\WINDOWS\SYSTEM32\apphelp.dll
0x00007ffc13930000 - 0x00007ffc139c5000 	C:\WINDOWS\system32\uxtheme.dll
0x00007ffc187c0000 - 0x00007ffc18927000 	C:\WINDOWS\System32\MSCTF.dll
0x00007ffc13c20000 - 0x00007ffc13c4a000 	C:\WINDOWS\system32\dwmapi.dll
0x00007ffc18670000 - 0x00007ffc187b9000 	C:\WINDOWS\System32\ole32.dll
0x0000000051ee0000 - 0x0000000051efa000 	C:\Program Files\Java\jdk1.8.0_131\jre\bin\net.dll
0x00007ffc14f70000 - 0x00007ffc14fd6000 	C:\WINDOWS\system32\mswsock.dll
0x0000000051ec0000 - 0x0000000051ed1000 	C:\Program Files\Java\jdk1.8.0_131\jre\bin\nio.dll
0x00007ffbec670000 - 0x00007ffbec6cb000 	C:\Users\Ethan Vrhel\AppData\Local\Temp\lwjglEthan Vrhel\3.1.6-build-14\lwjgl.dll
0x00007ffbec7b0000 - 0x00007ffbec80f000 	C:\Users\Ethan Vrhel\AppData\Local\Temp\lwjglEthan Vrhel\3.1.6-build-14\lwjgl_opengl.dll
0x00007ffc07a60000 - 0x00007ffc07b7e000 	C:\WINDOWS\SYSTEM32\opengl32.dll
0x00007ffc093f0000 - 0x00007ffc0941c000 	C:\WINDOWS\SYSTEM32\GLU32.dll
0x00007ffc14440000 - 0x00007ffc14608000 	C:\WINDOWS\SYSTEM32\dbghelp.dll

VM Arguments:
jvm_args: -Dfile.encoding=Cp1252 
java_command: org.vrhel.graphics.TestMain
java_class_path (initial): C:\Program Files\Java\jdk1.8.0_131\jre\lib\resources.jar;C:\Program Files\Java\jdk1.8.0_131\jre\lib\rt.jar;C:\Program Files\Java\jdk1.8.0_131\jre\lib\jsse.jar;C:\Program Files\Java\jdk1.8.0_131\jre\lib\jce.jar;C:\Program Files\Java\jdk1.8.0_131\jre\lib\charsets.jar;C:\Program Files\Java\jdk1.8.0_131\jre\lib\jfr.jar;C:\Program Files\Java\jdk1.8.0_131\jre\lib\ext\access-bridge-64.jar;C:\Program Files\Java\jdk1.8.0_131\jre\lib\ext\cldrdata.jar;C:\Program Files\Java\jdk1.8.0_131\jre\lib\ext\dnsns.jar;C:\Program Files\Java\jdk1.8.0_131\jre\lib\ext\jaccess.jar;C:\Program Files\Java\jdk1.8.0_131\jre\lib\ext\jfxrt.jar;C:\Program Files\Java\jdk1.8.0_131\jre\lib\ext\localedata.jar;C:\Program Files\Java\jdk1.8.0_131\jre\lib\ext\nashorn.jar;C:\Program Files\Java\jdk1.8.0_131\jre\lib\ext\sunec.jar;C:\Program Files\Java\jdk1.8.0_131\jre\lib\ext\sunjce_provider.jar;C:\Program Files\Java\jdk1.8.0_131\jre\lib\ext\sunmscapi.jar;C:\Program Files\Java\jdk1.8.0_131\jre\lib\ext\sunpkcs11.jar;C:\Program Files\Java\jdk1.8.0_131\jre\lib\ext\zipfs.jar;C:\Users\Ethan Vrhel\Desktop\Chat\GraphicsEngine\bin;C:\Users\Ethan Vrhel\Desktop\lwjgl-stable-2018-02-09-custom\lwjgl.jar;C:\Users\Ethan Vrhel\Desktop\lwjgl-stable-2018-02-09-custom\lwjgl-assimp.jar;C:\Users\Ethan Vrhel\Desktop\lwjgl-stable-2018-02-09-custom\lwjgl-assimp-natives-windows.jar;C:\Users\Ethan Vrhel\Desktop\lwjgl-stable-2018-02-09-custom\lwjgl-bgfx.jar;C:\Users\Ethan Vrhel\Desktop\lwjgl-stable-2018-02-09-custom\lwjgl-bgfx-natives-windows.jar;C:\Users\Ethan Vrhel\Desktop\lwjgl-stable-2018-02-09-custom\lwjgl-egl.jar;C:\Users\Ethan Vrhel\Desktop\lwjgl-stable-2018-02-09-custom\lwjgl-glfw.jar;C:\Users\Ethan Vrhel\Desktop\lwjgl-stable-2018-02-09-custom\lwjgl-glfw-natives-windows.jar;C:\Users\Ethan Vrhel\Desktop\lwjgl-stable-2018-02-09-custom\lwjgl-jawt.jar;C:\Users\Ethan Vrhel\Desktop\lwjgl-stable-2018-02-09-custom\lwjgl-jemalloc.jar;C:\Users\Ethan Vrhel\Desktop\lwjgl-stable-2018-02-09-custom\lwjgl-jemalloc-n
Launcher Type: SUN_STANDARD

Environment Variables:
PATH=C:/Program Files/Java/jdk1.8.0_131/jre/bin/server;C:/Program Files/Java/jdk1.8.0_131/jre/bin;C:/Program Files/Java/jdk1.8.0_131/jre/lib/amd64;C:\Program Files (x86)\NVIDIA Corporation\PhysX\Common;C:\ProgramData\Oracle\Java\javapath;C:\Program Files\Microsoft MPI\Bin\;C:\Program Files (x86)\Intel\iCLS Client\;C:\Program Files\Intel\iCLS Client\;C:\WINDOWS\system32;C:\WINDOWS;C:\WINDOWS\System32\Wbem;C:\WINDOWS\System32\WindowsPowerShell\v1.0\;C:\Program Files (x86)\Intel\Intel(R) Management Engine Components\DAL;C:\Program Files\Intel\Intel(R) Management Engine Components\DAL;C:\Program Files (x86)\Intel\Intel(R) Management Engine Components\IPT;C:\Program Files\Intel\Intel(R) Management Engine Components\IPT;C:\Program Files\Microsoft SQL Server\130\Tools\Binn\;C:\Program Files\dotnet\;C:\Program Files\Anaconda3;C:\Program Files\Anaconda3\Scripts;C:\Program Files\Anaconda3\Library\bin;C:\Program Files\Git\cmd;C:\Program Files (x86)\GtkSharp\2.12\bin;C:\Program Files (x86)\JexePack;C:\Program Files (x86)\Skype\Phone\;C:\Program Files\TortoiseGit\bin;C:\Users\Ethan Vrhel\AppData\Local\Microsoft\WindowsApps;C:\Users\Ethan Vrhel\AppData\Local\GitHubDesktop\bin;C:\WINDOWS\system32;
USERNAME=Ethan Vrhel
OS=Windows_NT
PROCESSOR_IDENTIFIER=Intel64 Family 6 Model 142 Stepping 9, GenuineIntel



---------------  S Y S T E M  ---------------

OS: Windows 10.0 , 64 bit Build 16299 (10.0.16299.15)

CPU:total 4 (initial active 4) (2 cores per cpu, 2 threads per core) family 6 model 142 stepping 9, cmov, cx8, fxsr, mmx, sse, sse2, sse3, ssse3, sse4.1, sse4.2, popcnt, avx, avx2, aes, clmul, erms, 3dnowpref, lzcnt, ht, tsc, tscinvbit, bmi1, bmi2, adx

Memory: 4k page, physical 8270900k(2862756k free), swap 11285556k(1460004k free)

vm_info: Java HotSpot(TM) 64-Bit Server VM (25.131-b11) for windows-amd64 JRE (1.8.0_131-b11), built on Mar 15 2017 01:23:53 by "java_re" with MS VC++ 10.0 (VS2010)

time: Fri Apr 20 12:33:52 2018
elapsed time: 0 seconds (0d 0h 0m 0s)

