#
# A fatal error has been detected by the Java Runtime Environment:
#
#  EXCEPTION_ACCESS_VIOLATION (0xc0000005) at pc=0x00007ffc119ff46d, pid=13108, tid=0x00000000000002f4
#
# JRE version: Java(TM) SE Runtime Environment (8.0_131-b11) (build 1.8.0_131-b11)
# Java VM: Java HotSpot(TM) 64-Bit Server VM (25.131-b11 mixed mode windows-amd64 compressed oops)
# Problematic frame:
# C  [lwjgl_opengl.dll+0xf46d]
#
# Failed to write core dump. Minidumps are not enabled by default on client versions of Windows
#
# If you would like to submit a bug report, please visit:
#   http://bugreport.java.com/bugreport/crash.jsp
# The crash happened outside the Java Virtual Machine in native code.
# See problematic frame for where to report the bug.
#

---------------  T H R E A D  ---------------

Current thread (0x000000000491e800):  JavaThread "main" [_thread_in_native, id=756, stack(0x0000000004920000,0x0000000004a20000)]

siginfo: ExceptionCode=0xc0000005, reading address 0x0000000000000f58

Registers:
RAX=0x000000005c860d50, RBX=0x0000000019323f90, RCX=0x0000000000000001, RDX=0x000000001c22c2bc
RSP=0x0000000004a1ef58, RBP=0x0000000004a1efd8, RSI=0x00000000000050b8, RDI=0x00000001000c2f90
R8 =0x0000000000000001, R9 =0x000000001c22c2bc, R10=0x0000000000000000, R11=0x000000005c2ebd80
R12=0x0000000000000000, R13=0x0000000019323f90, R14=0x0000000004a1f008, R15=0x000000000491e800
RIP=0x00007ffc119ff46d, EFLAGS=0x0000000000010202

Top of Stack: (sp=0x0000000004a1ef58)
0x0000000004a1ef58:   0000000004b37f74 0000000004a1efa8
0x0000000004a1ef68:   0000000019161ed0 0000000000000000
0x0000000004a1ef78:   000000001915a6b8 0000000000000000
0x0000000004a1ef88:   0000000004a1efa0 0000000004a1eff0
0x0000000004a1ef98:   0000000004a1ef98 0000000000000000
0x0000000004a1efa8:   0000000004a1f008 0000000019349028
0x0000000004a1efb8:   0000000000000000 0000000019323f90
0x0000000004a1efc8:   0000000000000000 0000000004a1eff8
0x0000000004a1efd8:   0000000004a1f050 0000000004b2835d
0x0000000004a1efe8:   00000000d6742058 0000000004b319d8
0x0000000004a1eff8:   000000001c22c2bc 00000000d637ac80
0x0000000004a1f008:   0000000000000001 0000000004a1f010
0x0000000004a1f018:   0000000019324104 0000000004a1f080
0x0000000004a1f028:   0000000019349028 0000000025d22bd8
0x0000000004a1f038:   0000000019324170 0000000004a1eff8
0x0000000004a1f048:   0000000004a1f090 00000000d637aaf8 

Instructions: (pc=0x00007ffc119ff46d)
0x00007ffc119ff44d:   00 41 8b c8 48 ff e0 cc cc cc cc cc cc cc cc cc
0x00007ffc119ff45d:   cc cc cc 48 8b 01 49 8b d1 41 8b c8 4c 8b 50 18
0x00007ffc119ff46d:   49 ff a2 58 0f 00 00 cc cc cc cc cc cc cc cc cc
0x00007ffc119ff47d:   cc cc cc 48 8b 01 49 8b d1 41 8b c8 4c 8b 50 18 


Register to memory mapping:

RAX=0x000000005c860d50 is an unknown value
RBX={method} {0x0000000019323f98} 'nglGenTextures' '(IJ)V' in 'org/lwjgl/opengl/GL11'
RCX=0x0000000000000001 is an unknown value
RDX=0x000000001c22c2bc is an unknown value
RSP=0x0000000004a1ef58 is pointing into the stack for thread: 0x000000000491e800
RBP=0x0000000004a1efd8 is pointing into the stack for thread: 0x000000000491e800
RSI=0x00000000000050b8 is an unknown value
RDI=0x00000001000c2f90 is pointing into metadata
R8 =0x0000000000000001 is an unknown value
R9 =0x000000001c22c2bc is an unknown value
R10=0x0000000000000000 is an unknown value
R11=0x000000005c2ebd80 is an unknown value
R12=0x0000000000000000 is an unknown value
R13={method} {0x0000000019323f98} 'nglGenTextures' '(IJ)V' in 'org/lwjgl/opengl/GL11'
R14=0x0000000004a1f008 is pointing into the stack for thread: 0x000000000491e800
R15=0x000000000491e800 is a thread


Stack: [0x0000000004920000,0x0000000004a20000],  sp=0x0000000004a1ef58,  free space=1019k
Native frames: (J=compiled Java code, j=interpreted, Vv=VM code, C=native code)
C  [lwjgl_opengl.dll+0xf46d]

Java frames: (J=compiled Java code, j=interpreted, Vv=VM code)
j  org.lwjgl.opengl.GL11.nglGenTextures(IJ)V+0
j  org.lwjgl.opengl.GL11.glGenTextures()I+20
J 648 C2 org.vrhel.graphics.Texture2D.<init>(Ljava/awt/image/BufferedImage;I)V (265 bytes) @ 0x0000000004ded558 [0x0000000004ded0a0+0x4b8]
j  org.vrhel.graphics.Texture2D.<init>(Ljava/lang/String;I)V+13
j  org.vrhel.graphics.TestMain.main([Ljava/lang/String;)V+113
v  ~StubRoutines::call_stub

---------------  P R O C E S S  ---------------

Java Threads: ( => current thread )
  0x000000001c213000 JavaThread "Thread-2" daemon [_thread_blocked, id=17804, stack(0x00000000266d0000,0x00000000267d0000)]
  0x000000001bf52000 JavaThread "Thread-1" [_thread_in_native, id=15036, stack(0x000000001c720000,0x000000001c820000)]
  0x000000001b417000 JavaThread "AWT-Windows" daemon [_thread_in_native, id=13280, stack(0x000000001bc70000,0x000000001bd70000)]
  0x000000001b412000 JavaThread "Java2D Disposer" daemon [_thread_blocked, id=14616, stack(0x000000001ba70000,0x000000001bb70000)]
  0x00000000196ae000 JavaThread "Service Thread" daemon [_thread_blocked, id=18180, stack(0x000000001b490000,0x000000001b590000)]
  0x000000001967e000 JavaThread "C1 CompilerThread2" daemon [_thread_blocked, id=4544, stack(0x000000001af90000,0x000000001b090000)]
  0x0000000019655800 JavaThread "C2 CompilerThread1" daemon [_thread_blocked, id=12600, stack(0x000000001ae90000,0x000000001af90000)]
  0x000000001964e800 JavaThread "C2 CompilerThread0" daemon [_thread_blocked, id=5080, stack(0x000000001ad90000,0x000000001ae90000)]
  0x000000001964d000 JavaThread "Attach Listener" daemon [_thread_blocked, id=13956, stack(0x000000001ac90000,0x000000001ad90000)]
  0x000000001964b800 JavaThread "Signal Dispatcher" daemon [_thread_blocked, id=14140, stack(0x000000001ab90000,0x000000001ac90000)]
  0x0000000004b1b000 JavaThread "Finalizer" daemon [_thread_blocked, id=16876, stack(0x000000001a8a0000,0x000000001a9a0000)]
  0x0000000004b10000 JavaThread "Reference Handler" daemon [_thread_blocked, id=4928, stack(0x000000001a7a0000,0x000000001a8a0000)]
=>0x000000000491e800 JavaThread "main" [_thread_in_native, id=756, stack(0x0000000004920000,0x0000000004a20000)]

Other Threads:
  0x0000000019617800 VMThread [stack: 0x000000001a6a0000,0x000000001a7a0000] [id=16356]
  0x000000001b0d6000 WatcherThread [stack: 0x000000001b590000,0x000000001b690000] [id=5548]

VM state:not at safepoint (normal execution)

VM Mutex/Monitor currently owned by a thread: None

Heap:
 PSYoungGen      total 38400K, used 25826K [0x00000000d5f00000, 0x00000000d8980000, 0x0000000100000000)
  eden space 33280K, 77% used [0x00000000d5f00000,0x00000000d7838b88,0x00000000d7f80000)
  from space 5120K, 0% used [0x00000000d8480000,0x00000000d8480000,0x00000000d8980000)
  to   space 5120K, 0% used [0x00000000d7f80000,0x00000000d7f80000,0x00000000d8480000)
 ParOldGen       total 87552K, used 0K [0x0000000081c00000, 0x0000000087180000, 0x00000000d5f00000)
  object space 87552K, 0% used [0x0000000081c00000,0x0000000081c00000,0x0000000087180000)
 Metaspace       used 12263K, capacity 12551K, committed 12800K, reserved 1060864K
  class space    used 1051K, capacity 1170K, committed 1280K, reserved 1048576K

Card table byte_map: [0x0000000013ee0000,0x00000000142e0000] byte_map_base: 0x0000000013ad2000

Marking Bits: (ParMarkBitMap*) 0x000000005c8dc720
 Begin Bits: [0x0000000014990000, 0x0000000016920000)
 End Bits:   [0x0000000016920000, 0x00000000188b0000)

Polling page: 0x0000000003080000

CodeCache: size=245760Kb used=3107Kb max_used=3107Kb free=242653Kb
 bounds [0x0000000004b20000, 0x0000000004e30000, 0x0000000013b20000]
 total_blobs=1705 nmethods=767 adapters=851
 compilation: enabled

Compilation events (10 events):
Event: 1.215 Thread 0x000000001967e000  749       3       org.joml.Matrix4f::_m32 (7 bytes)
Event: 1.216 Thread 0x000000001967e000 nmethod 749 0x0000000004e253d0 code [0x0000000004e25520, 0x0000000004e25670]
Event: 1.216 Thread 0x000000001967e000  750       3       org.joml.Matrix4f::<init> (31 bytes)
Event: 1.216 Thread 0x000000001967e000 nmethod 750 0x0000000004e25710 code [0x0000000004e25860, 0x0000000004e25a30]
Event: 1.216 Thread 0x000000001967e000  751       3       org.joml.Matrix4f::_m01 (7 bytes)
Event: 1.216 Thread 0x000000001967e000 nmethod 751 0x0000000004e25ad0 code [0x0000000004e25c20, 0x0000000004e25d70]
Event: 1.217 Thread 0x000000001967e000  752       3       java.io.BufferedInputStream::getInIfOpen (21 bytes)
Event: 1.218 Thread 0x000000001967e000 nmethod 752 0x0000000004e25e10 code [0x0000000004e25f80, 0x0000000004e261c8]
Event: 1.218 Thread 0x000000001967e000  753       3       java.io.BufferedInputStream::fill (233 bytes)
Event: 1.221 Thread 0x000000001967e000 nmethod 753 0x0000000004e26290 code [0x0000000004e26500, 0x0000000004e273f8]

GC Heap History (0 events):
No events

Deoptimization events (2 events):
Event: 0.625 Thread 0x000000001bf52000 Uncommon trap: reason=unstable_if action=reinterpret pc=0x0000000004de10d0 method=org.vrhel.graphics.Texture2D.<init>(Ljava/awt/image/BufferedImage;I)V @ 195
Event: 0.635 Thread 0x000000001bf52000 Uncommon trap: reason=unstable_if action=reinterpret pc=0x0000000004debbc4 method=java.awt.image.BufferedImage.getRGB(IIII[III)[I @ 163

Internal exceptions (10 events):
Event: 0.108 Thread 0x000000000491e800 Exception <a 'java/security/PrivilegedActionException'> (0x00000000d604d838) thrown at [C:\re\workspace\8-2-build-windows-amd64-cygwin\jdk8u131\8869\hotspot\src\share\vm\prims\jvm.cpp, line 1390]
Event: 0.108 Thread 0x000000000491e800 Exception <a 'java/security/PrivilegedActionException'> (0x00000000d604da48) thrown at [C:\re\workspace\8-2-build-windows-amd64-cygwin\jdk8u131\8869\hotspot\src\share\vm\prims\jvm.cpp, line 1390]
Event: 0.108 Thread 0x000000000491e800 Exception <a 'java/security/PrivilegedActionException'> (0x00000000d6051958) thrown at [C:\re\workspace\8-2-build-windows-amd64-cygwin\jdk8u131\8869\hotspot\src\share\vm\prims\jvm.cpp, line 1390]
Event: 0.108 Thread 0x000000000491e800 Exception <a 'java/security/PrivilegedActionException'> (0x00000000d6051b68) thrown at [C:\re\workspace\8-2-build-windows-amd64-cygwin\jdk8u131\8869\hotspot\src\share\vm\prims\jvm.cpp, line 1390]
Event: 0.113 Thread 0x000000000491e800 Exception <a 'java/io/FileNotFoundException'> (0x00000000d6054028) thrown at [C:\re\workspace\8-2-build-windows-amd64-cygwin\jdk8u131\8869\hotspot\src\share\vm\prims\jni.cpp, line 709]
Event: 0.142 Thread 0x000000000491e800 Exception <a 'java/lang/NoSuchFieldError': method resolution failed> (0x00000000d6121430) thrown at [C:\re\workspace\8-2-build-windows-amd64-cygwin\jdk8u131\8869\hotspot\src\share\vm\prims\methodHandles.cpp, line 1146]
Event: 0.143 Thread 0x000000000491e800 Exception <a 'java/lang/NoSuchFieldError': method resolution failed> (0x00000000d612e800) thrown at [C:\re\workspace\8-2-build-windows-amd64-cygwin\jdk8u131\8869\hotspot\src\share\vm\prims\methodHandles.cpp, line 1146]
Event: 0.185 Thread 0x000000000491e800 Exception <a 'java/lang/NoSuchMethodError': java.lang.Object.lambda$static$0(Ljava/lang/String;)Ljava/lang/Boolean;> (0x00000000d620fbc0) thrown at [C:\re\workspace\8-2-build-windows-amd64-cygwin\jdk8u131\8869\hotspot\src\share\vm\interpreter\linkResolver
Event: 0.358 Thread 0x000000001bf52000 Exception <a 'sun/nio/fs/WindowsException'> (0x00000000d661e5b8) thrown at [C:\re\workspace\8-2-build-windows-amd64-cygwin\jdk8u131\8869\hotspot\src\share\vm\prims\jni.cpp, line 709]
Event: 0.359 Thread 0x000000001bf52000 Exception <a 'sun/nio/fs/WindowsException'> (0x00000000d661edf8) thrown at [C:\re\workspace\8-2-build-windows-amd64-cygwin\jdk8u131\8869\hotspot\src\share\vm\prims\jni.cpp, line 709]

Events (10 events):
Event: 0.765 loading class org/joml/Vector2i done
Event: 0.765 loading class org/joml/Vector2ic
Event: 0.765 loading class org/joml/Vector2ic done
Event: 0.766 loading class org/joml/Quaternionf
Event: 0.766 loading class org/joml/Quaternionf done
Event: 0.767 loading class org/joml/Quaternionfc
Event: 0.767 loading class org/joml/Quaternionfc done
Event: 1.208 Thread 0x000000001c213000 Thread added: 0x000000001c213000
Event: 1.209 loading class org/vrhel/graphics/Input
Event: 1.210 loading class org/vrhel/graphics/Input done


Dynamic libraries:
0x00007ff73d300000 - 0x00007ff73d337000 	C:\Program Files\Java\jdk1.8.0_131\bin\javaw.exe
0x00007ffc2ee80000 - 0x00007ffc2f060000 	C:\WINDOWS\SYSTEM32\ntdll.dll
0x00007ffc2ded0000 - 0x00007ffc2df7e000 	C:\WINDOWS\System32\KERNEL32.DLL
0x00007ffc2bfe0000 - 0x00007ffc2c246000 	C:\WINDOWS\System32\KERNELBASE.dll
0x00007ffc2dcf0000 - 0x00007ffc2dd91000 	C:\WINDOWS\System32\ADVAPI32.dll
0x00007ffc2e160000 - 0x00007ffc2e1fd000 	C:\WINDOWS\System32\msvcrt.dll
0x00007ffc2e7b0000 - 0x00007ffc2e80b000 	C:\WINDOWS\System32\sechost.dll
0x00007ffc2e480000 - 0x00007ffc2e59f000 	C:\WINDOWS\System32\RPCRT4.dll
0x00007ffc2e920000 - 0x00007ffc2eaaf000 	C:\WINDOWS\System32\USER32.dll
0x00007ffc2c2d0000 - 0x00007ffc2c2f0000 	C:\WINDOWS\System32\win32u.dll
0x00007ffc2e200000 - 0x00007ffc2e228000 	C:\WINDOWS\System32\GDI32.dll
0x00007ffc2bcf0000 - 0x00007ffc2be83000 	C:\WINDOWS\System32\gdi32full.dll
0x00007ffc2bf40000 - 0x00007ffc2bfdb000 	C:\WINDOWS\System32\msvcp_win.dll
0x00007ffc2bbf0000 - 0x00007ffc2bce6000 	C:\WINDOWS\System32\ucrtbase.dll
0x00007ffc1d010000 - 0x00007ffc1d279000 	C:\WINDOWS\WinSxS\amd64_microsoft.windows.common-controls_6595b64144ccf1df_6.0.16299.371_none_15c7d1789365a290\COMCTL32.dll
0x00007ffc2eab0000 - 0x00007ffc2edb8000 	C:\WINDOWS\System32\combase.dll
0x00007ffc2c250000 - 0x00007ffc2c2c2000 	C:\WINDOWS\System32\bcryptPrimitives.dll
0x00007ffc2e130000 - 0x00007ffc2e15d000 	C:\WINDOWS\System32\IMM32.DLL
0x000000005bd60000 - 0x000000005be32000 	C:\Program Files\Java\jdk1.8.0_131\jre\bin\msvcr100.dll
0x000000005c0c0000 - 0x000000005c95c000 	C:\Program Files\Java\jdk1.8.0_131\jre\bin\server\jvm.dll
0x00007ffc2e5a0000 - 0x00007ffc2e5a8000 	C:\WINDOWS\System32\PSAPI.DLL
0x00007ffc1d2c0000 - 0x00007ffc1d2ca000 	C:\WINDOWS\SYSTEM32\VERSION.dll
0x00007ffc28a70000 - 0x00007ffc28a93000 	C:\WINDOWS\SYSTEM32\WINMM.dll
0x00007ffc1b7b0000 - 0x00007ffc1b7b9000 	C:\WINDOWS\SYSTEM32\WSOCK32.dll
0x00007ffc2ddc0000 - 0x00007ffc2de2c000 	C:\WINDOWS\System32\WS2_32.dll
0x00007ffc28690000 - 0x00007ffc286ba000 	C:\WINDOWS\SYSTEM32\WINMMBASE.dll
0x00007ffc2b280000 - 0x00007ffc2b2ca000 	C:\WINDOWS\System32\cfgmgr32.dll
0x000000005bfd0000 - 0x000000005bfdf000 	C:\Program Files\Java\jdk1.8.0_131\jre\bin\verify.dll
0x000000005bfa0000 - 0x000000005bfc9000 	C:\Program Files\Java\jdk1.8.0_131\jre\bin\java.dll
0x000000005bf80000 - 0x000000005bf96000 	C:\Program Files\Java\jdk1.8.0_131\jre\bin\zip.dll
0x00007ffc2c460000 - 0x00007ffc2d896000 	C:\WINDOWS\System32\SHELL32.dll
0x00007ffc2c350000 - 0x00007ffc2c3f6000 	C:\WINDOWS\System32\shcore.dll
0x00007ffc2b4a0000 - 0x00007ffc2bbe7000 	C:\WINDOWS\System32\windows.storage.dll
0x00007ffc2df80000 - 0x00007ffc2dfd1000 	C:\WINDOWS\System32\shlwapi.dll
0x00007ffc2b210000 - 0x00007ffc2b221000 	C:\WINDOWS\System32\kernel.appcore.dll
0x00007ffc2b230000 - 0x00007ffc2b27c000 	C:\WINDOWS\System32\powrprof.dll
0x00007ffc2b1d0000 - 0x00007ffc2b1eb000 	C:\WINDOWS\System32\profapi.dll
0x000000005bb40000 - 0x000000005bcd8000 	C:\Program Files\Java\jdk1.8.0_131\jre\bin\awt.dll
0x00007ffc2e230000 - 0x00007ffc2e2f5000 	C:\WINDOWS\System32\OLEAUT32.dll
0x00007ffc29040000 - 0x00007ffc290c8000 	C:\WINDOWS\SYSTEM32\apphelp.dll
0x00007ffc29410000 - 0x00007ffc294a5000 	C:\WINDOWS\system32\uxtheme.dll
0x00007ffc2e300000 - 0x00007ffc2e467000 	C:\WINDOWS\System32\MSCTF.dll
0x00007ffc29680000 - 0x00007ffc296aa000 	C:\WINDOWS\system32\dwmapi.dll
0x00007ffc2dfe0000 - 0x00007ffc2e129000 	C:\WINDOWS\System32\ole32.dll
0x000000005bf60000 - 0x000000005bf7a000 	C:\Program Files\Java\jdk1.8.0_131\jre\bin\net.dll
0x00007ffc2aa60000 - 0x00007ffc2aac6000 	C:\WINDOWS\system32\mswsock.dll
0x000000005bf40000 - 0x000000005bf51000 	C:\Program Files\Java\jdk1.8.0_131\jre\bin\nio.dll
0x00007ffc18bf0000 - 0x00007ffc18c4b000 	C:\Users\Ethan Vrhel\AppData\Local\Temp\lwjglEthan Vrhel\3.1.6-build-14\lwjgl.dll
0x00007ffc171e0000 - 0x00007ffc17231000 	C:\Users\ETHANV~1\AppData\Local\Temp\lwjglEthan Vrhel\3.1.6-build-14\glfw.dll
0x00007ffc18340000 - 0x00007ffc18383000 	C:\WINDOWS\SYSTEM32\dinput8.dll
0x00007ffc22ae0000 - 0x00007ffc22af0000 	C:\WINDOWS\SYSTEM32\xinput1_4.dll
0x00007ffc2afe0000 - 0x00007ffc2b007000 	C:\WINDOWS\SYSTEM32\DEVOBJ.dll
0x00007ffc26640000 - 0x00007ffc2666e000 	C:\WINDOWS\SYSTEM32\inputhost.dll
0x00007ffc27bb0000 - 0x00007ffc27c8c000 	C:\WINDOWS\SYSTEM32\CoreMessaging.dll
0x00007ffc268f0000 - 0x00007ffc26bde000 	C:\WINDOWS\SYSTEM32\CoreUIComponents.dll
0x00007ffc2a300000 - 0x00007ffc2a331000 	C:\WINDOWS\SYSTEM32\ntmarta.dll
0x00007ffc267b0000 - 0x00007ffc268e6000 	C:\WINDOWS\SYSTEM32\wintypes.dll
0x00007ffc29f80000 - 0x00007ffc29f8c000 	C:\WINDOWS\SYSTEM32\HID.DLL
0x00007ffc2d8a0000 - 0x00007ffc2dcee000 	C:\WINDOWS\System32\SETUPAPI.DLL
0x00007ffc2c2f0000 - 0x00007ffc2c348000 	C:\WINDOWS\System32\WINTRUST.dll
0x00007ffc2b1f0000 - 0x00007ffc2b202000 	C:\WINDOWS\System32\MSASN1.dll
0x00007ffc2b2d0000 - 0x00007ffc2b49e000 	C:\WINDOWS\System32\CRYPT32.dll
0x00007ffc1afd0000 - 0x00007ffc1b0ee000 	C:\WINDOWS\SYSTEM32\opengl32.dll
0x00007ffc1ad20000 - 0x00007ffc1ad4c000 	C:\WINDOWS\SYSTEM32\GLU32.dll
0x00007ffbe1680000 - 0x00007ffbe2559000 	C:\WINDOWS\System32\DriverStore\FileRepository\ki123998.inf_amd64_ba42940b1dcc815f\ig9icd64.dll
0x00007ffc29d00000 - 0x00007ffc29d13000 	C:\WINDOWS\SYSTEM32\WTSAPI32.dll
0x00007ffc29fe0000 - 0x00007ffc2a08f000 	C:\WINDOWS\SYSTEM32\dxgi.dll
0x00007ffc22ef0000 - 0x00007ffc244f2000 	C:\WINDOWS\System32\DriverStore\FileRepository\ki123998.inf_amd64_ba42940b1dcc815f\igc64.dll
0x00007ffc20560000 - 0x00007ffc205f8000 	C:\WINDOWS\System32\TextInputFramework.dll
0x00007ffc119f0000 - 0x00007ffc11a4f000 	C:\Users\Ethan Vrhel\AppData\Local\Temp\lwjglEthan Vrhel\3.1.6-build-14\lwjgl_opengl.dll
0x00007ffc29b30000 - 0x00007ffc29cf8000 	C:\WINDOWS\SYSTEM32\dbghelp.dll

VM Arguments:
jvm_args: -Dfile.encoding=Cp1252 
java_command: org.vrhel.graphics.TestMain
java_class_path (initial): C:\Program Files\Java\jdk1.8.0_131\jre\lib\resources.jar;C:\Program Files\Java\jdk1.8.0_131\jre\lib\rt.jar;C:\Program Files\Java\jdk1.8.0_131\jre\lib\jsse.jar;C:\Program Files\Java\jdk1.8.0_131\jre\lib\jce.jar;C:\Program Files\Java\jdk1.8.0_131\jre\lib\charsets.jar;C:\Program Files\Java\jdk1.8.0_131\jre\lib\jfr.jar;C:\Program Files\Java\jdk1.8.0_131\jre\lib\ext\access-bridge-64.jar;C:\Program Files\Java\jdk1.8.0_131\jre\lib\ext\cldrdata.jar;C:\Program Files\Java\jdk1.8.0_131\jre\lib\ext\dnsns.jar;C:\Program Files\Java\jdk1.8.0_131\jre\lib\ext\jaccess.jar;C:\Program Files\Java\jdk1.8.0_131\jre\lib\ext\jfxrt.jar;C:\Program Files\Java\jdk1.8.0_131\jre\lib\ext\localedata.jar;C:\Program Files\Java\jdk1.8.0_131\jre\lib\ext\nashorn.jar;C:\Program Files\Java\jdk1.8.0_131\jre\lib\ext\sunec.jar;C:\Program Files\Java\jdk1.8.0_131\jre\lib\ext\sunjce_provider.jar;C:\Program Files\Java\jdk1.8.0_131\jre\lib\ext\sunmscapi.jar;C:\Program Files\Java\jdk1.8.0_131\jre\lib\ext\sunpkcs11.jar;C:\Program Files\Java\jdk1.8.0_131\jre\lib\ext\zipfs.jar;C:\db\Dropbox\Chat\GraphicsEngine\bin;C:\db\res\joml\joml-1.9.9.jar;C:\db\res\lwjgl\lwjgl.jar;C:\db\res\lwjgl\lwjgl-glfw.jar;C:\db\res\lwjgl\lwjgl-glfw-natives-windows.jar;C:\db\res\lwjgl\lwjgl-opengl.jar;C:\db\res\lwjgl\lwjgl-opengl-natives-windows.jar;C:\db\res\lwjgl\lwjgl-natives-windows.jar
Launcher Type: SUN_STANDARD

Environment Variables:
PATH=C:/Program Files/Java/jdk1.8.0_131/jre/bin/server;C:/Program Files/Java/jdk1.8.0_131/jre/bin;C:/Program Files/Java/jdk1.8.0_131/jre/lib/amd64;C:\Program Files (x86)\NVIDIA Corporation\PhysX\Common;C:\ProgramData\Oracle\Java\javapath;C:\Program Files\Microsoft MPI\Bin\;C:\Program Files (x86)\Intel\iCLS Client\;C:\Program Files\Intel\iCLS Client\;C:\WINDOWS\system32;C:\WINDOWS;C:\WINDOWS\System32\Wbem;C:\WINDOWS\System32\WindowsPowerShell\v1.0\;C:\Program Files (x86)\Intel\Intel(R) Management Engine Components\DAL;C:\Program Files\Intel\Intel(R) Management Engine Components\DAL;C:\Program Files (x86)\Intel\Intel(R) Management Engine Components\IPT;C:\Program Files\Intel\Intel(R) Management Engine Components\IPT;C:\Program Files\Microsoft SQL Server\130\Tools\Binn\;C:\Program Files\dotnet\;C:\Program Files\Anaconda3;C:\Program Files\Anaconda3\Scripts;C:\Program Files\Anaconda3\Library\bin;C:\Program Files\Git\cmd;C:\Program Files (x86)\GtkSharp\2.12\bin;C:\Program Files (x86)\JexePack;C:\Program Files (x86)\Skype\Phone\;C:\Program Files\TortoiseGit\bin;C:\Users\Ethan Vrhel\AppData\Local\Microsoft\WindowsApps;C:\Users\Ethan Vrhel\AppData\Local\GitHubDesktop\bin;C:\WINDOWS\system32;
USERNAME=Ethan Vrhel
OS=Windows_NT
PROCESSOR_IDENTIFIER=Intel64 Family 6 Model 142 Stepping 9, GenuineIntel



---------------  S Y S T E M  ---------------

OS: Windows 10.0 , 64 bit Build 16299 (10.0.16299.15)

CPU:total 4 (initial active 4) (2 cores per cpu, 2 threads per core) family 6 model 142 stepping 9, cmov, cx8, fxsr, mmx, sse, sse2, sse3, ssse3, sse4.1, sse4.2, popcnt, avx, avx2, aes, clmul, erms, 3dnowpref, lzcnt, ht, tsc, tscinvbit, bmi1, bmi2, adx

Memory: 4k page, physical 8270900k(3603312k free), swap 10499124k(2985368k free)

vm_info: Java HotSpot(TM) 64-Bit Server VM (25.131-b11) for windows-amd64 JRE (1.8.0_131-b11), built on Mar 15 2017 01:23:53 by "java_re" with MS VC++ 10.0 (VS2010)

time: Wed May 02 23:33:09 2018
elapsed time: 1 seconds (0d 0h 0m 1s)

