#
# A fatal error has been detected by the Java Runtime Environment:
#
#  EXCEPTION_ACCESS_VIOLATION (0xc0000005) at pc=0x00007ffbec7bf46d, pid=7452, tid=0x00000000000019ac
#
# JRE version: Java(TM) SE Runtime Environment (8.0_131-b11) (build 1.8.0_131-b11)
# Java VM: Java HotSpot(TM) 64-Bit Server VM (25.131-b11 mixed mode windows-amd64 compressed oops)
# Problematic frame:
# C  [lwjgl_opengl.dll+0xf46d]
#
# Failed to write core dump. Minidumps are not enabled by default on client versions of Windows
#
# If you would like to submit a bug report, please visit:
#   http://bugreport.java.com/bugreport/crash.jsp
# The crash happened outside the Java Virtual Machine in native code.
# See problematic frame for where to report the bug.
#

---------------  T H R E A D  ---------------

Current thread (0x000000001b3d9800):  JavaThread "Thread-1" [_thread_in_native, id=6572, stack(0x000000001c6c0000,0x000000001c7c0000)]

siginfo: ExceptionCode=0xc0000005, reading address 0x0000000000000f58

Registers:
RAX=0x00000000526a0d50, RBX=0x0000000019340860, RCX=0x0000000000000001, RDX=0x000000001bf6097c
RSP=0x000000001c7bf1d8, RBP=0x000000001c7bf258, RSI=0x0000000000000998, RDI=0x0000000004a97e70
R8 =0x0000000000000001, R9 =0x000000001bf6097c, R10=0x0000000000000000, R11=0x000000005212bd80
R12=0x0000000000000000, R13=0x0000000019340860, R14=0x000000001c7bf288, R15=0x000000001b3d9800
RIP=0x00007ffbec7bf46d, EFLAGS=0x0000000000010202

Top of Stack: (sp=0x000000001c7bf1d8)
0x000000001c7bf1d8:   0000000004aa7f74 0000000004a97e70
0x000000001c7bf1e8:   0000000004aa7ceb 000000001b3d9800
0x000000001c7bf1f8:   0000000019340860 0000000000000998
0x000000001c7bf208:   000000001b3d9800 0000000004aa7ca2
0x000000001c7bf218:   000000001c7bf218 0000000019340860
0x000000001c7bf228:   000000001c7bf288 00000000193646e8
0x000000001c7bf238:   0000000000000000 0000000019340860
0x000000001c7bf248:   0000000000000000 000000001c7bf278
0x000000001c7bf258:   000000001c7bf2d0 0000000004a9835d
0x000000001c7bf268:   00000000d6817640 0000000004aa19d8
0x000000001c7bf278:   000000001bf6097c 00000000d688a848
0x000000001c7bf288:   0000000000000001 000000001c7bf290
0x000000001c7bf298:   00000000193409d4 000000001c7bf300
0x000000001c7bf2a8:   00000000193646e8 0000000000000000
0x000000001c7bf2b8:   0000000019340a40 000000001c7bf278
0x000000001c7bf2c8:   000000001c7bf308 000000001c7bf348 

Instructions: (pc=0x00007ffbec7bf46d)
0x00007ffbec7bf44d:   00 41 8b c8 48 ff e0 cc cc cc cc cc cc cc cc cc
0x00007ffbec7bf45d:   cc cc cc 48 8b 01 49 8b d1 41 8b c8 4c 8b 50 18
0x00007ffbec7bf46d:   49 ff a2 58 0f 00 00 cc cc cc cc cc cc cc cc cc
0x00007ffbec7bf47d:   cc cc cc 48 8b 01 49 8b d1 41 8b c8 4c 8b 50 18 


Register to memory mapping:

RAX=0x00000000526a0d50 is an unknown value
RBX={method} {0x0000000019340868} 'nglGenTextures' '(IJ)V' in 'org/lwjgl/opengl/GL11'
RCX=0x0000000000000001 is an unknown value
RDX=0x000000001bf6097c is an unknown value
RSP=0x000000001c7bf1d8 is pointing into the stack for thread: 0x000000001b3d9800
RBP=0x000000001c7bf258 is pointing into the stack for thread: 0x000000001b3d9800
RSI=0x0000000000000998 is an unknown value
RDI=0x0000000004a97e70 is at code_begin+1040 in an Interpreter codelet
invoke return entry points  [0x0000000004a97a60, 0x0000000004a98440]  2528 bytes
R8 =0x0000000000000001 is an unknown value
R9 =0x000000001bf6097c is an unknown value
R10=0x0000000000000000 is an unknown value
R11=0x000000005212bd80 is an unknown value
R12=0x0000000000000000 is an unknown value
R13={method} {0x0000000019340868} 'nglGenTextures' '(IJ)V' in 'org/lwjgl/opengl/GL11'
R14=0x000000001c7bf288 is pointing into the stack for thread: 0x000000001b3d9800
R15=0x000000001b3d9800 is a thread


Stack: [0x000000001c6c0000,0x000000001c7c0000],  sp=0x000000001c7bf1d8,  free space=1020k
Native frames: (J=compiled Java code, j=interpreted, Vv=VM code, C=native code)
C  [lwjgl_opengl.dll+0xf46d]

Java frames: (J=compiled Java code, j=interpreted, Vv=VM code)
j  org.lwjgl.opengl.GL11.nglGenTextures(IJ)V+0
j  org.lwjgl.opengl.GL11.glGenTextures()I+20
j  org.vrhel.graphics.GraphicsWindow.loadTexture(Ljava/awt/image/BufferedImage;)I+157
j  org.vrhel.graphics.GraphicsWindow.loop()V+97
j  org.vrhel.graphics.GraphicsWindow.run()V+27
j  java.lang.Thread.run()V+11
v  ~StubRoutines::call_stub

---------------  P R O C E S S  ---------------

Java Threads: ( => current thread )
=>0x000000001b3d9800 JavaThread "Thread-1" [_thread_in_native, id=6572, stack(0x000000001c6c0000,0x000000001c7c0000)]
  0x000000001b3b3000 JavaThread "AWT-Windows" daemon [_thread_in_native, id=15212, stack(0x000000001bc00000,0x000000001bd00000)]
  0x000000001b3af800 JavaThread "AWT-Shutdown" [_thread_blocked, id=11300, stack(0x000000001bb00000,0x000000001bc00000)]
  0x000000001b3af000 JavaThread "Java2D Disposer" daemon [_thread_blocked, id=9712, stack(0x000000001ba00000,0x000000001bb00000)]
  0x000000001961d800 JavaThread "Service Thread" daemon [_thread_blocked, id=3364, stack(0x000000001b420000,0x000000001b520000)]
  0x00000000195c9800 JavaThread "C1 CompilerThread2" daemon [_thread_blocked, id=15680, stack(0x000000001af20000,0x000000001b020000)]
  0x00000000195c2800 JavaThread "C2 CompilerThread1" daemon [_thread_blocked, id=4416, stack(0x000000001ae20000,0x000000001af20000)]
  0x00000000195c0000 JavaThread "C2 CompilerThread0" daemon [_thread_blocked, id=14740, stack(0x000000001ad20000,0x000000001ae20000)]
  0x00000000195be800 JavaThread "Attach Listener" daemon [_thread_blocked, id=12284, stack(0x000000001ac20000,0x000000001ad20000)]
  0x00000000195bd800 JavaThread "Signal Dispatcher" daemon [_thread_blocked, id=12332, stack(0x000000001ab20000,0x000000001ac20000)]
  0x00000000195a9000 JavaThread "Finalizer" daemon [_thread_blocked, id=15324, stack(0x000000001a830000,0x000000001a930000)]
  0x0000000004a83000 JavaThread "Reference Handler" daemon [_thread_blocked, id=16672, stack(0x000000001a730000,0x000000001a830000)]
  0x0000000004993800 JavaThread "main" [_thread_blocked, id=2812, stack(0x0000000004890000,0x0000000004990000)]

Other Threads:
  0x0000000019587000 VMThread [stack: 0x000000001a630000,0x000000001a730000] [id=16740]
  0x000000001961e800 WatcherThread [stack: 0x000000001b520000,0x000000001b620000] [id=15524]

VM state:not at safepoint (normal execution)

VM Mutex/Monitor currently owned by a thread: None

Heap:
 PSYoungGen      total 38400K, used 10203K [0x00000000d5f00000, 0x00000000d8980000, 0x0000000100000000)
  eden space 33280K, 30% used [0x00000000d5f00000,0x00000000d68f6f68,0x00000000d7f80000)
  from space 5120K, 0% used [0x00000000d8480000,0x00000000d8480000,0x00000000d8980000)
  to   space 5120K, 0% used [0x00000000d7f80000,0x00000000d7f80000,0x00000000d8480000)
 ParOldGen       total 87552K, used 0K [0x0000000081c00000, 0x0000000087180000, 0x00000000d5f00000)
  object space 87552K, 0% used [0x0000000081c00000,0x0000000081c00000,0x0000000087180000)
 Metaspace       used 8322K, capacity 8574K, committed 8704K, reserved 1056768K
  class space    used 873K, capacity 969K, committed 1024K, reserved 1048576K

Card table byte_map: [0x0000000013e50000,0x0000000014250000] byte_map_base: 0x0000000013a42000

Marking Bits: (ParMarkBitMap*) 0x000000005271c720
 Begin Bits: [0x0000000014900000, 0x0000000016890000)
 End Bits:   [0x0000000016890000, 0x0000000018820000)

Polling page: 0x00000000030e0000

CodeCache: size=245760Kb used=2515Kb max_used=2515Kb free=243244Kb
 bounds [0x0000000004a90000, 0x0000000004d10000, 0x0000000013a90000]
 total_blobs=1398 nmethods=552 adapters=759
 compilation: enabled

Compilation events (10 events):
Event: 0.522 Thread 0x00000000195c9800  548       3       java.util.regex.ASCII::getType (17 bytes)
Event: 0.522 Thread 0x00000000195c9800 nmethod 548 0x0000000004d03c50 code [0x0000000004d03dc0, 0x0000000004d03f90]
Event: 0.522 Thread 0x00000000195c9800  549       3       java.util.regex.Pattern$5::isSatisfiedBy (28 bytes)
Event: 0.523 Thread 0x00000000195c9800 nmethod 549 0x0000000004d04050 code [0x0000000004d041e0, 0x0000000004d04578]
Event: 0.523 Thread 0x00000000195c9800  550       3       java.util.WeakHashMap::getTable (9 bytes)
Event: 0.523 Thread 0x00000000195c9800 nmethod 550 0x0000000004d04690 code [0x0000000004d04800, 0x0000000004d049a8]
Event: 0.524 Thread 0x00000000195c9800  551       3       java.lang.String::concat (47 bytes)
Event: 0.524 Thread 0x00000000195c9800 nmethod 551 0x0000000004d04a50 code [0x0000000004d04c20, 0x0000000004d053d8]
Event: 0.524 Thread 0x00000000195c9800  552       3       java.lang.String::getChars (16 bytes)
Event: 0.524 Thread 0x00000000195c9800 nmethod 552 0x0000000004d05750 code [0x0000000004d058c0, 0x0000000004d05ac8]

GC Heap History (0 events):
No events

Deoptimization events (0 events):
No events

Internal exceptions (10 events):
Event: 0.108 Thread 0x0000000004993800 Exception <a 'java/security/PrivilegedActionException'> (0x00000000d60753a8) thrown at [C:\re\workspace\8-2-build-windows-amd64-cygwin\jdk8u131\8869\hotspot\src\share\vm\prims\jvm.cpp, line 1390]
Event: 0.108 Thread 0x0000000004993800 Exception <a 'java/security/PrivilegedActionException'> (0x00000000d60792b8) thrown at [C:\re\workspace\8-2-build-windows-amd64-cygwin\jdk8u131\8869\hotspot\src\share\vm\prims\jvm.cpp, line 1390]
Event: 0.108 Thread 0x0000000004993800 Exception <a 'java/security/PrivilegedActionException'> (0x00000000d60794c8) thrown at [C:\re\workspace\8-2-build-windows-amd64-cygwin\jdk8u131\8869\hotspot\src\share\vm\prims\jvm.cpp, line 1390]
Event: 0.112 Thread 0x0000000004993800 Exception <a 'java/io/FileNotFoundException'> (0x00000000d607b988) thrown at [C:\re\workspace\8-2-build-windows-amd64-cygwin\jdk8u131\8869\hotspot\src\share\vm\prims\jni.cpp, line 709]
Event: 0.143 Thread 0x0000000004993800 Exception <a 'java/lang/NoSuchFieldError': method resolution failed> (0x00000000d6149140) thrown at [C:\re\workspace\8-2-build-windows-amd64-cygwin\jdk8u131\8869\hotspot\src\share\vm\prims\methodHandles.cpp, line 1146]
Event: 0.145 Thread 0x0000000004993800 Exception <a 'java/lang/NoSuchFieldError': method resolution failed> (0x00000000d6156510) thrown at [C:\re\workspace\8-2-build-windows-amd64-cygwin\jdk8u131\8869\hotspot\src\share\vm\prims\methodHandles.cpp, line 1146]
Event: 0.200 Thread 0x0000000004993800 Exception <a 'java/lang/NoSuchMethodError': java.lang.Object.lambda$static$0(Ljava/lang/String;)Ljava/lang/Boolean;> (0x00000000d62e85b0) thrown at [C:\re\workspace\8-2-build-windows-amd64-cygwin\jdk8u131\8869\hotspot\src\share\vm\interpreter\linkResolver
Event: 0.442 Thread 0x000000001b3d9800 Exception <a 'java/io/FileNotFoundException'> (0x00000000d678f740) thrown at [C:\re\workspace\8-2-build-windows-amd64-cygwin\jdk8u131\8869\hotspot\src\share\vm\prims\jni.cpp, line 709]
Event: 0.523 Thread 0x000000001b3d9800 Exception <a 'sun/nio/fs/WindowsException'> (0x00000000d687a588) thrown at [C:\re\workspace\8-2-build-windows-amd64-cygwin\jdk8u131\8869\hotspot\src\share\vm\prims\jni.cpp, line 709]
Event: 0.523 Thread 0x000000001b3d9800 Exception <a 'sun/nio/fs/WindowsException'> (0x00000000d687adc8) thrown at [C:\re\workspace\8-2-build-windows-amd64-cygwin\jdk8u131\8869\hotspot\src\share\vm\prims\jni.cpp, line 709]

Events (10 events):
Event: 0.523 loading class java/nio/file/NoSuchFileException
Event: 0.523 loading class java/nio/file/FileSystemException
Event: 0.523 loading class java/nio/file/FileSystemException done
Event: 0.523 loading class java/nio/file/NoSuchFileException done
Event: 0.523 loading class org/lwjgl/opengl/GL$1
Event: 0.523 loading class org/lwjgl/opengl/GL$1 done
Event: 0.524 loading class org/lwjgl/opengl/GL$SharedLibraryGL
Event: 0.524 loading class org/lwjgl/opengl/GL$SharedLibraryGL done
Event: 0.524 loading class org/lwjgl/system/SharedLibrary$Delegate
Event: 0.524 loading class org/lwjgl/system/SharedLibrary$Delegate done


Dynamic libraries:
0x00007ff76a4c0000 - 0x00007ff76a4f7000 	C:\Program Files\Java\jdk1.8.0_131\bin\javaw.exe
0x00007ffc19390000 - 0x00007ffc19570000 	C:\WINDOWS\SYSTEM32\ntdll.dll
0x00007ffc18930000 - 0x00007ffc189de000 	C:\WINDOWS\System32\KERNEL32.DLL
0x00007ffc16310000 - 0x00007ffc16576000 	C:\WINDOWS\System32\KERNELBASE.dll
0x00007ffc18f80000 - 0x00007ffc19021000 	C:\WINDOWS\System32\ADVAPI32.dll
0x00007ffc19030000 - 0x00007ffc190cd000 	C:\WINDOWS\System32\msvcrt.dll
0x00007ffc192e0000 - 0x00007ffc1933b000 	C:\WINDOWS\System32\sechost.dll
0x00007ffc16860000 - 0x00007ffc1697f000 	C:\WINDOWS\System32\RPCRT4.dll
0x00007ffc16980000 - 0x00007ffc16b0f000 	C:\WINDOWS\System32\USER32.dll
0x00007ffc16580000 - 0x00007ffc165a0000 	C:\WINDOWS\System32\win32u.dll
0x00007ffc189e0000 - 0x00007ffc18a08000 	C:\WINDOWS\System32\GDI32.dll
0x00007ffc16620000 - 0x00007ffc167b3000 	C:\WINDOWS\System32\gdi32full.dll
0x00007ffc167c0000 - 0x00007ffc1685b000 	C:\WINDOWS\System32\msvcp_win.dll
0x00007ffc16210000 - 0x00007ffc16306000 	C:\WINDOWS\System32\ucrtbase.dll
0x00007ffc08da0000 - 0x00007ffc09009000 	C:\WINDOWS\WinSxS\amd64_microsoft.windows.common-controls_6595b64144ccf1df_6.0.16299.371_none_15c7d1789365a290\COMCTL32.dll
0x00007ffc16db0000 - 0x00007ffc170b8000 	C:\WINDOWS\System32\combase.dll
0x00007ffc165a0000 - 0x00007ffc16612000 	C:\WINDOWS\System32\bcryptPrimitives.dll
0x00007ffc16bf0000 - 0x00007ffc16c1d000 	C:\WINDOWS\System32\IMM32.DLL
0x0000000051af0000 - 0x0000000051bc2000 	C:\Program Files\Java\jdk1.8.0_131\jre\bin\msvcr100.dll
0x0000000051f00000 - 0x000000005279c000 	C:\Program Files\Java\jdk1.8.0_131\jre\bin\server\jvm.dll
0x00007ffc16b10000 - 0x00007ffc16b18000 	C:\WINDOWS\System32\PSAPI.DLL
0x00007ffc08630000 - 0x00007ffc08639000 	C:\WINDOWS\SYSTEM32\WSOCK32.dll
0x00007ffc16d30000 - 0x00007ffc16d9c000 	C:\WINDOWS\System32\WS2_32.dll
0x00007ffc115b0000 - 0x00007ffc115d3000 	C:\WINDOWS\SYSTEM32\WINMM.dll
0x00007ffc09050000 - 0x00007ffc0905a000 	C:\WINDOWS\SYSTEM32\VERSION.dll
0x00007ffc11550000 - 0x00007ffc1157a000 	C:\WINDOWS\SYSTEM32\WINMMBASE.dll
0x00007ffc15790000 - 0x00007ffc157da000 	C:\WINDOWS\System32\cfgmgr32.dll
0x0000000052a30000 - 0x0000000052a3f000 	C:\Program Files\Java\jdk1.8.0_131\jre\bin\verify.dll
0x0000000052a00000 - 0x0000000052a29000 	C:\Program Files\Java\jdk1.8.0_131\jre\bin\java.dll
0x00000000529e0000 - 0x00000000529f6000 	C:\Program Files\Java\jdk1.8.0_131\jre\bin\zip.dll
0x00007ffc17230000 - 0x00007ffc18666000 	C:\WINDOWS\System32\SHELL32.dll
0x00007ffc17120000 - 0x00007ffc171c6000 	C:\WINDOWS\System32\shcore.dll
0x00007ffc15ac0000 - 0x00007ffc16207000 	C:\WINDOWS\System32\windows.storage.dll
0x00007ffc171d0000 - 0x00007ffc17221000 	C:\WINDOWS\System32\shlwapi.dll
0x00007ffc15700000 - 0x00007ffc15711000 	C:\WINDOWS\System32\kernel.appcore.dll
0x00007ffc15720000 - 0x00007ffc1576c000 	C:\WINDOWS\System32\powrprof.dll
0x00007ffc156e0000 - 0x00007ffc156fb000 	C:\WINDOWS\System32\profapi.dll
0x0000000051950000 - 0x0000000051ae8000 	C:\Program Files\Java\jdk1.8.0_131\jre\bin\awt.dll
0x00007ffc16b20000 - 0x00007ffc16be5000 	C:\WINDOWS\System32\OLEAUT32.dll
0x00007ffc136b0000 - 0x00007ffc13738000 	C:\WINDOWS\SYSTEM32\apphelp.dll
0x00007ffc13930000 - 0x00007ffc139c5000 	C:\WINDOWS\system32\uxtheme.dll
0x00007ffc187c0000 - 0x00007ffc18927000 	C:\WINDOWS\System32\MSCTF.dll
0x00007ffc13c20000 - 0x00007ffc13c4a000 	C:\WINDOWS\system32\dwmapi.dll
0x00007ffc18670000 - 0x00007ffc187b9000 	C:\WINDOWS\System32\ole32.dll
0x0000000051ee0000 - 0x0000000051efa000 	C:\Program Files\Java\jdk1.8.0_131\jre\bin\net.dll
0x00007ffc14f70000 - 0x00007ffc14fd6000 	C:\WINDOWS\system32\mswsock.dll
0x0000000051ec0000 - 0x0000000051ed1000 	C:\Program Files\Java\jdk1.8.0_131\jre\bin\nio.dll
0x00007ffbec670000 - 0x00007ffbec6cb000 	C:\Users\Ethan Vrhel\AppData\Local\Temp\lwjglEthan Vrhel\3.1.6-build-14\lwjgl.dll
0x00007ffbec290000 - 0x00007ffbec2e1000 	C:\Users\ETHANV~1\AppData\Local\Temp\lwjglEthan Vrhel\3.1.6-build-14\glfw.dll
0x00007ffbec240000 - 0x00007ffbec283000 	C:\WINDOWS\SYSTEM32\dinput8.dll
0x00007ffc0c7b0000 - 0x00007ffc0c7c0000 	C:\WINDOWS\SYSTEM32\xinput1_4.dll
0x00007ffc154f0000 - 0x00007ffc15517000 	C:\WINDOWS\SYSTEM32\DEVOBJ.dll
0x00007ffc11610000 - 0x00007ffc1163e000 	C:\WINDOWS\SYSTEM32\inputhost.dll
0x00007ffc0fbd0000 - 0x00007ffc0febe000 	C:\WINDOWS\SYSTEM32\CoreUIComponents.dll
0x00007ffc127f0000 - 0x00007ffc128cc000 	C:\WINDOWS\SYSTEM32\CoreMessaging.dll
0x00007ffc14840000 - 0x00007ffc14871000 	C:\WINDOWS\SYSTEM32\ntmarta.dll
0x00007ffc111b0000 - 0x00007ffc112e6000 	C:\WINDOWS\SYSTEM32\wintypes.dll
0x00007ffc13ff0000 - 0x00007ffc13ffc000 	C:\WINDOWS\SYSTEM32\HID.DLL
0x00007ffc18ab0000 - 0x00007ffc18efe000 	C:\WINDOWS\System32\SETUPAPI.DLL
0x00007ffc157e0000 - 0x00007ffc15838000 	C:\WINDOWS\System32\WINTRUST.dll
0x00007ffc15770000 - 0x00007ffc15782000 	C:\WINDOWS\System32\MSASN1.dll
0x00007ffc158f0000 - 0x00007ffc15abe000 	C:\WINDOWS\System32\CRYPT32.dll
0x00007ffc07a60000 - 0x00007ffc07b7e000 	C:\WINDOWS\SYSTEM32\opengl32.dll
0x00007ffc093f0000 - 0x00007ffc0941c000 	C:\WINDOWS\SYSTEM32\GLU32.dll
0x00007ffbc6400000 - 0x00007ffbc72d9000 	C:\WINDOWS\System32\DriverStore\FileRepository\ki123998.inf_amd64_ba42940b1dcc815f\ig9icd64.dll
0x00007ffc14050000 - 0x00007ffc140ff000 	C:\WINDOWS\SYSTEM32\dxgi.dll
0x00007ffc14610000 - 0x00007ffc14623000 	C:\WINDOWS\SYSTEM32\WTSAPI32.dll
0x00007ffc0cb10000 - 0x00007ffc0e112000 	C:\WINDOWS\System32\DriverStore\FileRepository\ki123998.inf_amd64_ba42940b1dcc815f\igc64.dll
0x00007ffc0e4a0000 - 0x00007ffc0e538000 	C:\WINDOWS\System32\TextInputFramework.dll
0x0000000051900000 - 0x0000000051947000 	C:\Program Files\Java\jdk1.8.0_131\jre\bin\fontmanager.dll
0x00000000518b0000 - 0x00000000518f2000 	C:\Program Files\Java\jdk1.8.0_131\jre\bin\t2k.dll
0x00007ffbec7b0000 - 0x00007ffbec80f000 	C:\Users\Ethan Vrhel\AppData\Local\Temp\lwjglEthan Vrhel\3.1.6-build-14\lwjgl_opengl.dll
0x00007ffc14440000 - 0x00007ffc14608000 	C:\WINDOWS\SYSTEM32\dbghelp.dll

VM Arguments:
jvm_args: -Dfile.encoding=Cp1252 
java_command: org.vrhel.graphics.TestMain
java_class_path (initial): C:\Program Files\Java\jdk1.8.0_131\jre\lib\resources.jar;C:\Program Files\Java\jdk1.8.0_131\jre\lib\rt.jar;C:\Program Files\Java\jdk1.8.0_131\jre\lib\jsse.jar;C:\Program Files\Java\jdk1.8.0_131\jre\lib\jce.jar;C:\Program Files\Java\jdk1.8.0_131\jre\lib\charsets.jar;C:\Program Files\Java\jdk1.8.0_131\jre\lib\jfr.jar;C:\Program Files\Java\jdk1.8.0_131\jre\lib\ext\access-bridge-64.jar;C:\Program Files\Java\jdk1.8.0_131\jre\lib\ext\cldrdata.jar;C:\Program Files\Java\jdk1.8.0_131\jre\lib\ext\dnsns.jar;C:\Program Files\Java\jdk1.8.0_131\jre\lib\ext\jaccess.jar;C:\Program Files\Java\jdk1.8.0_131\jre\lib\ext\jfxrt.jar;C:\Program Files\Java\jdk1.8.0_131\jre\lib\ext\localedata.jar;C:\Program Files\Java\jdk1.8.0_131\jre\lib\ext\nashorn.jar;C:\Program Files\Java\jdk1.8.0_131\jre\lib\ext\sunec.jar;C:\Program Files\Java\jdk1.8.0_131\jre\lib\ext\sunjce_provider.jar;C:\Program Files\Java\jdk1.8.0_131\jre\lib\ext\sunmscapi.jar;C:\Program Files\Java\jdk1.8.0_131\jre\lib\ext\sunpkcs11.jar;C:\Program Files\Java\jdk1.8.0_131\jre\lib\ext\zipfs.jar;C:\Users\Ethan Vrhel\Desktop\Chat\GraphicsEngine\bin;C:\Users\Ethan Vrhel\Desktop\lwjgl-stable-2018-02-09-custom\lwjgl.jar;C:\Users\Ethan Vrhel\Desktop\lwjgl-stable-2018-02-09-custom\lwjgl-assimp.jar;C:\Users\Ethan Vrhel\Desktop\lwjgl-stable-2018-02-09-custom\lwjgl-assimp-natives-windows.jar;C:\Users\Ethan Vrhel\Desktop\lwjgl-stable-2018-02-09-custom\lwjgl-bgfx.jar;C:\Users\Ethan Vrhel\Desktop\lwjgl-stable-2018-02-09-custom\lwjgl-bgfx-natives-windows.jar;C:\Users\Ethan Vrhel\Desktop\lwjgl-stable-2018-02-09-custom\lwjgl-egl.jar;C:\Users\Ethan Vrhel\Desktop\lwjgl-stable-2018-02-09-custom\lwjgl-glfw.jar;C:\Users\Ethan Vrhel\Desktop\lwjgl-stable-2018-02-09-custom\lwjgl-glfw-natives-windows.jar;C:\Users\Ethan Vrhel\Desktop\lwjgl-stable-2018-02-09-custom\lwjgl-jawt.jar;C:\Users\Ethan Vrhel\Desktop\lwjgl-stable-2018-02-09-custom\lwjgl-jemalloc.jar;C:\Users\Ethan Vrhel\Desktop\lwjgl-stable-2018-02-09-custom\lwjgl-jemalloc-n
Launcher Type: SUN_STANDARD

Environment Variables:
PATH=C:/Program Files/Java/jdk1.8.0_131/jre/bin/server;C:/Program Files/Java/jdk1.8.0_131/jre/bin;C:/Program Files/Java/jdk1.8.0_131/jre/lib/amd64;C:\Program Files (x86)\NVIDIA Corporation\PhysX\Common;C:\ProgramData\Oracle\Java\javapath;C:\Program Files\Microsoft MPI\Bin\;C:\Program Files (x86)\Intel\iCLS Client\;C:\Program Files\Intel\iCLS Client\;C:\WINDOWS\system32;C:\WINDOWS;C:\WINDOWS\System32\Wbem;C:\WINDOWS\System32\WindowsPowerShell\v1.0\;C:\Program Files (x86)\Intel\Intel(R) Management Engine Components\DAL;C:\Program Files\Intel\Intel(R) Management Engine Components\DAL;C:\Program Files (x86)\Intel\Intel(R) Management Engine Components\IPT;C:\Program Files\Intel\Intel(R) Management Engine Components\IPT;C:\Program Files\Microsoft SQL Server\130\Tools\Binn\;C:\Program Files\dotnet\;C:\Program Files\Anaconda3;C:\Program Files\Anaconda3\Scripts;C:\Program Files\Anaconda3\Library\bin;C:\Program Files\Git\cmd;C:\Program Files (x86)\GtkSharp\2.12\bin;C:\Program Files (x86)\JexePack;C:\Program Files (x86)\Skype\Phone\;C:\Program Files\TortoiseGit\bin;C:\Users\Ethan Vrhel\AppData\Local\Microsoft\WindowsApps;C:\Users\Ethan Vrhel\AppData\Local\GitHubDesktop\bin;C:\WINDOWS\system32;
USERNAME=Ethan Vrhel
OS=Windows_NT
PROCESSOR_IDENTIFIER=Intel64 Family 6 Model 142 Stepping 9, GenuineIntel



---------------  S Y S T E M  ---------------

OS: Windows 10.0 , 64 bit Build 16299 (10.0.16299.15)

CPU:total 4 (initial active 4) (2 cores per cpu, 2 threads per core) family 6 model 142 stepping 9, cmov, cx8, fxsr, mmx, sse, sse2, sse3, ssse3, sse4.1, sse4.2, popcnt, avx, avx2, aes, clmul, erms, 3dnowpref, lzcnt, ht, tsc, tscinvbit, bmi1, bmi2, adx

Memory: 4k page, physical 8270900k(2842436k free), swap 11285556k(2255520k free)

vm_info: Java HotSpot(TM) 64-Bit Server VM (25.131-b11) for windows-amd64 JRE (1.8.0_131-b11), built on Mar 15 2017 01:23:53 by "java_re" with MS VC++ 10.0 (VS2010)

time: Thu Apr 19 21:07:49 2018
elapsed time: 0 seconds (0d 0h 0m 0s)

