#
# A fatal error has been detected by the Java Runtime Environment:
#
#  EXCEPTION_ACCESS_VIOLATION (0xc0000005) at pc=0x00007ffc119ff46d, pid=12704, tid=0x0000000000001b38
#
# JRE version: Java(TM) SE Runtime Environment (8.0_131-b11) (build 1.8.0_131-b11)
# Java VM: Java HotSpot(TM) 64-Bit Server VM (25.131-b11 mixed mode windows-amd64 compressed oops)
# Problematic frame:
# C  [lwjgl_opengl.dll+0xf46d]
#
# Failed to write core dump. Minidumps are not enabled by default on client versions of Windows
#
# If you would like to submit a bug report, please visit:
#   http://bugreport.java.com/bugreport/crash.jsp
# The crash happened outside the Java Virtual Machine in native code.
# See problematic frame for where to report the bug.
#

---------------  T H R E A D  ---------------

Current thread (0x00000000043ce800):  JavaThread "main" [_thread_in_native, id=6968, stack(0x0000000004250000,0x0000000004350000)]

siginfo: ExceptionCode=0xc0000005, reading address 0x0000000000000f58

Registers:
RAX=0x000000005c860d50, RBX=0x0000000018d43f90, RCX=0x0000000000000001, RDX=0x000000001bbef88c
RSP=0x000000000434f2c8, RBP=0x000000000434f348, RSI=0x0000000000005130, RDI=0x00000001000c2f90
R8 =0x0000000000000001, R9 =0x000000001bbef88c, R10=0x0000000000000000, R11=0x000000005c2ebd80
R12=0x0000000000000000, R13=0x0000000018d43f90, R14=0x000000000434f378, R15=0x00000000043ce800
RIP=0x00007ffc119ff46d, EFLAGS=0x0000000000010202

Top of Stack: (sp=0x000000000434f2c8)
0x000000000434f2c8:   0000000004557f74 000000000434f318
0x000000000434f2d8:   0000000018b81ed0 0000000000000000
0x000000000434f2e8:   0000000018b7a6b8 0000000000000000
0x000000000434f2f8:   000000000434f310 000000000434f360
0x000000000434f308:   000000000434f308 0000000000000000
0x000000000434f318:   000000000434f378 0000000018d69028
0x000000000434f328:   0000000000000000 0000000018d43f90
0x000000000434f338:   0000000000000000 000000000434f368
0x000000000434f348:   000000000434f3c0 000000000454835d
0x000000000434f358:   00000000d6741fd8 00000000045519d8
0x000000000434f368:   000000001bbef88c 00000000d637ac80
0x000000000434f378:   0000000000000001 000000000434f380
0x000000000434f388:   0000000018d44104 000000000434f3f0
0x000000000434f398:   0000000018d69028 0000000025722bd8
0x000000000434f3a8:   0000000018d44170 000000000434f368
0x000000000434f3b8:   000000000434f400 00000000d637aaf8 

Instructions: (pc=0x00007ffc119ff46d)
0x00007ffc119ff44d:   00 41 8b c8 48 ff e0 cc cc cc cc cc cc cc cc cc
0x00007ffc119ff45d:   cc cc cc 48 8b 01 49 8b d1 41 8b c8 4c 8b 50 18
0x00007ffc119ff46d:   49 ff a2 58 0f 00 00 cc cc cc cc cc cc cc cc cc
0x00007ffc119ff47d:   cc cc cc 48 8b 01 49 8b d1 41 8b c8 4c 8b 50 18 


Register to memory mapping:

RAX=0x000000005c860d50 is an unknown value
RBX={method} {0x0000000018d43f98} 'nglGenTextures' '(IJ)V' in 'org/lwjgl/opengl/GL11'
RCX=0x0000000000000001 is an unknown value
RDX=0x000000001bbef88c is an unknown value
RSP=0x000000000434f2c8 is pointing into the stack for thread: 0x00000000043ce800
RBP=0x000000000434f348 is pointing into the stack for thread: 0x00000000043ce800
RSI=0x0000000000005130 is an unknown value
RDI=0x00000001000c2f90 is pointing into metadata
R8 =0x0000000000000001 is an unknown value
R9 =0x000000001bbef88c is an unknown value
R10=0x0000000000000000 is an unknown value
R11=0x000000005c2ebd80 is an unknown value
R12=0x0000000000000000 is an unknown value
R13={method} {0x0000000018d43f98} 'nglGenTextures' '(IJ)V' in 'org/lwjgl/opengl/GL11'
R14=0x000000000434f378 is pointing into the stack for thread: 0x00000000043ce800
R15=0x00000000043ce800 is a thread


Stack: [0x0000000004250000,0x0000000004350000],  sp=0x000000000434f2c8,  free space=1020k
Native frames: (J=compiled Java code, j=interpreted, Vv=VM code, C=native code)
C  [lwjgl_opengl.dll+0xf46d]

Java frames: (J=compiled Java code, j=interpreted, Vv=VM code)
j  org.lwjgl.opengl.GL11.nglGenTextures(IJ)V+0
j  org.lwjgl.opengl.GL11.glGenTextures()I+20
J 643 C2 org.vrhel.graphics.Texture2D.<init>(Ljava/awt/image/BufferedImage;I)V (265 bytes) @ 0x0000000004815ea4 [0x00000000048159e0+0x4c4]
j  org.vrhel.graphics.Texture2D.<init>(Ljava/lang/String;I)V+13
j  org.vrhel.graphics.TestMain.main([Ljava/lang/String;)V+113
v  ~StubRoutines::call_stub

---------------  P R O C E S S  ---------------

Java Threads: ( => current thread )
  0x000000001bb56800 JavaThread "Thread-2" daemon [_thread_blocked, id=8252, stack(0x00000000260b0000,0x00000000261b0000)]
  0x000000001aeae800 JavaThread "Thread-1" [_thread_in_native, id=11312, stack(0x000000001c0f0000,0x000000001c1f0000)]
  0x000000001ae57800 JavaThread "AWT-Windows" daemon [_thread_in_native, id=15168, stack(0x000000001b690000,0x000000001b790000)]
  0x000000001ae52800 JavaThread "Java2D Disposer" daemon [_thread_blocked, id=14392, stack(0x000000001b490000,0x000000001b590000)]
  0x00000000190cd800 JavaThread "Service Thread" daemon [_thread_blocked, id=5228, stack(0x000000001aeb0000,0x000000001afb0000)]
  0x000000001907a800 JavaThread "C1 CompilerThread2" daemon [_thread_blocked, id=1988, stack(0x000000001a9b0000,0x000000001aab0000)]
  0x0000000019071800 JavaThread "C2 CompilerThread1" daemon [_thread_blocked, id=6340, stack(0x000000001a8b0000,0x000000001a9b0000)]
  0x000000001906d800 JavaThread "C2 CompilerThread0" daemon [_thread_blocked, id=4608, stack(0x000000001a7b0000,0x000000001a8b0000)]
  0x000000001906c000 JavaThread "Attach Listener" daemon [_thread_blocked, id=9572, stack(0x000000001a6b0000,0x000000001a7b0000)]
  0x000000001906a800 JavaThread "Signal Dispatcher" daemon [_thread_blocked, id=14984, stack(0x000000001a5b0000,0x000000001a6b0000)]
  0x000000000453b000 JavaThread "Finalizer" daemon [_thread_blocked, id=2816, stack(0x000000001a2c0000,0x000000001a3c0000)]
  0x0000000004530000 JavaThread "Reference Handler" daemon [_thread_blocked, id=18024, stack(0x000000001a1c0000,0x000000001a2c0000)]
=>0x00000000043ce800 JavaThread "main" [_thread_in_native, id=6968, stack(0x0000000004250000,0x0000000004350000)]

Other Threads:
  0x0000000019037800 VMThread [stack: 0x000000001a0c0000,0x000000001a1c0000] [id=11432]
  0x000000001aabe800 WatcherThread [stack: 0x000000001afb0000,0x000000001b0b0000] [id=15704]

VM state:not at safepoint (normal execution)

VM Mutex/Monitor currently owned by a thread: None

Heap:
 PSYoungGen      total 38400K, used 25826K [0x00000000d5f00000, 0x00000000d8980000, 0x0000000100000000)
  eden space 33280K, 77% used [0x00000000d5f00000,0x00000000d7838be0,0x00000000d7f80000)
  from space 5120K, 0% used [0x00000000d8480000,0x00000000d8480000,0x00000000d8980000)
  to   space 5120K, 0% used [0x00000000d7f80000,0x00000000d7f80000,0x00000000d8480000)
 ParOldGen       total 87552K, used 0K [0x0000000081c00000, 0x0000000087180000, 0x00000000d5f00000)
  object space 87552K, 0% used [0x0000000081c00000,0x0000000081c00000,0x0000000087180000)
 Metaspace       used 12266K, capacity 12551K, committed 12800K, reserved 1060864K
  class space    used 1051K, capacity 1170K, committed 1280K, reserved 1048576K

Card table byte_map: [0x0000000013900000,0x0000000013d00000] byte_map_base: 0x00000000134f2000

Marking Bits: (ParMarkBitMap*) 0x000000005c8dc720
 Begin Bits: [0x00000000143b0000, 0x0000000016340000)
 End Bits:   [0x0000000016340000, 0x00000000182d0000)

Polling page: 0x0000000002a40000

CodeCache: size=245760Kb used=3131Kb max_used=3131Kb free=242628Kb
 bounds [0x0000000004540000, 0x0000000004860000, 0x0000000013540000]
 total_blobs=1692 nmethods=754 adapters=851
 compilation: enabled

Compilation events (10 events):
Event: 1.371 Thread 0x000000001907a800  740       3       java.io.BufferedInputStream::getInIfOpen (21 bytes)
Event: 1.372 Thread 0x000000001907a800 nmethod 740 0x000000000484bf50 code [0x000000000484c0c0, 0x000000000484c308]
Event: 1.372 Thread 0x000000001907a800  741       3       java.io.BufferedInputStream::fill (233 bytes)
Event: 1.375 Thread 0x000000001907a800 nmethod 741 0x000000000484c3d0 code [0x000000000484c640, 0x000000000484d538]
Event: 1.381 Thread 0x000000001907a800  742       1       org.vrhel.graphics.TransformData::getTransform (5 bytes)
Event: 1.382 Thread 0x000000001907a800 nmethod 742 0x000000000484da50 code [0x000000000484dba0, 0x000000000484dcb0]
Event: 1.382 Thread 0x000000001907a800  743       1       org.vrhel.graphics.GraphicsEngine::getConfiguration (5 bytes)
Event: 1.382 Thread 0x000000001907a800 nmethod 743 0x000000000484dd10 code [0x000000000484de60, 0x000000000484df70]
Event: 1.382 Thread 0x000000001907a800  744       1       org.vrhel.graphics.GraphicsConfiguration::getType (5 bytes)
Event: 1.382 Thread 0x000000001907a800 nmethod 744 0x000000000484dfd0 code [0x000000000484e120, 0x000000000484e230]

GC Heap History (0 events):
No events

Deoptimization events (1 events):
Event: 0.800 Thread 0x000000001aeae800 Uncommon trap: reason=unstable_if action=reinterpret pc=0x000000000480c844 method=java.awt.image.BufferedImage.getRGB(IIII[III)[I @ 163

Internal exceptions (10 events):
Event: 0.261 Thread 0x00000000043ce800 Exception <a 'java/security/PrivilegedActionException'> (0x00000000d604d838) thrown at [C:\re\workspace\8-2-build-windows-amd64-cygwin\jdk8u131\8869\hotspot\src\share\vm\prims\jvm.cpp, line 1390]
Event: 0.261 Thread 0x00000000043ce800 Exception <a 'java/security/PrivilegedActionException'> (0x00000000d604da48) thrown at [C:\re\workspace\8-2-build-windows-amd64-cygwin\jdk8u131\8869\hotspot\src\share\vm\prims\jvm.cpp, line 1390]
Event: 0.262 Thread 0x00000000043ce800 Exception <a 'java/security/PrivilegedActionException'> (0x00000000d6051958) thrown at [C:\re\workspace\8-2-build-windows-amd64-cygwin\jdk8u131\8869\hotspot\src\share\vm\prims\jvm.cpp, line 1390]
Event: 0.262 Thread 0x00000000043ce800 Exception <a 'java/security/PrivilegedActionException'> (0x00000000d6051b68) thrown at [C:\re\workspace\8-2-build-windows-amd64-cygwin\jdk8u131\8869\hotspot\src\share\vm\prims\jvm.cpp, line 1390]
Event: 0.266 Thread 0x00000000043ce800 Exception <a 'java/io/FileNotFoundException'> (0x00000000d6054028) thrown at [C:\re\workspace\8-2-build-windows-amd64-cygwin\jdk8u131\8869\hotspot\src\share\vm\prims\jni.cpp, line 709]
Event: 0.294 Thread 0x00000000043ce800 Exception <a 'java/lang/NoSuchFieldError': method resolution failed> (0x00000000d6121430) thrown at [C:\re\workspace\8-2-build-windows-amd64-cygwin\jdk8u131\8869\hotspot\src\share\vm\prims\methodHandles.cpp, line 1146]
Event: 0.295 Thread 0x00000000043ce800 Exception <a 'java/lang/NoSuchFieldError': method resolution failed> (0x00000000d612e800) thrown at [C:\re\workspace\8-2-build-windows-amd64-cygwin\jdk8u131\8869\hotspot\src\share\vm\prims\methodHandles.cpp, line 1146]
Event: 0.340 Thread 0x00000000043ce800 Exception <a 'java/lang/NoSuchMethodError': java.lang.Object.lambda$static$0(Ljava/lang/String;)Ljava/lang/Boolean;> (0x00000000d620fbc0) thrown at [C:\re\workspace\8-2-build-windows-amd64-cygwin\jdk8u131\8869\hotspot\src\share\vm\interpreter\linkResolver
Event: 0.515 Thread 0x000000001aeae800 Exception <a 'sun/nio/fs/WindowsException'> (0x00000000d661e518) thrown at [C:\re\workspace\8-2-build-windows-amd64-cygwin\jdk8u131\8869\hotspot\src\share\vm\prims\jni.cpp, line 709]
Event: 0.516 Thread 0x000000001aeae800 Exception <a 'sun/nio/fs/WindowsException'> (0x00000000d661ed58) thrown at [C:\re\workspace\8-2-build-windows-amd64-cygwin\jdk8u131\8869\hotspot\src\share\vm\prims\jni.cpp, line 709]

Events (10 events):
Event: 0.916 loading class org/joml/Vector2i done
Event: 0.917 loading class org/joml/Vector2ic
Event: 0.917 loading class org/joml/Vector2ic done
Event: 0.917 loading class org/joml/Quaternionf
Event: 0.917 loading class org/joml/Quaternionf done
Event: 0.918 loading class org/joml/Quaternionfc
Event: 0.918 loading class org/joml/Quaternionfc done
Event: 1.364 Thread 0x000000001bb56800 Thread added: 0x000000001bb56800
Event: 1.365 loading class org/vrhel/graphics/Input
Event: 1.365 loading class org/vrhel/graphics/Input done


Dynamic libraries:
0x00007ff73d300000 - 0x00007ff73d337000 	C:\Program Files\Java\jdk1.8.0_131\bin\javaw.exe
0x00007ffc2ee80000 - 0x00007ffc2f060000 	C:\WINDOWS\SYSTEM32\ntdll.dll
0x00007ffc2ded0000 - 0x00007ffc2df7e000 	C:\WINDOWS\System32\KERNEL32.DLL
0x00007ffc2bfe0000 - 0x00007ffc2c246000 	C:\WINDOWS\System32\KERNELBASE.dll
0x00007ffc2dcf0000 - 0x00007ffc2dd91000 	C:\WINDOWS\System32\ADVAPI32.dll
0x00007ffc2e160000 - 0x00007ffc2e1fd000 	C:\WINDOWS\System32\msvcrt.dll
0x00007ffc2e7b0000 - 0x00007ffc2e80b000 	C:\WINDOWS\System32\sechost.dll
0x00007ffc2e480000 - 0x00007ffc2e59f000 	C:\WINDOWS\System32\RPCRT4.dll
0x00007ffc2e920000 - 0x00007ffc2eaaf000 	C:\WINDOWS\System32\USER32.dll
0x00007ffc2c2d0000 - 0x00007ffc2c2f0000 	C:\WINDOWS\System32\win32u.dll
0x00007ffc2e200000 - 0x00007ffc2e228000 	C:\WINDOWS\System32\GDI32.dll
0x00007ffc2bcf0000 - 0x00007ffc2be83000 	C:\WINDOWS\System32\gdi32full.dll
0x00007ffc2bf40000 - 0x00007ffc2bfdb000 	C:\WINDOWS\System32\msvcp_win.dll
0x00007ffc2bbf0000 - 0x00007ffc2bce6000 	C:\WINDOWS\System32\ucrtbase.dll
0x00007ffc1d010000 - 0x00007ffc1d279000 	C:\WINDOWS\WinSxS\amd64_microsoft.windows.common-controls_6595b64144ccf1df_6.0.16299.371_none_15c7d1789365a290\COMCTL32.dll
0x00007ffc2eab0000 - 0x00007ffc2edb8000 	C:\WINDOWS\System32\combase.dll
0x00007ffc2c250000 - 0x00007ffc2c2c2000 	C:\WINDOWS\System32\bcryptPrimitives.dll
0x00007ffc2e130000 - 0x00007ffc2e15d000 	C:\WINDOWS\System32\IMM32.DLL
0x000000005bd60000 - 0x000000005be32000 	C:\Program Files\Java\jdk1.8.0_131\jre\bin\msvcr100.dll
0x000000005c0c0000 - 0x000000005c95c000 	C:\Program Files\Java\jdk1.8.0_131\jre\bin\server\jvm.dll
0x00007ffc2e5a0000 - 0x00007ffc2e5a8000 	C:\WINDOWS\System32\PSAPI.DLL
0x00007ffc1b7b0000 - 0x00007ffc1b7b9000 	C:\WINDOWS\SYSTEM32\WSOCK32.dll
0x00007ffc28a70000 - 0x00007ffc28a93000 	C:\WINDOWS\SYSTEM32\WINMM.dll
0x00007ffc1d2c0000 - 0x00007ffc1d2ca000 	C:\WINDOWS\SYSTEM32\VERSION.dll
0x00007ffc2ddc0000 - 0x00007ffc2de2c000 	C:\WINDOWS\System32\WS2_32.dll
0x00007ffc28690000 - 0x00007ffc286ba000 	C:\WINDOWS\SYSTEM32\WINMMBASE.dll
0x00007ffc2b280000 - 0x00007ffc2b2ca000 	C:\WINDOWS\System32\cfgmgr32.dll
0x000000005bfd0000 - 0x000000005bfdf000 	C:\Program Files\Java\jdk1.8.0_131\jre\bin\verify.dll
0x000000005bfa0000 - 0x000000005bfc9000 	C:\Program Files\Java\jdk1.8.0_131\jre\bin\java.dll
0x000000005bf80000 - 0x000000005bf96000 	C:\Program Files\Java\jdk1.8.0_131\jre\bin\zip.dll
0x00007ffc2c460000 - 0x00007ffc2d896000 	C:\WINDOWS\System32\SHELL32.dll
0x00007ffc2c350000 - 0x00007ffc2c3f6000 	C:\WINDOWS\System32\shcore.dll
0x00007ffc2b4a0000 - 0x00007ffc2bbe7000 	C:\WINDOWS\System32\windows.storage.dll
0x00007ffc2df80000 - 0x00007ffc2dfd1000 	C:\WINDOWS\System32\shlwapi.dll
0x00007ffc2b210000 - 0x00007ffc2b221000 	C:\WINDOWS\System32\kernel.appcore.dll
0x00007ffc2b230000 - 0x00007ffc2b27c000 	C:\WINDOWS\System32\powrprof.dll
0x00007ffc2b1d0000 - 0x00007ffc2b1eb000 	C:\WINDOWS\System32\profapi.dll
0x000000005bb40000 - 0x000000005bcd8000 	C:\Program Files\Java\jdk1.8.0_131\jre\bin\awt.dll
0x00007ffc2e230000 - 0x00007ffc2e2f5000 	C:\WINDOWS\System32\OLEAUT32.dll
0x00007ffc29040000 - 0x00007ffc290c8000 	C:\WINDOWS\SYSTEM32\apphelp.dll
0x00007ffc29410000 - 0x00007ffc294a5000 	C:\WINDOWS\system32\uxtheme.dll
0x00007ffc2e300000 - 0x00007ffc2e467000 	C:\WINDOWS\System32\MSCTF.dll
0x00007ffc29680000 - 0x00007ffc296aa000 	C:\WINDOWS\system32\dwmapi.dll
0x00007ffc2dfe0000 - 0x00007ffc2e129000 	C:\WINDOWS\System32\ole32.dll
0x000000005bf60000 - 0x000000005bf7a000 	C:\Program Files\Java\jdk1.8.0_131\jre\bin\net.dll
0x00007ffc2aa60000 - 0x00007ffc2aac6000 	C:\WINDOWS\system32\mswsock.dll
0x000000005bf40000 - 0x000000005bf51000 	C:\Program Files\Java\jdk1.8.0_131\jre\bin\nio.dll
0x00007ffc18bf0000 - 0x00007ffc18c4b000 	C:\Users\Ethan Vrhel\AppData\Local\Temp\lwjglEthan Vrhel\3.1.6-build-14\lwjgl.dll
0x00007ffc171e0000 - 0x00007ffc17231000 	C:\Users\ETHANV~1\AppData\Local\Temp\lwjglEthan Vrhel\3.1.6-build-14\glfw.dll
0x00007ffc18340000 - 0x00007ffc18383000 	C:\WINDOWS\SYSTEM32\dinput8.dll
0x00007ffc22ae0000 - 0x00007ffc22af0000 	C:\WINDOWS\SYSTEM32\xinput1_4.dll
0x00007ffc2afe0000 - 0x00007ffc2b007000 	C:\WINDOWS\SYSTEM32\DEVOBJ.dll
0x00007ffc26640000 - 0x00007ffc2666e000 	C:\WINDOWS\SYSTEM32\inputhost.dll
0x00007ffc27bb0000 - 0x00007ffc27c8c000 	C:\WINDOWS\SYSTEM32\CoreMessaging.dll
0x00007ffc268f0000 - 0x00007ffc26bde000 	C:\WINDOWS\SYSTEM32\CoreUIComponents.dll
0x00007ffc2a300000 - 0x00007ffc2a331000 	C:\WINDOWS\SYSTEM32\ntmarta.dll
0x00007ffc267b0000 - 0x00007ffc268e6000 	C:\WINDOWS\SYSTEM32\wintypes.dll
0x00007ffc29f80000 - 0x00007ffc29f8c000 	C:\WINDOWS\SYSTEM32\HID.DLL
0x00007ffc2d8a0000 - 0x00007ffc2dcee000 	C:\WINDOWS\System32\SETUPAPI.DLL
0x00007ffc2c2f0000 - 0x00007ffc2c348000 	C:\WINDOWS\System32\WINTRUST.dll
0x00007ffc2b1f0000 - 0x00007ffc2b202000 	C:\WINDOWS\System32\MSASN1.dll
0x00007ffc2b2d0000 - 0x00007ffc2b49e000 	C:\WINDOWS\System32\CRYPT32.dll
0x00007ffc1afd0000 - 0x00007ffc1b0ee000 	C:\WINDOWS\SYSTEM32\opengl32.dll
0x00007ffc1ad20000 - 0x00007ffc1ad4c000 	C:\WINDOWS\SYSTEM32\GLU32.dll
0x00007ffbe1680000 - 0x00007ffbe2559000 	C:\WINDOWS\System32\DriverStore\FileRepository\ki123998.inf_amd64_ba42940b1dcc815f\ig9icd64.dll
0x00007ffc29fe0000 - 0x00007ffc2a08f000 	C:\WINDOWS\SYSTEM32\dxgi.dll
0x00007ffc29d00000 - 0x00007ffc29d13000 	C:\WINDOWS\SYSTEM32\WTSAPI32.dll
0x00007ffc22ef0000 - 0x00007ffc244f2000 	C:\WINDOWS\System32\DriverStore\FileRepository\ki123998.inf_amd64_ba42940b1dcc815f\igc64.dll
0x00007ffc20560000 - 0x00007ffc205f8000 	C:\WINDOWS\System32\TextInputFramework.dll
0x00007ffc119f0000 - 0x00007ffc11a4f000 	C:\Users\Ethan Vrhel\AppData\Local\Temp\lwjglEthan Vrhel\3.1.6-build-14\lwjgl_opengl.dll
0x00007ffc29b30000 - 0x00007ffc29cf8000 	C:\WINDOWS\SYSTEM32\dbghelp.dll

VM Arguments:
jvm_args: -Dfile.encoding=Cp1252 
java_command: org.vrhel.graphics.TestMain
java_class_path (initial): C:\Program Files\Java\jdk1.8.0_131\jre\lib\resources.jar;C:\Program Files\Java\jdk1.8.0_131\jre\lib\rt.jar;C:\Program Files\Java\jdk1.8.0_131\jre\lib\jsse.jar;C:\Program Files\Java\jdk1.8.0_131\jre\lib\jce.jar;C:\Program Files\Java\jdk1.8.0_131\jre\lib\charsets.jar;C:\Program Files\Java\jdk1.8.0_131\jre\lib\jfr.jar;C:\Program Files\Java\jdk1.8.0_131\jre\lib\ext\access-bridge-64.jar;C:\Program Files\Java\jdk1.8.0_131\jre\lib\ext\cldrdata.jar;C:\Program Files\Java\jdk1.8.0_131\jre\lib\ext\dnsns.jar;C:\Program Files\Java\jdk1.8.0_131\jre\lib\ext\jaccess.jar;C:\Program Files\Java\jdk1.8.0_131\jre\lib\ext\jfxrt.jar;C:\Program Files\Java\jdk1.8.0_131\jre\lib\ext\localedata.jar;C:\Program Files\Java\jdk1.8.0_131\jre\lib\ext\nashorn.jar;C:\Program Files\Java\jdk1.8.0_131\jre\lib\ext\sunec.jar;C:\Program Files\Java\jdk1.8.0_131\jre\lib\ext\sunjce_provider.jar;C:\Program Files\Java\jdk1.8.0_131\jre\lib\ext\sunmscapi.jar;C:\Program Files\Java\jdk1.8.0_131\jre\lib\ext\sunpkcs11.jar;C:\Program Files\Java\jdk1.8.0_131\jre\lib\ext\zipfs.jar;C:\db\Dropbox\Chat\GraphicsEngine\bin;C:\db\res\joml\joml-1.9.9.jar;C:\db\res\lwjgl\lwjgl.jar;C:\db\res\lwjgl\lwjgl-glfw.jar;C:\db\res\lwjgl\lwjgl-glfw-natives-windows.jar;C:\db\res\lwjgl\lwjgl-opengl.jar;C:\db\res\lwjgl\lwjgl-opengl-natives-windows.jar;C:\db\res\lwjgl\lwjgl-natives-windows.jar
Launcher Type: SUN_STANDARD

Environment Variables:
PATH=C:/Program Files/Java/jdk1.8.0_131/jre/bin/server;C:/Program Files/Java/jdk1.8.0_131/jre/bin;C:/Program Files/Java/jdk1.8.0_131/jre/lib/amd64;C:\Program Files (x86)\NVIDIA Corporation\PhysX\Common;C:\ProgramData\Oracle\Java\javapath;C:\Program Files\Microsoft MPI\Bin\;C:\Program Files (x86)\Intel\iCLS Client\;C:\Program Files\Intel\iCLS Client\;C:\WINDOWS\system32;C:\WINDOWS;C:\WINDOWS\System32\Wbem;C:\WINDOWS\System32\WindowsPowerShell\v1.0\;C:\Program Files (x86)\Intel\Intel(R) Management Engine Components\DAL;C:\Program Files\Intel\Intel(R) Management Engine Components\DAL;C:\Program Files (x86)\Intel\Intel(R) Management Engine Components\IPT;C:\Program Files\Intel\Intel(R) Management Engine Components\IPT;C:\Program Files\Microsoft SQL Server\130\Tools\Binn\;C:\Program Files\dotnet\;C:\Program Files\Anaconda3;C:\Program Files\Anaconda3\Scripts;C:\Program Files\Anaconda3\Library\bin;C:\Program Files\Git\cmd;C:\Program Files (x86)\GtkSharp\2.12\bin;C:\Program Files (x86)\JexePack;C:\Program Files (x86)\Skype\Phone\;C:\Program Files\TortoiseGit\bin;C:\Users\Ethan Vrhel\AppData\Local\Microsoft\WindowsApps;C:\Users\Ethan Vrhel\AppData\Local\GitHubDesktop\bin;C:\WINDOWS\system32;
USERNAME=Ethan Vrhel
OS=Windows_NT
PROCESSOR_IDENTIFIER=Intel64 Family 6 Model 142 Stepping 9, GenuineIntel



---------------  S Y S T E M  ---------------

OS: Windows 10.0 , 64 bit Build 16299 (10.0.16299.15)

CPU:total 4 (initial active 4) (2 cores per cpu, 2 threads per core) family 6 model 142 stepping 9, cmov, cx8, fxsr, mmx, sse, sse2, sse3, ssse3, sse4.1, sse4.2, popcnt, avx, avx2, aes, clmul, erms, 3dnowpref, lzcnt, ht, tsc, tscinvbit, bmi1, bmi2, adx

Memory: 4k page, physical 8270900k(3613796k free), swap 10499124k(2993592k free)

vm_info: Java HotSpot(TM) 64-Bit Server VM (25.131-b11) for windows-amd64 JRE (1.8.0_131-b11), built on Mar 15 2017 01:23:53 by "java_re" with MS VC++ 10.0 (VS2010)

time: Wed May 02 23:32:55 2018
elapsed time: 1 seconds (0d 0h 0m 1s)

