#
# A fatal error has been detected by the Java Runtime Environment:
#
#  EXCEPTION_ACCESS_VIOLATION (0xc0000005) at pc=0x00007ffbec7bf46d, pid=1012, tid=0x0000000000001dd0
#
# JRE version: Java(TM) SE Runtime Environment (8.0_131-b11) (build 1.8.0_131-b11)
# Java VM: Java HotSpot(TM) 64-Bit Server VM (25.131-b11 mixed mode windows-amd64 compressed oops)
# Problematic frame:
# C  [lwjgl_opengl.dll+0xf46d]
#
# Failed to write core dump. Minidumps are not enabled by default on client versions of Windows
#
# If you would like to submit a bug report, please visit:
#   http://bugreport.java.com/bugreport/crash.jsp
# The crash happened outside the Java Virtual Machine in native code.
# See problematic frame for where to report the bug.
#

---------------  T H R E A D  ---------------

Current thread (0x00000000050c3800):  JavaThread "main" [_thread_in_native, id=7632, stack(0x0000000004fc0000,0x00000000050c0000)]

siginfo: ExceptionCode=0xc0000005, reading address 0x0000000000000f58

Registers:
RAX=0x00000000526a0d50, RBX=0x00000000198a02e0, RCX=0x0000000000000001, RDX=0x000000001c74aeec
RSP=0x00000000050bef18, RBP=0x00000000050bef98, RSI=0x0000000000000020, RDI=0x00000000051c7e70
R8 =0x0000000000000001, R9 =0x000000001c74aeec, R10=0x0000000000000000, R11=0x000000005212bd80
R12=0x0000000000000000, R13=0x00000000198a02e0, R14=0x00000000050befc8, R15=0x00000000050c3800
RIP=0x00007ffbec7bf46d, EFLAGS=0x0000000000010202

Top of Stack: (sp=0x00000000050bef18)
0x00000000050bef18:   00000000051d7f74 00000000051c7e70
0x00000000050bef28:   00000000051d7ceb 00000000050c3800
0x00000000050bef38:   00000000198a02e0 0000000000000020
0x00000000050bef48:   00000000050c3800 00000000051d7ca2
0x00000000050bef58:   00000000050bef58 00000000198a02e0
0x00000000050bef68:   00000000050befc8 00000000198c4170
0x00000000050bef78:   0000000000000000 00000000198a02e0
0x00000000050bef88:   0000000000000000 00000000050befb8
0x00000000050bef98:   00000000050bf010 00000000051c835d
0x00000000050befa8:   00000000d6528198 00000000051d19d8
0x00000000050befb8:   000000001c74aeec 00000000d66bf160
0x00000000050befc8:   0000000000000001 00000000050befd0
0x00000000050befd8:   00000000198a0454 00000000050bf040
0x00000000050befe8:   00000000198c4170 0000000000000000
0x00000000050beff8:   00000000198a04c0 00000000050befb8
0x00000000050bf008:   00000000050bf048 00000000050bf090 

Instructions: (pc=0x00007ffbec7bf46d)
0x00007ffbec7bf44d:   00 41 8b c8 48 ff e0 cc cc cc cc cc cc cc cc cc
0x00007ffbec7bf45d:   cc cc cc 48 8b 01 49 8b d1 41 8b c8 4c 8b 50 18
0x00007ffbec7bf46d:   49 ff a2 58 0f 00 00 cc cc cc cc cc cc cc cc cc
0x00007ffbec7bf47d:   cc cc cc 48 8b 01 49 8b d1 41 8b c8 4c 8b 50 18 


Register to memory mapping:

RAX=0x00000000526a0d50 is an unknown value
RBX={method} {0x00000000198a02e8} 'nglGenTextures' '(IJ)V' in 'org/lwjgl/opengl/GL11'
RCX=0x0000000000000001 is an unknown value
RDX=0x000000001c74aeec is an unknown value
RSP=0x00000000050bef18 is pointing into the stack for thread: 0x00000000050c3800
RBP=0x00000000050bef98 is pointing into the stack for thread: 0x00000000050c3800
RSI=0x0000000000000020 is an unknown value
RDI=0x00000000051c7e70 is at code_begin+1040 in an Interpreter codelet
invoke return entry points  [0x00000000051c7a60, 0x00000000051c8440]  2528 bytes
R8 =0x0000000000000001 is an unknown value
R9 =0x000000001c74aeec is an unknown value
R10=0x0000000000000000 is an unknown value
R11=0x000000005212bd80 is an unknown value
R12=0x0000000000000000 is an unknown value
R13={method} {0x00000000198a02e8} 'nglGenTextures' '(IJ)V' in 'org/lwjgl/opengl/GL11'
R14=0x00000000050befc8 is pointing into the stack for thread: 0x00000000050c3800
R15=0x00000000050c3800 is a thread


Stack: [0x0000000004fc0000,0x00000000050c0000],  sp=0x00000000050bef18,  free space=1019k
Native frames: (J=compiled Java code, j=interpreted, Vv=VM code, C=native code)
C  [lwjgl_opengl.dll+0xf46d]

Java frames: (J=compiled Java code, j=interpreted, Vv=VM code)
j  org.lwjgl.opengl.GL11.nglGenTextures(IJ)V+0
j  org.lwjgl.opengl.GL11.glGenTextures()I+20
j  org.vrhel.graphics.Texture2D.<init>(Ljava/awt/image/BufferedImage;I)V+189
j  org.vrhel.graphics.Texture2D.<init>(Ljava/lang/String;I)V+13
j  org.vrhel.graphics.TestMain.main([Ljava/lang/String;)V+21
v  ~StubRoutines::call_stub

---------------  P R O C E S S  ---------------

Java Threads: ( => current thread )
  0x000000001baba000 JavaThread "AWT-Windows" daemon [_thread_in_native, id=13860, stack(0x000000001c310000,0x000000001c410000)]
  0x000000001bab2800 JavaThread "AWT-Shutdown" [_thread_blocked, id=3364, stack(0x000000001c210000,0x000000001c310000)]
  0x000000001bab1800 JavaThread "Java2D Disposer" daemon [_thread_blocked, id=17664, stack(0x000000001c110000,0x000000001c210000)]
  0x000000001b75b000 JavaThread "Service Thread" daemon [_thread_blocked, id=10812, stack(0x000000001bb30000,0x000000001bc30000)]
  0x0000000019cfc000 JavaThread "C1 CompilerThread2" daemon [_thread_blocked, id=3048, stack(0x000000001b630000,0x000000001b730000)]
  0x0000000019cf3000 JavaThread "C2 CompilerThread1" daemon [_thread_blocked, id=3892, stack(0x000000001b530000,0x000000001b630000)]
  0x0000000019cf1000 JavaThread "C2 CompilerThread0" daemon [_thread_blocked, id=16444, stack(0x000000001b430000,0x000000001b530000)]
  0x0000000019cef800 JavaThread "Attach Listener" daemon [_thread_blocked, id=11016, stack(0x000000001b330000,0x000000001b430000)]
  0x0000000019cee800 JavaThread "Signal Dispatcher" daemon [_thread_blocked, id=15340, stack(0x000000001b230000,0x000000001b330000)]
  0x0000000019cd8800 JavaThread "Finalizer" daemon [_thread_blocked, id=13188, stack(0x000000001af40000,0x000000001b040000)]
  0x00000000051b4000 JavaThread "Reference Handler" daemon [_thread_blocked, id=15744, stack(0x000000001ae40000,0x000000001af40000)]
=>0x00000000050c3800 JavaThread "main" [_thread_in_native, id=7632, stack(0x0000000004fc0000,0x00000000050c0000)]

Other Threads:
  0x0000000019cb7000 VMThread [stack: 0x000000001ad40000,0x000000001ae40000] [id=2924]
  0x000000001b775800 WatcherThread [stack: 0x000000001bc30000,0x000000001bd30000] [id=12308]

VM state:not at safepoint (normal execution)

VM Mutex/Monitor currently owned by a thread: None

Heap:
 PSYoungGen      total 38400K, used 8021K [0x00000000d5f00000, 0x00000000d8980000, 0x0000000100000000)
  eden space 33280K, 24% used [0x00000000d5f00000,0x00000000d66d56a0,0x00000000d7f80000)
  from space 5120K, 0% used [0x00000000d8480000,0x00000000d8480000,0x00000000d8980000)
  to   space 5120K, 0% used [0x00000000d7f80000,0x00000000d7f80000,0x00000000d8480000)
 ParOldGen       total 87552K, used 0K [0x0000000081c00000, 0x0000000087180000, 0x00000000d5f00000)
  object space 87552K, 0% used [0x0000000081c00000,0x0000000081c00000,0x0000000087180000)
 Metaspace       used 7482K, capacity 7688K, committed 7808K, reserved 1056768K
  class space    used 805K, capacity 870K, committed 896K, reserved 1048576K

Card table byte_map: [0x0000000014580000,0x0000000014980000] byte_map_base: 0x0000000014172000

Marking Bits: (ParMarkBitMap*) 0x000000005271c720
 Begin Bits: [0x0000000015030000, 0x0000000016fc0000)
 End Bits:   [0x0000000016fc0000, 0x0000000018f50000)

Polling page: 0x00000000031c0000

CodeCache: size=245760Kb used=2134Kb max_used=2134Kb free=243625Kb
 bounds [0x00000000051c0000, 0x0000000005430000, 0x00000000141c0000]
 total_blobs=882 nmethods=463 adapters=332
 compilation: enabled

Compilation events (10 events):
Event: 0.307 Thread 0x0000000019cfc000  458   !   3       java.lang.ClassLoader::loadClass (122 bytes)
Event: 0.308 Thread 0x0000000019cfc000 nmethod 458 0x00000000053d1290 code [0x00000000053d1600, 0x00000000053d3958]
Event: 0.308 Thread 0x0000000019cfc000  459       3       java.lang.ClassLoader::getClassLoadingLock (35 bytes)
Event: 0.308 Thread 0x0000000019cfc000 nmethod 459 0x00000000053d5150 code [0x00000000053d52c0, 0x00000000053d5688]
Event: 0.308 Thread 0x0000000019cfc000  460       3       java.lang.ClassLoader::findLoadedClass (16 bytes)
Event: 0.309 Thread 0x0000000019cfc000 nmethod 460 0x00000000053d5810 code [0x00000000053d5980, 0x00000000053d5bb8]
Event: 0.309 Thread 0x0000000019cfc000  462       1       sun.misc.URLClassPath$JarLoader::access$700 (5 bytes)
Event: 0.309 Thread 0x0000000019cfc000 nmethod 462 0x00000000053d5c50 code [0x00000000053d5da0, 0x00000000053d5e90]
Event: 0.311 Thread 0x0000000019cfc000  463       3       java.nio.Bits::byteOrder (20 bytes)
Event: 0.311 Thread 0x0000000019cfc000 nmethod 463 0x00000000053d5f10 code [0x00000000053d6060, 0x00000000053d61b0]

GC Heap History (0 events):
No events

Deoptimization events (0 events):
No events

Internal exceptions (10 events):
Event: 0.106 Thread 0x00000000050c3800 Exception <a 'java/security/PrivilegedActionException'> (0x00000000d60752b8) thrown at [C:\re\workspace\8-2-build-windows-amd64-cygwin\jdk8u131\8869\hotspot\src\share\vm\prims\jvm.cpp, line 1390]
Event: 0.106 Thread 0x00000000050c3800 Exception <a 'java/security/PrivilegedActionException'> (0x00000000d60754c8) thrown at [C:\re\workspace\8-2-build-windows-amd64-cygwin\jdk8u131\8869\hotspot\src\share\vm\prims\jvm.cpp, line 1390]
Event: 0.107 Thread 0x00000000050c3800 Exception <a 'java/security/PrivilegedActionException'> (0x00000000d60793d8) thrown at [C:\re\workspace\8-2-build-windows-amd64-cygwin\jdk8u131\8869\hotspot\src\share\vm\prims\jvm.cpp, line 1390]
Event: 0.107 Thread 0x00000000050c3800 Exception <a 'java/security/PrivilegedActionException'> (0x00000000d60795e8) thrown at [C:\re\workspace\8-2-build-windows-amd64-cygwin\jdk8u131\8869\hotspot\src\share\vm\prims\jvm.cpp, line 1390]
Event: 0.110 Thread 0x00000000050c3800 Exception <a 'java/io/FileNotFoundException'> (0x00000000d607baa8) thrown at [C:\re\workspace\8-2-build-windows-amd64-cygwin\jdk8u131\8869\hotspot\src\share\vm\prims\jni.cpp, line 709]
Event: 0.141 Thread 0x00000000050c3800 Exception <a 'java/lang/NoSuchFieldError': method resolution failed> (0x00000000d6149280) thrown at [C:\re\workspace\8-2-build-windows-amd64-cygwin\jdk8u131\8869\hotspot\src\share\vm\prims\methodHandles.cpp, line 1146]
Event: 0.143 Thread 0x00000000050c3800 Exception <a 'java/lang/NoSuchFieldError': method resolution failed> (0x00000000d6156650) thrown at [C:\re\workspace\8-2-build-windows-amd64-cygwin\jdk8u131\8869\hotspot\src\share\vm\prims\methodHandles.cpp, line 1146]
Event: 0.196 Thread 0x00000000050c3800 Exception <a 'java/lang/NoSuchMethodError': java.lang.Object.lambda$static$0(Ljava/lang/String;)Ljava/lang/Boolean;> (0x00000000d62eb260) thrown at [C:\re\workspace\8-2-build-windows-amd64-cygwin\jdk8u131\8869\hotspot\src\share\vm\interpreter\linkResolver
Event: 0.296 Thread 0x00000000050c3800 Exception <a 'sun/nio/fs/WindowsException'> (0x00000000d6634bd0) thrown at [C:\re\workspace\8-2-build-windows-amd64-cygwin\jdk8u131\8869\hotspot\src\share\vm\prims\jni.cpp, line 709]
Event: 0.297 Thread 0x00000000050c3800 Exception <a 'sun/nio/fs/WindowsException'> (0x00000000d6635410) thrown at [C:\re\workspace\8-2-build-windows-amd64-cygwin\jdk8u131\8869\hotspot\src\share\vm\prims\jni.cpp, line 709]

Events (10 events):
Event: 0.309 loading class org/lwjgl/system/jni/JNINativeInterface
Event: 0.309 loading class org/lwjgl/system/jni/JNINativeInterface done
Event: 0.311 loading class org/lwjgl/system/windows/WinBase
Event: 0.311 loading class org/lwjgl/system/windows/WinBase done
Event: 0.312 loading class org/lwjgl/opengl/GL$1
Event: 0.312 loading class org/lwjgl/opengl/GL$1 done
Event: 0.313 loading class org/lwjgl/opengl/GL$SharedLibraryGL
Event: 0.313 loading class org/lwjgl/opengl/GL$SharedLibraryGL done
Event: 0.313 loading class org/lwjgl/system/SharedLibrary$Delegate
Event: 0.313 loading class org/lwjgl/system/SharedLibrary$Delegate done


Dynamic libraries:
0x00007ff76a4c0000 - 0x00007ff76a4f7000 	C:\Program Files\Java\jdk1.8.0_131\bin\javaw.exe
0x00007ffc19390000 - 0x00007ffc19570000 	C:\WINDOWS\SYSTEM32\ntdll.dll
0x00007ffc18930000 - 0x00007ffc189de000 	C:\WINDOWS\System32\KERNEL32.DLL
0x00007ffc16310000 - 0x00007ffc16576000 	C:\WINDOWS\System32\KERNELBASE.dll
0x00007ffc18f80000 - 0x00007ffc19021000 	C:\WINDOWS\System32\ADVAPI32.dll
0x00007ffc19030000 - 0x00007ffc190cd000 	C:\WINDOWS\System32\msvcrt.dll
0x00007ffc192e0000 - 0x00007ffc1933b000 	C:\WINDOWS\System32\sechost.dll
0x00007ffc16860000 - 0x00007ffc1697f000 	C:\WINDOWS\System32\RPCRT4.dll
0x00007ffc16980000 - 0x00007ffc16b0f000 	C:\WINDOWS\System32\USER32.dll
0x00007ffc16580000 - 0x00007ffc165a0000 	C:\WINDOWS\System32\win32u.dll
0x00007ffc189e0000 - 0x00007ffc18a08000 	C:\WINDOWS\System32\GDI32.dll
0x00007ffc16620000 - 0x00007ffc167b3000 	C:\WINDOWS\System32\gdi32full.dll
0x00007ffc167c0000 - 0x00007ffc1685b000 	C:\WINDOWS\System32\msvcp_win.dll
0x00007ffc16210000 - 0x00007ffc16306000 	C:\WINDOWS\System32\ucrtbase.dll
0x00007ffc08da0000 - 0x00007ffc09009000 	C:\WINDOWS\WinSxS\amd64_microsoft.windows.common-controls_6595b64144ccf1df_6.0.16299.371_none_15c7d1789365a290\COMCTL32.dll
0x00007ffc16db0000 - 0x00007ffc170b8000 	C:\WINDOWS\System32\combase.dll
0x00007ffc165a0000 - 0x00007ffc16612000 	C:\WINDOWS\System32\bcryptPrimitives.dll
0x00007ffc16bf0000 - 0x00007ffc16c1d000 	C:\WINDOWS\System32\IMM32.DLL
0x0000000051af0000 - 0x0000000051bc2000 	C:\Program Files\Java\jdk1.8.0_131\jre\bin\msvcr100.dll
0x0000000051f00000 - 0x000000005279c000 	C:\Program Files\Java\jdk1.8.0_131\jre\bin\server\jvm.dll
0x00007ffc16b10000 - 0x00007ffc16b18000 	C:\WINDOWS\System32\PSAPI.DLL
0x00007ffc08630000 - 0x00007ffc08639000 	C:\WINDOWS\SYSTEM32\WSOCK32.dll
0x00007ffc16d30000 - 0x00007ffc16d9c000 	C:\WINDOWS\System32\WS2_32.dll
0x00007ffc115b0000 - 0x00007ffc115d3000 	C:\WINDOWS\SYSTEM32\WINMM.dll
0x00007ffc09050000 - 0x00007ffc0905a000 	C:\WINDOWS\SYSTEM32\VERSION.dll
0x00007ffc11550000 - 0x00007ffc1157a000 	C:\WINDOWS\SYSTEM32\WINMMBASE.dll
0x00007ffc15790000 - 0x00007ffc157da000 	C:\WINDOWS\System32\cfgmgr32.dll
0x0000000052a30000 - 0x0000000052a3f000 	C:\Program Files\Java\jdk1.8.0_131\jre\bin\verify.dll
0x0000000052a00000 - 0x0000000052a29000 	C:\Program Files\Java\jdk1.8.0_131\jre\bin\java.dll
0x00000000529e0000 - 0x00000000529f6000 	C:\Program Files\Java\jdk1.8.0_131\jre\bin\zip.dll
0x00007ffc17230000 - 0x00007ffc18666000 	C:\WINDOWS\System32\SHELL32.dll
0x00007ffc17120000 - 0x00007ffc171c6000 	C:\WINDOWS\System32\shcore.dll
0x00007ffc15ac0000 - 0x00007ffc16207000 	C:\WINDOWS\System32\windows.storage.dll
0x00007ffc171d0000 - 0x00007ffc17221000 	C:\WINDOWS\System32\shlwapi.dll
0x00007ffc15700000 - 0x00007ffc15711000 	C:\WINDOWS\System32\kernel.appcore.dll
0x00007ffc15720000 - 0x00007ffc1576c000 	C:\WINDOWS\System32\powrprof.dll
0x00007ffc156e0000 - 0x00007ffc156fb000 	C:\WINDOWS\System32\profapi.dll
0x0000000051950000 - 0x0000000051ae8000 	C:\Program Files\Java\jdk1.8.0_131\jre\bin\awt.dll
0x00007ffc16b20000 - 0x00007ffc16be5000 	C:\WINDOWS\System32\OLEAUT32.dll
0x00007ffc136b0000 - 0x00007ffc13738000 	C:\WINDOWS\SYSTEM32\apphelp.dll
0x00007ffc13930000 - 0x00007ffc139c5000 	C:\WINDOWS\system32\uxtheme.dll
0x00007ffc187c0000 - 0x00007ffc18927000 	C:\WINDOWS\System32\MSCTF.dll
0x00007ffc13c20000 - 0x00007ffc13c4a000 	C:\WINDOWS\system32\dwmapi.dll
0x00007ffc18670000 - 0x00007ffc187b9000 	C:\WINDOWS\System32\ole32.dll
0x0000000051ee0000 - 0x0000000051efa000 	C:\Program Files\Java\jdk1.8.0_131\jre\bin\net.dll
0x00007ffc14f70000 - 0x00007ffc14fd6000 	C:\WINDOWS\system32\mswsock.dll
0x0000000051ec0000 - 0x0000000051ed1000 	C:\Program Files\Java\jdk1.8.0_131\jre\bin\nio.dll
0x00007ffbec670000 - 0x00007ffbec6cb000 	C:\Users\Ethan Vrhel\AppData\Local\Temp\lwjglEthan Vrhel\3.1.6-build-14\lwjgl.dll
0x00007ffbec7b0000 - 0x00007ffbec80f000 	C:\Users\Ethan Vrhel\AppData\Local\Temp\lwjglEthan Vrhel\3.1.6-build-14\lwjgl_opengl.dll
0x00007ffc07a60000 - 0x00007ffc07b7e000 	C:\WINDOWS\SYSTEM32\opengl32.dll
0x00007ffc093f0000 - 0x00007ffc0941c000 	C:\WINDOWS\SYSTEM32\GLU32.dll
0x00007ffc14440000 - 0x00007ffc14608000 	C:\WINDOWS\SYSTEM32\dbghelp.dll

VM Arguments:
jvm_args: -Dfile.encoding=Cp1252 
java_command: org.vrhel.graphics.TestMain
java_class_path (initial): C:\Program Files\Java\jdk1.8.0_131\jre\lib\resources.jar;C:\Program Files\Java\jdk1.8.0_131\jre\lib\rt.jar;C:\Program Files\Java\jdk1.8.0_131\jre\lib\jsse.jar;C:\Program Files\Java\jdk1.8.0_131\jre\lib\jce.jar;C:\Program Files\Java\jdk1.8.0_131\jre\lib\charsets.jar;C:\Program Files\Java\jdk1.8.0_131\jre\lib\jfr.jar;C:\Program Files\Java\jdk1.8.0_131\jre\lib\ext\access-bridge-64.jar;C:\Program Files\Java\jdk1.8.0_131\jre\lib\ext\cldrdata.jar;C:\Program Files\Java\jdk1.8.0_131\jre\lib\ext\dnsns.jar;C:\Program Files\Java\jdk1.8.0_131\jre\lib\ext\jaccess.jar;C:\Program Files\Java\jdk1.8.0_131\jre\lib\ext\jfxrt.jar;C:\Program Files\Java\jdk1.8.0_131\jre\lib\ext\localedata.jar;C:\Program Files\Java\jdk1.8.0_131\jre\lib\ext\nashorn.jar;C:\Program Files\Java\jdk1.8.0_131\jre\lib\ext\sunec.jar;C:\Program Files\Java\jdk1.8.0_131\jre\lib\ext\sunjce_provider.jar;C:\Program Files\Java\jdk1.8.0_131\jre\lib\ext\sunmscapi.jar;C:\Program Files\Java\jdk1.8.0_131\jre\lib\ext\sunpkcs11.jar;C:\Program Files\Java\jdk1.8.0_131\jre\lib\ext\zipfs.jar;C:\Users\Ethan Vrhel\Desktop\Chat\GraphicsEngine\bin;C:\Users\Ethan Vrhel\Desktop\lwjgl-stable-2018-02-09-custom\lwjgl.jar;C:\Users\Ethan Vrhel\Desktop\lwjgl-stable-2018-02-09-custom\lwjgl-assimp.jar;C:\Users\Ethan Vrhel\Desktop\lwjgl-stable-2018-02-09-custom\lwjgl-assimp-natives-windows.jar;C:\Users\Ethan Vrhel\Desktop\lwjgl-stable-2018-02-09-custom\lwjgl-bgfx.jar;C:\Users\Ethan Vrhel\Desktop\lwjgl-stable-2018-02-09-custom\lwjgl-bgfx-natives-windows.jar;C:\Users\Ethan Vrhel\Desktop\lwjgl-stable-2018-02-09-custom\lwjgl-egl.jar;C:\Users\Ethan Vrhel\Desktop\lwjgl-stable-2018-02-09-custom\lwjgl-glfw.jar;C:\Users\Ethan Vrhel\Desktop\lwjgl-stable-2018-02-09-custom\lwjgl-glfw-natives-windows.jar;C:\Users\Ethan Vrhel\Desktop\lwjgl-stable-2018-02-09-custom\lwjgl-jawt.jar;C:\Users\Ethan Vrhel\Desktop\lwjgl-stable-2018-02-09-custom\lwjgl-jemalloc.jar;C:\Users\Ethan Vrhel\Desktop\lwjgl-stable-2018-02-09-custom\lwjgl-jemalloc-n
Launcher Type: SUN_STANDARD

Environment Variables:
PATH=C:/Program Files/Java/jdk1.8.0_131/jre/bin/server;C:/Program Files/Java/jdk1.8.0_131/jre/bin;C:/Program Files/Java/jdk1.8.0_131/jre/lib/amd64;C:\Program Files (x86)\NVIDIA Corporation\PhysX\Common;C:\ProgramData\Oracle\Java\javapath;C:\Program Files\Microsoft MPI\Bin\;C:\Program Files (x86)\Intel\iCLS Client\;C:\Program Files\Intel\iCLS Client\;C:\WINDOWS\system32;C:\WINDOWS;C:\WINDOWS\System32\Wbem;C:\WINDOWS\System32\WindowsPowerShell\v1.0\;C:\Program Files (x86)\Intel\Intel(R) Management Engine Components\DAL;C:\Program Files\Intel\Intel(R) Management Engine Components\DAL;C:\Program Files (x86)\Intel\Intel(R) Management Engine Components\IPT;C:\Program Files\Intel\Intel(R) Management Engine Components\IPT;C:\Program Files\Microsoft SQL Server\130\Tools\Binn\;C:\Program Files\dotnet\;C:\Program Files\Anaconda3;C:\Program Files\Anaconda3\Scripts;C:\Program Files\Anaconda3\Library\bin;C:\Program Files\Git\cmd;C:\Program Files (x86)\GtkSharp\2.12\bin;C:\Program Files (x86)\JexePack;C:\Program Files (x86)\Skype\Phone\;C:\Program Files\TortoiseGit\bin;C:\Users\Ethan Vrhel\AppData\Local\Microsoft\WindowsApps;C:\Users\Ethan Vrhel\AppData\Local\GitHubDesktop\bin;C:\WINDOWS\system32;
USERNAME=Ethan Vrhel
OS=Windows_NT
PROCESSOR_IDENTIFIER=Intel64 Family 6 Model 142 Stepping 9, GenuineIntel



---------------  S Y S T E M  ---------------

OS: Windows 10.0 , 64 bit Build 16299 (10.0.16299.15)

CPU:total 4 (initial active 4) (2 cores per cpu, 2 threads per core) family 6 model 142 stepping 9, cmov, cx8, fxsr, mmx, sse, sse2, sse3, ssse3, sse4.1, sse4.2, popcnt, avx, avx2, aes, clmul, erms, 3dnowpref, lzcnt, ht, tsc, tscinvbit, bmi1, bmi2, adx

Memory: 4k page, physical 8270900k(2791744k free), swap 11285556k(1381752k free)

vm_info: Java HotSpot(TM) 64-Bit Server VM (25.131-b11) for windows-amd64 JRE (1.8.0_131-b11), built on Mar 15 2017 01:23:53 by "java_re" with MS VC++ 10.0 (VS2010)

time: Fri Apr 20 12:32:12 2018
elapsed time: 0 seconds (0d 0h 0m 0s)

