#
# A fatal error has been detected by the Java Runtime Environment:
#
#  EXCEPTION_ACCESS_VIOLATION (0xc0000005) at pc=0x00007ffbec7bf46d, pid=1596, tid=0x00000000000033ec
#
# JRE version: Java(TM) SE Runtime Environment (8.0_131-b11) (build 1.8.0_131-b11)
# Java VM: Java HotSpot(TM) 64-Bit Server VM (25.131-b11 mixed mode windows-amd64 compressed oops)
# Problematic frame:
# C  [lwjgl_opengl.dll+0xf46d]
#
# Failed to write core dump. Minidumps are not enabled by default on client versions of Windows
#
# If you would like to submit a bug report, please visit:
#   http://bugreport.java.com/bugreport/crash.jsp
# The crash happened outside the Java Virtual Machine in native code.
# See problematic frame for where to report the bug.
#

---------------  T H R E A D  ---------------

Current thread (0x0000000004cb3800):  JavaThread "main" [_thread_in_native, id=13292, stack(0x0000000004bb0000,0x0000000004cb0000)]

siginfo: ExceptionCode=0xc0000005, reading address 0x0000000000000f58

Registers:
RAX=0x00000000526a0d50, RBX=0x0000000019493fd8, RCX=0x0000000000000001, RDX=0x000000001c41dfec
RSP=0x0000000004caf078, RBP=0x0000000004caf0f8, RSI=0x0000000000000020, RDI=0x0000000004db7e70
R8 =0x0000000000000001, R9 =0x000000001c41dfec, R10=0x0000000000000000, R11=0x000000005212bd80
R12=0x0000000000000000, R13=0x0000000019493fd8, R14=0x0000000004caf128, R15=0x0000000004cb3800
RIP=0x00007ffbec7bf46d, EFLAGS=0x0000000000010202

Top of Stack: (sp=0x0000000004caf078)
0x0000000004caf078:   0000000004dc7f74 0000000004db7e70
0x0000000004caf088:   0000000004dc7ceb 0000000004cb3800
0x0000000004caf098:   0000000019493fd8 0000000000000020
0x0000000004caf0a8:   0000000004cb3800 0000000004dc7ca2
0x0000000004caf0b8:   0000000004caf0b8 0000000019493fd8
0x0000000004caf0c8:   0000000004caf128 00000000194b7df8
0x0000000004caf0d8:   0000000000000000 0000000019493fd8
0x0000000004caf0e8:   0000000000000000 0000000004caf118
0x0000000004caf0f8:   0000000004caf170 0000000004db835d
0x0000000004caf108:   00000000d6523878 0000000004dc19d8
0x0000000004caf118:   000000001c41dfec 00000000d66ba6c0
0x0000000004caf128:   0000000000000001 0000000004caf130
0x0000000004caf138:   000000001949414c 0000000004caf1a0
0x0000000004caf148:   00000000194b7df8 0000000000000000
0x0000000004caf158:   00000000194941b8 0000000004caf118
0x0000000004caf168:   0000000004caf1a8 0000000004caf1f0 

Instructions: (pc=0x00007ffbec7bf46d)
0x00007ffbec7bf44d:   00 41 8b c8 48 ff e0 cc cc cc cc cc cc cc cc cc
0x00007ffbec7bf45d:   cc cc cc 48 8b 01 49 8b d1 41 8b c8 4c 8b 50 18
0x00007ffbec7bf46d:   49 ff a2 58 0f 00 00 cc cc cc cc cc cc cc cc cc
0x00007ffbec7bf47d:   cc cc cc 48 8b 01 49 8b d1 41 8b c8 4c 8b 50 18 


Register to memory mapping:

RAX=0x00000000526a0d50 is an unknown value
RBX={method} {0x0000000019493fe0} 'nglGenTextures' '(IJ)V' in 'org/lwjgl/opengl/GL11'
RCX=0x0000000000000001 is an unknown value
RDX=0x000000001c41dfec is an unknown value
RSP=0x0000000004caf078 is pointing into the stack for thread: 0x0000000004cb3800
RBP=0x0000000004caf0f8 is pointing into the stack for thread: 0x0000000004cb3800
RSI=0x0000000000000020 is an unknown value
RDI=0x0000000004db7e70 is at code_begin+1040 in an Interpreter codelet
invoke return entry points  [0x0000000004db7a60, 0x0000000004db8440]  2528 bytes
R8 =0x0000000000000001 is an unknown value
R9 =0x000000001c41dfec is an unknown value
R10=0x0000000000000000 is an unknown value
R11=0x000000005212bd80 is an unknown value
R12=0x0000000000000000 is an unknown value
R13={method} {0x0000000019493fe0} 'nglGenTextures' '(IJ)V' in 'org/lwjgl/opengl/GL11'
R14=0x0000000004caf128 is pointing into the stack for thread: 0x0000000004cb3800
R15=0x0000000004cb3800 is a thread


Stack: [0x0000000004bb0000,0x0000000004cb0000],  sp=0x0000000004caf078,  free space=1020k
Native frames: (J=compiled Java code, j=interpreted, Vv=VM code, C=native code)
C  [lwjgl_opengl.dll+0xf46d]

Java frames: (J=compiled Java code, j=interpreted, Vv=VM code)
j  org.lwjgl.opengl.GL11.nglGenTextures(IJ)V+0
j  org.lwjgl.opengl.GL11.glGenTextures()I+20
j  org.vrhel.graphics.Texture2D.<init>(Ljava/awt/image/BufferedImage;I)V+189
j  org.vrhel.graphics.Texture2D.<init>(Ljava/lang/String;I)V+13
j  org.vrhel.graphics.TestMain.main([Ljava/lang/String;)V+21
v  ~StubRoutines::call_stub

---------------  P R O C E S S  ---------------

Java Threads: ( => current thread )
  0x000000001b6ca000 JavaThread "AWT-Windows" daemon [_thread_in_native, id=2260, stack(0x000000001bf10000,0x000000001c010000)]
  0x000000001b6c7000 JavaThread "AWT-Shutdown" [_thread_blocked, id=18004, stack(0x000000001be10000,0x000000001bf10000)]
  0x000000001b6c6000 JavaThread "Java2D Disposer" daemon [_thread_blocked, id=12124, stack(0x000000001bd10000,0x000000001be10000)]
  0x000000001993e800 JavaThread "Service Thread" daemon [_thread_blocked, id=18116, stack(0x000000001b730000,0x000000001b830000)]
  0x00000000198e6000 JavaThread "C1 CompilerThread2" daemon [_thread_blocked, id=18280, stack(0x000000001b230000,0x000000001b330000)]
  0x00000000198dc800 JavaThread "C2 CompilerThread1" daemon [_thread_blocked, id=16848, stack(0x000000001b130000,0x000000001b230000)]
  0x00000000198ec000 JavaThread "C2 CompilerThread0" daemon [_thread_blocked, id=2376, stack(0x000000001b030000,0x000000001b130000)]
  0x00000000198ea800 JavaThread "Attach Listener" daemon [_thread_blocked, id=15568, stack(0x000000001af30000,0x000000001b030000)]
  0x00000000198e9800 JavaThread "Signal Dispatcher" daemon [_thread_blocked, id=6468, stack(0x000000001ae30000,0x000000001af30000)]
  0x0000000004dae800 JavaThread "Finalizer" daemon [_thread_blocked, id=12416, stack(0x000000001ab40000,0x000000001ac40000)]
  0x0000000004da3000 JavaThread "Reference Handler" daemon [_thread_blocked, id=10120, stack(0x000000001aa40000,0x000000001ab40000)]
=>0x0000000004cb3800 JavaThread "main" [_thread_in_native, id=13292, stack(0x0000000004bb0000,0x0000000004cb0000)]

Other Threads:
  0x00000000198a7000 VMThread [stack: 0x000000001a940000,0x000000001aa40000] [id=8024]
  0x000000001b378000 WatcherThread [stack: 0x000000001b830000,0x000000001b930000] [id=8268]

VM state:not at safepoint (normal execution)

VM Mutex/Monitor currently owned by a thread: None

Heap:
 PSYoungGen      total 38400K, used 8003K [0x00000000d5f00000, 0x00000000d8980000, 0x0000000100000000)
  eden space 33280K, 24% used [0x00000000d5f00000,0x00000000d66d0e00,0x00000000d7f80000)
  from space 5120K, 0% used [0x00000000d8480000,0x00000000d8480000,0x00000000d8980000)
  to   space 5120K, 0% used [0x00000000d7f80000,0x00000000d7f80000,0x00000000d8480000)
 ParOldGen       total 87552K, used 0K [0x0000000081c00000, 0x0000000087180000, 0x00000000d5f00000)
  object space 87552K, 0% used [0x0000000081c00000,0x0000000081c00000,0x0000000087180000)
 Metaspace       used 7474K, capacity 7704K, committed 7808K, reserved 1056768K
  class space    used 804K, capacity 870K, committed 896K, reserved 1048576K

Card table byte_map: [0x0000000014170000,0x0000000014570000] byte_map_base: 0x0000000013d62000

Marking Bits: (ParMarkBitMap*) 0x000000005271c720
 Begin Bits: [0x0000000014c20000, 0x0000000016bb0000)
 End Bits:   [0x0000000016bb0000, 0x0000000018b40000)

Polling page: 0x0000000002e40000

CodeCache: size=245760Kb used=2139Kb max_used=2141Kb free=243620Kb
 bounds [0x0000000004db0000, 0x0000000005020000, 0x0000000013db0000]
 total_blobs=885 nmethods=466 adapters=332
 compilation: enabled

Compilation events (10 events):
Event: 0.321 Thread 0x00000000198e6000  461       3       java.util.WeakHashMap::hash (28 bytes)
Event: 0.321 Thread 0x00000000198e6000 nmethod 461 0x0000000004fc18d0 code [0x0000000004fc1a40, 0x0000000004fc1c88]
Event: 0.321 Thread 0x00000000198dc800  462       4       java.lang.String::startsWith (7 bytes)
Event: 0.323 Thread 0x00000000198dc800 nmethod 462 0x0000000004fc7a50 code [0x0000000004fc7ba0, 0x0000000004fc7c98]
Event: 0.325 Thread 0x00000000198e6000  464       1       sun.misc.URLClassPath$JarLoader::access$700 (5 bytes)
Event: 0.325 Thread 0x00000000198e6000 nmethod 464 0x0000000004fc7790 code [0x0000000004fc78e0, 0x0000000004fc79d0]
Event: 0.326 Thread 0x00000000198e6000  465       3       java.nio.Buffer::<init> (121 bytes)
Event: 0.326 Thread 0x00000000198e6000 nmethod 465 0x0000000004fc56d0 code [0x0000000004fc59a0, 0x0000000004fc6e28]
Event: 0.327 Thread 0x00000000198e6000  466       3       java.nio.Bits::byteOrder (20 bytes)
Event: 0.327 Thread 0x00000000198e6000 nmethod 466 0x0000000004fc53d0 code [0x0000000004fc5520, 0x0000000004fc5670]

GC Heap History (0 events):
No events

Deoptimization events (0 events):
No events

Internal exceptions (10 events):
Event: 0.107 Thread 0x0000000004cb3800 Exception <a 'java/security/PrivilegedActionException'> (0x00000000d6075270) thrown at [C:\re\workspace\8-2-build-windows-amd64-cygwin\jdk8u131\8869\hotspot\src\share\vm\prims\jvm.cpp, line 1390]
Event: 0.107 Thread 0x0000000004cb3800 Exception <a 'java/security/PrivilegedActionException'> (0x00000000d6075480) thrown at [C:\re\workspace\8-2-build-windows-amd64-cygwin\jdk8u131\8869\hotspot\src\share\vm\prims\jvm.cpp, line 1390]
Event: 0.108 Thread 0x0000000004cb3800 Exception <a 'java/security/PrivilegedActionException'> (0x00000000d6079390) thrown at [C:\re\workspace\8-2-build-windows-amd64-cygwin\jdk8u131\8869\hotspot\src\share\vm\prims\jvm.cpp, line 1390]
Event: 0.108 Thread 0x0000000004cb3800 Exception <a 'java/security/PrivilegedActionException'> (0x00000000d60795a0) thrown at [C:\re\workspace\8-2-build-windows-amd64-cygwin\jdk8u131\8869\hotspot\src\share\vm\prims\jvm.cpp, line 1390]
Event: 0.112 Thread 0x0000000004cb3800 Exception <a 'java/io/FileNotFoundException'> (0x00000000d607ba60) thrown at [C:\re\workspace\8-2-build-windows-amd64-cygwin\jdk8u131\8869\hotspot\src\share\vm\prims\jni.cpp, line 709]
Event: 0.144 Thread 0x0000000004cb3800 Exception <a 'java/lang/NoSuchFieldError': method resolution failed> (0x00000000d6149248) thrown at [C:\re\workspace\8-2-build-windows-amd64-cygwin\jdk8u131\8869\hotspot\src\share\vm\prims\methodHandles.cpp, line 1146]
Event: 0.145 Thread 0x0000000004cb3800 Exception <a 'java/lang/NoSuchFieldError': method resolution failed> (0x00000000d6156618) thrown at [C:\re\workspace\8-2-build-windows-amd64-cygwin\jdk8u131\8869\hotspot\src\share\vm\prims\methodHandles.cpp, line 1146]
Event: 0.198 Thread 0x0000000004cb3800 Exception <a 'java/lang/NoSuchMethodError': java.lang.Object.lambda$static$0(Ljava/lang/String;)Ljava/lang/Boolean;> (0x00000000d62e8318) thrown at [C:\re\workspace\8-2-build-windows-amd64-cygwin\jdk8u131\8869\hotspot\src\share\vm\interpreter\linkResolver
Event: 0.309 Thread 0x0000000004cb3800 Exception <a 'sun/nio/fs/WindowsException'> (0x00000000d6630130) thrown at [C:\re\workspace\8-2-build-windows-amd64-cygwin\jdk8u131\8869\hotspot\src\share\vm\prims\jni.cpp, line 709]
Event: 0.310 Thread 0x0000000004cb3800 Exception <a 'sun/nio/fs/WindowsException'> (0x00000000d6630970) thrown at [C:\re\workspace\8-2-build-windows-amd64-cygwin\jdk8u131\8869\hotspot\src\share\vm\prims\jni.cpp, line 709]

Events (10 events):
Event: 0.325 loading class org/lwjgl/system/jni/JNINativeInterface
Event: 0.325 loading class org/lwjgl/system/jni/JNINativeInterface done
Event: 0.326 loading class org/lwjgl/system/windows/WinBase
Event: 0.326 loading class org/lwjgl/system/windows/WinBase done
Event: 0.328 loading class org/lwjgl/opengl/GL$1
Event: 0.328 loading class org/lwjgl/opengl/GL$1 done
Event: 0.328 loading class org/lwjgl/opengl/GL$SharedLibraryGL
Event: 0.328 loading class org/lwjgl/opengl/GL$SharedLibraryGL done
Event: 0.329 loading class org/lwjgl/system/SharedLibrary$Delegate
Event: 0.329 loading class org/lwjgl/system/SharedLibrary$Delegate done


Dynamic libraries:
0x00007ff76a4c0000 - 0x00007ff76a4f7000 	C:\Program Files\Java\jdk1.8.0_131\bin\javaw.exe
0x00007ffc19390000 - 0x00007ffc19570000 	C:\WINDOWS\SYSTEM32\ntdll.dll
0x00007ffc18930000 - 0x00007ffc189de000 	C:\WINDOWS\System32\KERNEL32.DLL
0x00007ffc16310000 - 0x00007ffc16576000 	C:\WINDOWS\System32\KERNELBASE.dll
0x00007ffc18f80000 - 0x00007ffc19021000 	C:\WINDOWS\System32\ADVAPI32.dll
0x00007ffc19030000 - 0x00007ffc190cd000 	C:\WINDOWS\System32\msvcrt.dll
0x00007ffc192e0000 - 0x00007ffc1933b000 	C:\WINDOWS\System32\sechost.dll
0x00007ffc16860000 - 0x00007ffc1697f000 	C:\WINDOWS\System32\RPCRT4.dll
0x00007ffc16980000 - 0x00007ffc16b0f000 	C:\WINDOWS\System32\USER32.dll
0x00007ffc16580000 - 0x00007ffc165a0000 	C:\WINDOWS\System32\win32u.dll
0x00007ffc189e0000 - 0x00007ffc18a08000 	C:\WINDOWS\System32\GDI32.dll
0x00007ffc16620000 - 0x00007ffc167b3000 	C:\WINDOWS\System32\gdi32full.dll
0x00007ffc167c0000 - 0x00007ffc1685b000 	C:\WINDOWS\System32\msvcp_win.dll
0x00007ffc16210000 - 0x00007ffc16306000 	C:\WINDOWS\System32\ucrtbase.dll
0x00007ffc08da0000 - 0x00007ffc09009000 	C:\WINDOWS\WinSxS\amd64_microsoft.windows.common-controls_6595b64144ccf1df_6.0.16299.371_none_15c7d1789365a290\COMCTL32.dll
0x00007ffc16db0000 - 0x00007ffc170b8000 	C:\WINDOWS\System32\combase.dll
0x00007ffc165a0000 - 0x00007ffc16612000 	C:\WINDOWS\System32\bcryptPrimitives.dll
0x00007ffc16bf0000 - 0x00007ffc16c1d000 	C:\WINDOWS\System32\IMM32.DLL
0x0000000051af0000 - 0x0000000051bc2000 	C:\Program Files\Java\jdk1.8.0_131\jre\bin\msvcr100.dll
0x0000000051f00000 - 0x000000005279c000 	C:\Program Files\Java\jdk1.8.0_131\jre\bin\server\jvm.dll
0x00007ffc16b10000 - 0x00007ffc16b18000 	C:\WINDOWS\System32\PSAPI.DLL
0x00007ffc08630000 - 0x00007ffc08639000 	C:\WINDOWS\SYSTEM32\WSOCK32.dll
0x00007ffc09050000 - 0x00007ffc0905a000 	C:\WINDOWS\SYSTEM32\VERSION.dll
0x00007ffc115b0000 - 0x00007ffc115d3000 	C:\WINDOWS\SYSTEM32\WINMM.dll
0x00007ffc16d30000 - 0x00007ffc16d9c000 	C:\WINDOWS\System32\WS2_32.dll
0x00007ffc11550000 - 0x00007ffc1157a000 	C:\WINDOWS\SYSTEM32\winmmbase.dll
0x00007ffc15790000 - 0x00007ffc157da000 	C:\WINDOWS\System32\cfgmgr32.dll
0x0000000052a30000 - 0x0000000052a3f000 	C:\Program Files\Java\jdk1.8.0_131\jre\bin\verify.dll
0x0000000052a00000 - 0x0000000052a29000 	C:\Program Files\Java\jdk1.8.0_131\jre\bin\java.dll
0x00000000529e0000 - 0x00000000529f6000 	C:\Program Files\Java\jdk1.8.0_131\jre\bin\zip.dll
0x00007ffc17230000 - 0x00007ffc18666000 	C:\WINDOWS\System32\SHELL32.dll
0x00007ffc17120000 - 0x00007ffc171c6000 	C:\WINDOWS\System32\shcore.dll
0x00007ffc15ac0000 - 0x00007ffc16207000 	C:\WINDOWS\System32\windows.storage.dll
0x00007ffc171d0000 - 0x00007ffc17221000 	C:\WINDOWS\System32\shlwapi.dll
0x00007ffc15700000 - 0x00007ffc15711000 	C:\WINDOWS\System32\kernel.appcore.dll
0x00007ffc15720000 - 0x00007ffc1576c000 	C:\WINDOWS\System32\powrprof.dll
0x00007ffc156e0000 - 0x00007ffc156fb000 	C:\WINDOWS\System32\profapi.dll
0x0000000051950000 - 0x0000000051ae8000 	C:\Program Files\Java\jdk1.8.0_131\jre\bin\awt.dll
0x00007ffc16b20000 - 0x00007ffc16be5000 	C:\WINDOWS\System32\OLEAUT32.dll
0x00007ffc136b0000 - 0x00007ffc13738000 	C:\WINDOWS\SYSTEM32\apphelp.dll
0x00007ffc13930000 - 0x00007ffc139c5000 	C:\WINDOWS\system32\uxtheme.dll
0x00007ffc187c0000 - 0x00007ffc18927000 	C:\WINDOWS\System32\MSCTF.dll
0x00007ffc13c20000 - 0x00007ffc13c4a000 	C:\WINDOWS\system32\dwmapi.dll
0x00007ffc18670000 - 0x00007ffc187b9000 	C:\WINDOWS\System32\ole32.dll
0x0000000051ee0000 - 0x0000000051efa000 	C:\Program Files\Java\jdk1.8.0_131\jre\bin\net.dll
0x00007ffc14f70000 - 0x00007ffc14fd6000 	C:\WINDOWS\system32\mswsock.dll
0x0000000051ec0000 - 0x0000000051ed1000 	C:\Program Files\Java\jdk1.8.0_131\jre\bin\nio.dll
0x00007ffbec670000 - 0x00007ffbec6cb000 	C:\Users\Ethan Vrhel\AppData\Local\Temp\lwjglEthan Vrhel\3.1.6-build-14\lwjgl.dll
0x00007ffbec7b0000 - 0x00007ffbec80f000 	C:\Users\Ethan Vrhel\AppData\Local\Temp\lwjglEthan Vrhel\3.1.6-build-14\lwjgl_opengl.dll
0x00007ffc07a60000 - 0x00007ffc07b7e000 	C:\WINDOWS\SYSTEM32\opengl32.dll
0x00007ffc093f0000 - 0x00007ffc0941c000 	C:\WINDOWS\SYSTEM32\GLU32.dll
0x00007ffc14440000 - 0x00007ffc14608000 	C:\WINDOWS\SYSTEM32\dbghelp.dll

VM Arguments:
jvm_args: -Dfile.encoding=Cp1252 
java_command: org.vrhel.graphics.TestMain
java_class_path (initial): C:\Program Files\Java\jdk1.8.0_131\jre\lib\resources.jar;C:\Program Files\Java\jdk1.8.0_131\jre\lib\rt.jar;C:\Program Files\Java\jdk1.8.0_131\jre\lib\jsse.jar;C:\Program Files\Java\jdk1.8.0_131\jre\lib\jce.jar;C:\Program Files\Java\jdk1.8.0_131\jre\lib\charsets.jar;C:\Program Files\Java\jdk1.8.0_131\jre\lib\jfr.jar;C:\Program Files\Java\jdk1.8.0_131\jre\lib\ext\access-bridge-64.jar;C:\Program Files\Java\jdk1.8.0_131\jre\lib\ext\cldrdata.jar;C:\Program Files\Java\jdk1.8.0_131\jre\lib\ext\dnsns.jar;C:\Program Files\Java\jdk1.8.0_131\jre\lib\ext\jaccess.jar;C:\Program Files\Java\jdk1.8.0_131\jre\lib\ext\jfxrt.jar;C:\Program Files\Java\jdk1.8.0_131\jre\lib\ext\localedata.jar;C:\Program Files\Java\jdk1.8.0_131\jre\lib\ext\nashorn.jar;C:\Program Files\Java\jdk1.8.0_131\jre\lib\ext\sunec.jar;C:\Program Files\Java\jdk1.8.0_131\jre\lib\ext\sunjce_provider.jar;C:\Program Files\Java\jdk1.8.0_131\jre\lib\ext\sunmscapi.jar;C:\Program Files\Java\jdk1.8.0_131\jre\lib\ext\sunpkcs11.jar;C:\Program Files\Java\jdk1.8.0_131\jre\lib\ext\zipfs.jar;C:\Users\Ethan Vrhel\Desktop\Chat\GraphicsEngine\bin;C:\Users\Ethan Vrhel\Desktop\lwjgl-stable-2018-02-09-custom\lwjgl.jar;C:\Users\Ethan Vrhel\Desktop\lwjgl-stable-2018-02-09-custom\lwjgl-assimp.jar;C:\Users\Ethan Vrhel\Desktop\lwjgl-stable-2018-02-09-custom\lwjgl-assimp-natives-windows.jar;C:\Users\Ethan Vrhel\Desktop\lwjgl-stable-2018-02-09-custom\lwjgl-bgfx.jar;C:\Users\Ethan Vrhel\Desktop\lwjgl-stable-2018-02-09-custom\lwjgl-bgfx-natives-windows.jar;C:\Users\Ethan Vrhel\Desktop\lwjgl-stable-2018-02-09-custom\lwjgl-egl.jar;C:\Users\Ethan Vrhel\Desktop\lwjgl-stable-2018-02-09-custom\lwjgl-glfw.jar;C:\Users\Ethan Vrhel\Desktop\lwjgl-stable-2018-02-09-custom\lwjgl-glfw-natives-windows.jar;C:\Users\Ethan Vrhel\Desktop\lwjgl-stable-2018-02-09-custom\lwjgl-jawt.jar;C:\Users\Ethan Vrhel\Desktop\lwjgl-stable-2018-02-09-custom\lwjgl-jemalloc.jar;C:\Users\Ethan Vrhel\Desktop\lwjgl-stable-2018-02-09-custom\lwjgl-jemalloc-n
Launcher Type: SUN_STANDARD

Environment Variables:
PATH=C:/Program Files/Java/jdk1.8.0_131/jre/bin/server;C:/Program Files/Java/jdk1.8.0_131/jre/bin;C:/Program Files/Java/jdk1.8.0_131/jre/lib/amd64;C:\Program Files (x86)\NVIDIA Corporation\PhysX\Common;C:\ProgramData\Oracle\Java\javapath;C:\Program Files\Microsoft MPI\Bin\;C:\Program Files (x86)\Intel\iCLS Client\;C:\Program Files\Intel\iCLS Client\;C:\WINDOWS\system32;C:\WINDOWS;C:\WINDOWS\System32\Wbem;C:\WINDOWS\System32\WindowsPowerShell\v1.0\;C:\Program Files (x86)\Intel\Intel(R) Management Engine Components\DAL;C:\Program Files\Intel\Intel(R) Management Engine Components\DAL;C:\Program Files (x86)\Intel\Intel(R) Management Engine Components\IPT;C:\Program Files\Intel\Intel(R) Management Engine Components\IPT;C:\Program Files\Microsoft SQL Server\130\Tools\Binn\;C:\Program Files\dotnet\;C:\Program Files\Anaconda3;C:\Program Files\Anaconda3\Scripts;C:\Program Files\Anaconda3\Library\bin;C:\Program Files\Git\cmd;C:\Program Files (x86)\GtkSharp\2.12\bin;C:\Program Files (x86)\JexePack;C:\Program Files (x86)\Skype\Phone\;C:\Program Files\TortoiseGit\bin;C:\Users\Ethan Vrhel\AppData\Local\Microsoft\WindowsApps;C:\Users\Ethan Vrhel\AppData\Local\GitHubDesktop\bin;C:\WINDOWS\system32;
USERNAME=Ethan Vrhel
OS=Windows_NT
PROCESSOR_IDENTIFIER=Intel64 Family 6 Model 142 Stepping 9, GenuineIntel



---------------  S Y S T E M  ---------------

OS: Windows 10.0 , 64 bit Build 16299 (10.0.16299.15)

CPU:total 4 (initial active 4) (2 cores per cpu, 2 threads per core) family 6 model 142 stepping 9, cmov, cx8, fxsr, mmx, sse, sse2, sse3, ssse3, sse4.1, sse4.2, popcnt, avx, avx2, aes, clmul, erms, 3dnowpref, lzcnt, ht, tsc, tscinvbit, bmi1, bmi2, adx

Memory: 4k page, physical 8270900k(2895852k free), swap 11285556k(1453492k free)

vm_info: Java HotSpot(TM) 64-Bit Server VM (25.131-b11) for windows-amd64 JRE (1.8.0_131-b11), built on Mar 15 2017 01:23:53 by "java_re" with MS VC++ 10.0 (VS2010)

time: Fri Apr 20 12:37:50 2018
elapsed time: 0 seconds (0d 0h 0m 0s)

