#
# A fatal error has been detected by the Java Runtime Environment:
#
#  EXCEPTION_ACCESS_VIOLATION (0xc0000005) at pc=0x00007ffa35f71b95, pid=7064, tid=0x0000000000003a0c
#
# JRE version: Java(TM) SE Runtime Environment (8.0_131-b11) (build 1.8.0_131-b11)
# Java VM: Java HotSpot(TM) 64-Bit Server VM (25.131-b11 mixed mode windows-amd64 compressed oops)
# Problematic frame:
# C  [glfw.dll+0x1b95]
#
# Failed to write core dump. Minidumps are not enabled by default on client versions of Windows
#
# If you would like to submit a bug report, please visit:
#   http://bugreport.java.com/bugreport/crash.jsp
# The crash happened outside the Java Virtual Machine in native code.
# See problematic frame for where to report the bug.
#

---------------  T H R E A D  ---------------

Current thread (0x000000001948f800):  JavaThread "Thread-1" [_thread_in_native, id=14860, stack(0x000000001ace0000,0x000000001ade0000)]

siginfo: ExceptionCode=0xc0000005, reading address 0x00000000000001f1

Registers:
RAX=0x00007ffa3cd81f80, RBX=0x0000000017396798, RCX=0x0000000000000001, RDX=0x000000001addee28
RSP=0x000000001added88, RBP=0x000000001addee18, RSI=0x0000000000000108, RDI=0x0000000000000ddf
R8 =0x00007ffa35f71b80, R9 =0x0000000000000001, R10=0x0000000002c37f48, R11=0x0000000055febd80
R12=0x0000000000000000, R13=0x0000000017396798, R14=0x000000001addee50, R15=0x000000001948f800
RIP=0x00007ffa35f71b95, EFLAGS=0x0000000000010202

Top of Stack: (sp=0x000000001added88)
0x000000001added88:   0000000002c37f74 0000000000000000
0x000000001added98:   00000001000c90e0 00000001000c90e0
0x000000001addeda8:   000000001948f800 000000001738b028
0x000000001addedb8:   000000001948f800 0000006c00000019
0x000000001addedc8:   000000001738b028 000000001948f800
0x000000001addedd8:   000000001addedd8 0000000000000000
0x000000001addede8:   000000001addee50 00000000173bc370
0x000000001addedf8:   0000000000000000 0000000017396798
0x000000001addee08:   0000000000000000 000000001addee38
0x000000001addee18:   000000001addee98 0000000002c2835d
0x000000001addee28:   00000000d65b7718 0000000002c319d8
0x000000001addee38:   0000000000000001 0000000002c27e70
0x000000001addee48:   00007ffa35f71b80 0000000000000001
0x000000001addee58:   000000001addee58 0000000017370461
0x000000001addee68:   000000001addeec0 0000000017373cc8
0x000000001addee78:   0000000000000000 0000000017370490 

Instructions: (pc=0x00007ffa35f71b95)
0x00007ffa35f71b75:   cc cc cc cc cc cc cc cc cc cc cc 83 3d 49 69 04
0x00007ffa35f71b85:   00 00 75 0c 33 d2 b9 01 00 01 00 e9 eb 00 00 00
0x00007ffa35f71b95:   83 b9 f0 01 00 00 00 75 11 48 8d 15 ab 4e 02 00
0x00007ffa35f71ba5:   b9 0a 00 01 00 e9 d1 00 00 00 48 ff a1 40 02 00 


Register to memory mapping:

RAX=0x00007ffa3cd81f80 is an unknown value
RBX={method} {0x00000000173967a0} 'invokePV' '(JJ)V' in 'org/lwjgl/system/JNI'
RCX=0x0000000000000001 is an unknown value
RDX=0x000000001addee28 is pointing into the stack for thread: 0x000000001948f800
RSP=0x000000001added88 is pointing into the stack for thread: 0x000000001948f800
RBP=0x000000001addee18 is pointing into the stack for thread: 0x000000001948f800
RSI=0x0000000000000108 is an unknown value
RDI=0x0000000000000ddf is an unknown value
R8 =0x00007ffa35f71b80 is an unknown value
R9 =0x0000000000000001 is an unknown value
R10=0x0000000002c37f48 is at code_begin+840 in an Interpreter codelet
method entry point (kind = native)  [0x0000000002c37c00, 0x0000000002c38560]  2400 bytes
R11=0x0000000055febd80 is an unknown value
R12=0x0000000000000000 is an unknown value
R13={method} {0x00000000173967a0} 'invokePV' '(JJ)V' in 'org/lwjgl/system/JNI'
R14=0x000000001addee50 is pointing into the stack for thread: 0x000000001948f800
R15=0x000000001948f800 is a thread


Stack: [0x000000001ace0000,0x000000001ade0000],  sp=0x000000001added88,  free space=1019k
Native frames: (J=compiled Java code, j=interpreted, Vv=VM code, C=native code)
C  [glfw.dll+0x1b95]

Java frames: (J=compiled Java code, j=interpreted, Vv=VM code)
j  org.lwjgl.system.JNI.invokePV(JJ)V+0
j  org.lwjgl.glfw.GLFW.glfwSwapBuffers(J)V+17
j  org.vrhel.graphics.TextureBuffer.<init>(III)V+197
j  org.vrhel.graphics.TextureBufferHandler.genBuffer(III)I+7
j  org.vrhel.graphics.TestMain.onInit()V+204
j  org.vrhel.graphics.GraphicsWindow.loop()V+68
j  org.vrhel.graphics.GraphicsWindow.run()V+27
j  java.lang.Thread.run()V+11
v  ~StubRoutines::call_stub

---------------  P R O C E S S  ---------------

Java Threads: ( => current thread )
=>0x000000001948f800 JavaThread "Thread-1" [_thread_in_native, id=14860, stack(0x000000001ace0000,0x000000001ade0000)]
  0x0000000019428800 JavaThread "AWT-Windows" daemon [_thread_in_native, id=4248, stack(0x00000000199e0000,0x0000000019ae0000)]
  0x0000000019425800 JavaThread "AWT-Shutdown" [_thread_blocked, id=11656, stack(0x00000000198e0000,0x00000000199e0000)]
  0x0000000019423800 JavaThread "Java2D Disposer" daemon [_thread_blocked, id=20412, stack(0x00000000197e0000,0x00000000198e0000)]
  0x00000000177ad800 JavaThread "Service Thread" daemon [_thread_blocked, id=5252, stack(0x00000000194a0000,0x00000000195a0000)]
  0x0000000017762800 JavaThread "C1 CompilerThread2" daemon [_thread_blocked, id=16404, stack(0x0000000018fa0000,0x00000000190a0000)]
  0x0000000017751000 JavaThread "C2 CompilerThread1" daemon [_thread_blocked, id=20660, stack(0x0000000018ea0000,0x0000000018fa0000)]
  0x000000001774e000 JavaThread "C2 CompilerThread0" daemon [_thread_blocked, id=4308, stack(0x0000000018da0000,0x0000000018ea0000)]
  0x000000001774c800 JavaThread "Attach Listener" daemon [_thread_blocked, id=1856, stack(0x0000000018ca0000,0x0000000018da0000)]
  0x000000001774b000 JavaThread "Signal Dispatcher" daemon [_thread_blocked, id=1176, stack(0x0000000018ba0000,0x0000000018ca0000)]
  0x0000000002b2b800 JavaThread "Finalizer" daemon [_thread_blocked, id=1336, stack(0x00000000189b0000,0x0000000018ab0000)]
  0x0000000002b20000 JavaThread "Reference Handler" daemon [_thread_blocked, id=15236, stack(0x00000000188b0000,0x00000000189b0000)]
  0x0000000002a32800 JavaThread "main" [_thread_blocked, id=19608, stack(0x0000000002900000,0x0000000002a00000)]

Other Threads:
  0x0000000017717800 VMThread [stack: 0x00000000187b0000,0x00000000188b0000] [id=9384]
  0x00000000190ff800 WatcherThread [stack: 0x00000000195a0000,0x00000000196a0000] [id=20816]

VM state:not at safepoint (normal execution)

VM Mutex/Monitor currently owned by a thread: None

Heap:
 PSYoungGen      total 38400K, used 26480K [0x00000000d5f00000, 0x00000000d8980000, 0x0000000100000000)
  eden space 33280K, 79% used [0x00000000d5f00000,0x00000000d78dc3a0,0x00000000d7f80000)
  from space 5120K, 0% used [0x00000000d8480000,0x00000000d8480000,0x00000000d8980000)
  to   space 5120K, 0% used [0x00000000d7f80000,0x00000000d7f80000,0x00000000d8480000)
 ParOldGen       total 87552K, used 0K [0x0000000081c00000, 0x0000000087180000, 0x00000000d5f00000)
  object space 87552K, 0% used [0x0000000081c00000,0x0000000081c00000,0x0000000087180000)
 Metaspace       used 10532K, capacity 10759K, committed 11136K, reserved 1058816K
  class space    used 942K, capacity 1042K, committed 1152K, reserved 1048576K

Card table byte_map: [0x0000000011fe0000,0x00000000123e0000] byte_map_base: 0x0000000011bd2000

Marking Bits: (ParMarkBitMap*) 0x00000000565dc720
 Begin Bits: [0x0000000012a90000, 0x0000000014a20000)
 End Bits:   [0x0000000014a20000, 0x00000000169b0000)

Polling page: 0x0000000000b30000

CodeCache: size=245760Kb used=2911Kb max_used=2917Kb free=242848Kb
 bounds [0x0000000002c20000, 0x0000000002f00000, 0x0000000011c20000]
 total_blobs=1566 nmethods=679 adapters=800
 compilation: enabled

Compilation events (10 events):
Event: 0.592 Thread 0x0000000017762800  675       3       java.nio.ByteBuffer::arrayOffset (35 bytes)
Event: 0.592 Thread 0x0000000017762800 nmethod 675 0x0000000002ef4cd0 code [0x0000000002ef4e60, 0x0000000002ef5178]
Event: 0.593 Thread 0x0000000017762800  677       3       java.lang.invoke.MethodTypeForm::canonicalizeAll (66 bytes)
Event: 0.593 Thread 0x0000000017751000  678       4       jdk.internal.org.objectweb.asm.Item::set (143 bytes)
Event: 0.593 Thread 0x0000000017762800 nmethod 677 0x0000000002ef4290 code [0x0000000002ef4440, 0x0000000002ef4a78]
Event: 0.593 Thread 0x0000000017762800  676       3       java.lang.invoke.MethodType::checkRtype (6 bytes)
Event: 0.593 Thread 0x0000000017762800 nmethod 676 0x0000000002ef0010 code [0x0000000002ef0180, 0x0000000002ef0408]
Event: 0.601 Thread 0x0000000017751000 nmethod 678 0x0000000002ef8590 code [0x0000000002ef8820, 0x0000000002ef9038]
Event: 0.603 Thread 0x0000000017762800  679       3       java.nio.CharBuffer::arrayOffset (35 bytes)
Event: 0.603 Thread 0x0000000017762800 nmethod 679 0x0000000002eefa10 code [0x0000000002eefba0, 0x0000000002eefeb8]

GC Heap History (0 events):
No events

Deoptimization events (6 events):
Event: 0.540 Thread 0x000000001948f800 Uncommon trap: reason=unstable_if action=reinterpret pc=0x0000000002edca04 method=java.awt.image.BufferedImage.getRGB(IIII[III)[I @ 163
Event: 0.540 Thread 0x000000001948f800 Uncommon trap: reason=unstable_if action=reinterpret pc=0x0000000002ed09d0 method=org.vrhel.graphics.Texture2D.<init>(Ljava/awt/image/BufferedImage;I)V @ 195
Event: 0.571 Thread 0x000000001948f800 Uncommon trap: reason=class_check action=maybe_recompile pc=0x0000000002ee694c method=java.awt.image.BufferedImage.getRGB(IIII[III)[I @ 205
Event: 0.574 Thread 0x000000001948f800 Uncommon trap: reason=class_check action=maybe_recompile pc=0x0000000002ef101c method=java.awt.image.BufferedImage.getRGB(IIII[III)[I @ 205
Event: 0.574 Thread 0x000000001948f800 Uncommon trap: reason=class_check action=maybe_recompile pc=0x0000000002ef101c method=java.awt.image.BufferedImage.getRGB(IIII[III)[I @ 205
Event: 0.575 Thread 0x000000001948f800 Uncommon trap: reason=class_check action=maybe_recompile pc=0x0000000002ef101c method=java.awt.image.BufferedImage.getRGB(IIII[III)[I @ 205

Internal exceptions (10 events):
Event: 0.082 Thread 0x0000000002a32800 Exception <a 'java/security/PrivilegedActionException'> (0x00000000d604e670) thrown at [C:\re\workspace\8-2-build-windows-amd64-cygwin\jdk8u131\8869\hotspot\src\share\vm\prims\jvm.cpp, line 1390]
Event: 0.082 Thread 0x0000000002a32800 Exception <a 'java/security/PrivilegedActionException'> (0x00000000d604e880) thrown at [C:\re\workspace\8-2-build-windows-amd64-cygwin\jdk8u131\8869\hotspot\src\share\vm\prims\jvm.cpp, line 1390]
Event: 0.082 Thread 0x0000000002a32800 Exception <a 'java/security/PrivilegedActionException'> (0x00000000d6052790) thrown at [C:\re\workspace\8-2-build-windows-amd64-cygwin\jdk8u131\8869\hotspot\src\share\vm\prims\jvm.cpp, line 1390]
Event: 0.082 Thread 0x0000000002a32800 Exception <a 'java/security/PrivilegedActionException'> (0x00000000d60529a0) thrown at [C:\re\workspace\8-2-build-windows-amd64-cygwin\jdk8u131\8869\hotspot\src\share\vm\prims\jvm.cpp, line 1390]
Event: 0.086 Thread 0x0000000002a32800 Exception <a 'java/io/FileNotFoundException'> (0x00000000d6054e60) thrown at [C:\re\workspace\8-2-build-windows-amd64-cygwin\jdk8u131\8869\hotspot\src\share\vm\prims\jni.cpp, line 709]
Event: 0.109 Thread 0x0000000002a32800 Exception <a 'java/lang/NoSuchFieldError': method resolution failed> (0x00000000d6122268) thrown at [C:\re\workspace\8-2-build-windows-amd64-cygwin\jdk8u131\8869\hotspot\src\share\vm\prims\methodHandles.cpp, line 1146]
Event: 0.110 Thread 0x0000000002a32800 Exception <a 'java/lang/NoSuchFieldError': method resolution failed> (0x00000000d612f638) thrown at [C:\re\workspace\8-2-build-windows-amd64-cygwin\jdk8u131\8869\hotspot\src\share\vm\prims\methodHandles.cpp, line 1146]
Event: 0.149 Thread 0x0000000002a32800 Exception <a 'java/lang/NoSuchMethodError': java.lang.Object.lambda$static$0(Ljava/lang/String;)Ljava/lang/Boolean;> (0x00000000d6210948) thrown at [C:\re\workspace\8-2-build-windows-amd64-cygwin\jdk8u131\8869\hotspot\src\share\vm\interpreter\linkResolver
Event: 0.305 Thread 0x000000001948f800 Exception <a 'sun/nio/fs/WindowsException'> (0x00000000d661e498) thrown at [C:\re\workspace\8-2-build-windows-amd64-cygwin\jdk8u131\8869\hotspot\src\share\vm\prims\jni.cpp, line 709]
Event: 0.305 Thread 0x000000001948f800 Exception <a 'sun/nio/fs/WindowsException'> (0x00000000d661ecd8) thrown at [C:\re\workspace\8-2-build-windows-amd64-cygwin\jdk8u131\8869\hotspot\src\share\vm\prims\jni.cpp, line 709]

Events (10 events):
Event: 0.601 loading class org/vrhel/graphics/Buffer
Event: 0.601 loading class org/vrhel/graphics/Buffer done
Event: 0.601 loading class org/vrhel/graphics/AbstractBuffer
Event: 0.601 loading class org/vrhel/graphics/AbstractBuffer done
Event: 0.601 loading class org/vrhel/graphics/FrameBuffer
Event: 0.601 loading class org/vrhel/graphics/FrameBuffer done
Event: 0.602 loading class org/vrhel/graphics/RenderBuffer
Event: 0.602 loading class org/vrhel/graphics/RenderBuffer done
Event: 0.602 loading class org/vrhel/graphics/TextureBuffer
Event: 0.602 loading class org/vrhel/graphics/TextureBuffer done


Dynamic libraries:
0x00007ff691fa0000 - 0x00007ff691fd7000 	C:\Program Files\Java\jdk1.8.0_131\bin\javaw.exe
0x00007ffa585c0000 - 0x00007ffa587a1000 	C:\WINDOWS\SYSTEM32\ntdll.dll
0x00007ffa55b40000 - 0x00007ffa55bf2000 	C:\WINDOWS\System32\KERNEL32.DLL
0x00007ffa54de0000 - 0x00007ffa55053000 	C:\WINDOWS\System32\KERNELBASE.dll
0x00007ffa55a60000 - 0x00007ffa55b01000 	C:\WINDOWS\System32\ADVAPI32.dll
0x00007ffa55d60000 - 0x00007ffa55dfe000 	C:\WINDOWS\System32\msvcrt.dll
0x00007ffa55c00000 - 0x00007ffa55c5b000 	C:\WINDOWS\System32\sechost.dll
0x00007ffa55e90000 - 0x00007ffa55fb4000 	C:\WINDOWS\System32\RPCRT4.dll
0x00007ffa580a0000 - 0x00007ffa58230000 	C:\WINDOWS\System32\USER32.dll
0x00007ffa55840000 - 0x00007ffa55860000 	C:\WINDOWS\System32\win32u.dll
0x00007ffa55b10000 - 0x00007ffa55b38000 	C:\WINDOWS\System32\GDI32.dll
0x00007ffa54c40000 - 0x00007ffa54dd2000 	C:\WINDOWS\System32\gdi32full.dll
0x00007ffa54990000 - 0x00007ffa54a2f000 	C:\WINDOWS\System32\msvcp_win.dll
0x00007ffa54b40000 - 0x00007ffa54c3a000 	C:\WINDOWS\System32\ucrtbase.dll
0x00007ffa4b0d0000 - 0x00007ffa4b339000 	C:\WINDOWS\WinSxS\amd64_microsoft.windows.common-controls_6595b64144ccf1df_6.0.17134.112_none_fb3f961b30681c12\COMCTL32.dll
0x00007ffa57920000 - 0x00007ffa57c43000 	C:\WINDOWS\System32\combase.dll
0x00007ffa557c0000 - 0x00007ffa5583a000 	C:\WINDOWS\System32\bcryptPrimitives.dll
0x00007ffa57880000 - 0x00007ffa578ad000 	C:\WINDOWS\System32\IMM32.DLL
0x00000000558c0000 - 0x0000000055992000 	C:\Program Files\Java\jdk1.8.0_131\jre\bin\msvcr100.dll
0x0000000055dc0000 - 0x000000005665c000 	C:\Program Files\Java\jdk1.8.0_131\jre\bin\server\jvm.dll
0x00007ffa55e60000 - 0x00007ffa55e68000 	C:\WINDOWS\System32\PSAPI.DLL
0x00007ffa43de0000 - 0x00007ffa43de9000 	C:\WINDOWS\SYSTEM32\WSOCK32.dll
0x00007ffa4c860000 - 0x00007ffa4c86a000 	C:\WINDOWS\SYSTEM32\VERSION.dll
0x00007ffa578b0000 - 0x00007ffa5791c000 	C:\WINDOWS\System32\WS2_32.dll
0x00007ffa4a780000 - 0x00007ffa4a7a3000 	C:\WINDOWS\SYSTEM32\WINMM.dll
0x00007ffa4a2b0000 - 0x00007ffa4a2da000 	C:\WINDOWS\SYSTEM32\WINMMBASE.dll
0x00007ffa55770000 - 0x00007ffa557b9000 	C:\WINDOWS\System32\cfgmgr32.dll
0x0000000055cd0000 - 0x0000000055cdf000 	C:\Program Files\Java\jdk1.8.0_131\jre\bin\verify.dll
0x0000000055ca0000 - 0x0000000055cc9000 	C:\Program Files\Java\jdk1.8.0_131\jre\bin\java.dll
0x0000000055c80000 - 0x0000000055c96000 	C:\Program Files\Java\jdk1.8.0_131\jre\bin\zip.dll
0x00007ffa56140000 - 0x00007ffa57580000 	C:\WINDOWS\System32\SHELL32.dll
0x00007ffa577d0000 - 0x00007ffa57879000 	C:\WINDOWS\System32\shcore.dll
0x00007ffa55060000 - 0x00007ffa5576d000 	C:\WINDOWS\System32\windows.storage.dll
0x00007ffa55e00000 - 0x00007ffa55e51000 	C:\WINDOWS\System32\shlwapi.dll
0x00007ffa54930000 - 0x00007ffa54941000 	C:\WINDOWS\System32\kernel.appcore.dll
0x00007ffa54950000 - 0x00007ffa5496f000 	C:\WINDOWS\System32\profapi.dll
0x00007ffa548d0000 - 0x00007ffa5491c000 	C:\WINDOWS\System32\powrprof.dll
0x00007ffa54920000 - 0x00007ffa5492a000 	C:\WINDOWS\System32\FLTLIB.DLL
0x0000000055a50000 - 0x0000000055be8000 	C:\Program Files\Java\jdk1.8.0_131\jre\bin\awt.dll
0x00007ffa58430000 - 0x00007ffa584f2000 	C:\WINDOWS\System32\OLEAUT32.dll
0x00007ffa52040000 - 0x00007ffa520cb000 	C:\WINDOWS\SYSTEM32\apphelp.dll
0x00007ffa52ba0000 - 0x00007ffa52c38000 	C:\WINDOWS\system32\uxtheme.dll
0x00007ffa55fc0000 - 0x00007ffa56135000 	C:\WINDOWS\System32\MSCTF.dll
0x00007ffa52c70000 - 0x00007ffa52c99000 	C:\WINDOWS\system32\dwmapi.dll
0x00007ffa57670000 - 0x00007ffa577c1000 	C:\WINDOWS\System32\ole32.dll
0x0000000055c60000 - 0x0000000055c7a000 	C:\Program Files\Java\jdk1.8.0_131\jre\bin\net.dll
0x00007ffa54150000 - 0x00007ffa541b6000 	C:\WINDOWS\system32\mswsock.dll
0x0000000055c40000 - 0x0000000055c51000 	C:\Program Files\Java\jdk1.8.0_131\jre\bin\nio.dll
0x00007ffa3cd80000 - 0x00007ffa3cddb000 	C:\Users\Ethan Vrhel\AppData\Local\Temp\lwjglEthan Vrhel\3.1.6-build-14\lwjgl.dll
0x00007ffa35f70000 - 0x00007ffa35fc1000 	C:\Users\ETHANV~1\AppData\Local\Temp\lwjglEthan Vrhel\3.1.6-build-14\glfw.dll
0x00007ffa356a0000 - 0x00007ffa356e3000 	C:\WINDOWS\SYSTEM32\dinput8.dll
0x00007ffa4f680000 - 0x00007ffa4f690000 	C:\WINDOWS\SYSTEM32\xinput1_4.dll
0x00007ffa546e0000 - 0x00007ffa54707000 	C:\WINDOWS\SYSTEM32\DEVOBJ.dll
0x00007ffa49680000 - 0x00007ffa496f9000 	C:\WINDOWS\SYSTEM32\inputhost.dll
0x00007ffa50030000 - 0x00007ffa5017d000 	C:\WINDOWS\SYSTEM32\wintypes.dll
0x00007ffa51b00000 - 0x00007ffa51bda000 	C:\WINDOWS\SYSTEM32\CoreMessaging.dll
0x00007ffa49a10000 - 0x00007ffa49d2e000 	C:\WINDOWS\SYSTEM32\CoreUIComponents.dll
0x00007ffa539c0000 - 0x00007ffa539f1000 	C:\WINDOWS\SYSTEM32\ntmarta.dll
0x00007ffa53230000 - 0x00007ffa5323c000 	C:\WINDOWS\SYSTEM32\HID.DLL
0x00007ffa57c50000 - 0x00007ffa5809b000 	C:\WINDOWS\System32\SETUPAPI.DLL
0x00007ffa54a30000 - 0x00007ffa54a87000 	C:\WINDOWS\System32\WINTRUST.dll
0x00007ffa54970000 - 0x00007ffa54982000 	C:\WINDOWS\System32\MSASN1.dll
0x00007ffa55860000 - 0x00007ffa55a42000 	C:\WINDOWS\System32\CRYPT32.dll
0x00007ffa43790000 - 0x00007ffa438b0000 	C:\WINDOWS\SYSTEM32\opengl32.dll
0x00007ffa43230000 - 0x00007ffa4325c000 	C:\WINDOWS\SYSTEM32\GLU32.dll
0x00007ffa08a30000 - 0x00007ffa09909000 	C:\WINDOWS\System32\DriverStore\FileRepository\ki123998.inf_amd64_ba42940b1dcc815f\ig9icd64.dll
0x00007ffa534b0000 - 0x00007ffa534c3000 	C:\WINDOWS\SYSTEM32\WTSAPI32.dll
0x00007ffa53640000 - 0x00007ffa536fb000 	C:\WINDOWS\SYSTEM32\dxgi.dll
0x00007ffa45b40000 - 0x00007ffa47142000 	C:\WINDOWS\System32\DriverStore\FileRepository\ki123998.inf_amd64_ba42940b1dcc815f\igc64.dll
0x00007ffa49700000 - 0x00007ffa49798000 	C:\WINDOWS\System32\TextInputFramework.dll
0x00007ffa2b150000 - 0x00007ffa2b1af000 	C:\Users\Ethan Vrhel\AppData\Local\Temp\lwjglEthan Vrhel\3.1.6-build-14\lwjgl_opengl.dll
0x00007ffa532e0000 - 0x00007ffa534a9000 	C:\WINDOWS\SYSTEM32\dbghelp.dll

VM Arguments:
jvm_args: -Dfile.encoding=Cp1252 
java_command: org.vrhel.graphics.TestMain
java_class_path (initial): C:\Program Files\Java\jdk1.8.0_131\jre\lib\resources.jar;C:\Program Files\Java\jdk1.8.0_131\jre\lib\rt.jar;C:\Program Files\Java\jdk1.8.0_131\jre\lib\jsse.jar;C:\Program Files\Java\jdk1.8.0_131\jre\lib\jce.jar;C:\Program Files\Java\jdk1.8.0_131\jre\lib\charsets.jar;C:\Program Files\Java\jdk1.8.0_131\jre\lib\jfr.jar;C:\Program Files\Java\jdk1.8.0_131\jre\lib\ext\access-bridge-64.jar;C:\Program Files\Java\jdk1.8.0_131\jre\lib\ext\cldrdata.jar;C:\Program Files\Java\jdk1.8.0_131\jre\lib\ext\dnsns.jar;C:\Program Files\Java\jdk1.8.0_131\jre\lib\ext\jaccess.jar;C:\Program Files\Java\jdk1.8.0_131\jre\lib\ext\jfxrt.jar;C:\Program Files\Java\jdk1.8.0_131\jre\lib\ext\localedata.jar;C:\Program Files\Java\jdk1.8.0_131\jre\lib\ext\nashorn.jar;C:\Program Files\Java\jdk1.8.0_131\jre\lib\ext\sunec.jar;C:\Program Files\Java\jdk1.8.0_131\jre\lib\ext\sunjce_provider.jar;C:\Program Files\Java\jdk1.8.0_131\jre\lib\ext\sunmscapi.jar;C:\Program Files\Java\jdk1.8.0_131\jre\lib\ext\sunpkcs11.jar;C:\Program Files\Java\jdk1.8.0_131\jre\lib\ext\zipfs.jar;C:\db\Dropbox\Chat\GraphicsEngine\bin;C:\db\res\joml\joml-1.9.9.jar;C:\db\res\lwjgl\lwjgl.jar;C:\db\res\lwjgl\lwjgl-glfw.jar;C:\db\res\lwjgl\lwjgl-glfw-natives-windows.jar;C:\db\res\lwjgl\lwjgl-opengl.jar;C:\db\res\lwjgl\lwjgl-opengl-natives-windows.jar;C:\db\res\lwjgl\lwjgl-natives-windows.jar
Launcher Type: SUN_STANDARD

Environment Variables:
PATH=C:/Program Files/Java/jdk1.8.0_131/jre/bin/server;C:/Program Files/Java/jdk1.8.0_131/jre/bin;C:/Program Files/Java/jdk1.8.0_131/jre/lib/amd64;C:\Program Files (x86)\Common Files\Oracle\Java\javapath;C:\Program Files (x86)\NVIDIA Corporation\PhysX\Common;C:\ProgramData\Oracle\Java\javapath;C:\Program Files\Microsoft MPI\Bin\;C:\Program Files (x86)\Intel\iCLS Client\;C:\Program Files\Intel\iCLS Client\;C:\WINDOWS\system32;C:\WINDOWS;C:\WINDOWS\System32\Wbem;C:\WINDOWS\System32\WindowsPowerShell\v1.0\;C:\Program Files (x86)\Intel\Intel(R) Management Engine Components\DAL;C:\Program Files\Intel\Intel(R) Management Engine Components\DAL;C:\Program Files (x86)\Intel\Intel(R) Management Engine Components\IPT;C:\Program Files\Intel\Intel(R) Management Engine Components\IPT;C:\Program Files\Microsoft SQL Server\130\Tools\Binn\;C:\Program Files\dotnet\;C:\Program Files\Anaconda3;C:\Program Files\Anaconda3\Scripts;C:\Program Files\Anaconda3\Library\bin;C:\Program Files\Git\cmd;C:\Program Files (x86)\GtkSharp\2.12\bin;C:\Program Files (x86)\JexePack;C:\Program Files (x86)\Skype\Phone\;C:\Program Files\TortoiseGit\bin;C:\WINDOWS\System32\OpenSSH\;C:\Users\Ethan Vrhel\AppData\Local\Programs\Python\Python36-32\Scripts\;C:\Users\Ethan Vrhel\AppData\Local\Programs\Python\Python36-32\;C:\Users\Ethan Vrhel\AppData\Local\Microsoft\WindowsApps;C:\Users\Ethan Vrhel\AppData\Local\GitHubDesktop\bin;%USERPROFILE%\AppData\Local\Microsoft\WindowsApps;;C:\WINDOWS\system32;
USERNAME=Ethan Vrhel
OS=Windows_NT
PROCESSOR_IDENTIFIER=Intel64 Family 6 Model 142 Stepping 9, GenuineIntel



---------------  S Y S T E M  ---------------

OS: Windows 10.0 , 64 bit Build 17134 (10.0.17134.1)

CPU:total 4 (initial active 4) (2 cores per cpu, 2 threads per core) family 6 model 142 stepping 9, cmov, cx8, fxsr, mmx, sse, sse2, sse3, ssse3, sse4.1, sse4.2, popcnt, avx, avx2, aes, clmul, erms, 3dnowpref, lzcnt, ht, tsc, tscinvbit, bmi1, bmi2, adx

Memory: 4k page, physical 8270900k(2709380k free), swap 12130280k(2452776k free)

vm_info: Java HotSpot(TM) 64-Bit Server VM (25.131-b11) for windows-amd64 JRE (1.8.0_131-b11), built on Mar 15 2017 01:23:53 by "java_re" with MS VC++ 10.0 (VS2010)

time: Mon Jul 09 14:25:25 2018
elapsed time: 0 seconds (0d 0h 0m 0s)

